[2021-09-27 15:00:01,755] {taskinstance.py:903} INFO - Dependencies all met for <TaskInstance: my_dag.say_hello 2021-09-27T14:50:00+00:00 [queued]>
[2021-09-27 15:00:01,774] {taskinstance.py:903} INFO - Dependencies all met for <TaskInstance: my_dag.say_hello 2021-09-27T14:50:00+00:00 [queued]>
[2021-09-27 15:00:01,776] {taskinstance.py:1095} INFO - 
--------------------------------------------------------------------------------
[2021-09-27 15:00:01,777] {taskinstance.py:1096} INFO - Starting attempt 1 of 1
[2021-09-27 15:00:01,778] {taskinstance.py:1097} INFO - 
--------------------------------------------------------------------------------
[2021-09-27 15:00:01,788] {taskinstance.py:1115} INFO - Executing <Task(PythonOperator): say_hello> on 2021-09-27T14:50:00+00:00
[2021-09-27 15:00:01,794] {standard_task_runner.py:52} INFO - Started process 17522 to run task
[2021-09-27 15:00:01,798] {standard_task_runner.py:76} INFO - Running: ['***', 'tasks', 'run', 'my_dag', 'say_hello', '2021-09-27T14:50:00+00:00', '--job-id', '68', '--pool', 'default_pool', '--raw', '--subdir', 'DAGS_FOLDER/my_dag.py', '--cfg-path', '/tmp/tmpzunoyu4u', '--error-file', '/tmp/tmpwikadw11']
[2021-09-27 15:00:01,803] {standard_task_runner.py:77} INFO - Job 68: Subtask say_hello
[2021-09-27 15:00:01,872] {logging_mixin.py:109} INFO - Running <TaskInstance: my_dag.say_hello 2021-09-27T14:50:00+00:00 [running]> on host 7c1d2d2abdb5
[2021-09-27 15:00:01,952] {taskinstance.py:1254} INFO - Exporting the following env vars:
AIRFLOW_CTX_DAG_OWNER=Veerawat
AIRFLOW_CTX_DAG_ID=my_dag
AIRFLOW_CTX_TASK_ID=say_hello
AIRFLOW_CTX_EXECUTION_DATE=2021-09-27T14:50:00+00:00
AIRFLOW_CTX_DAG_RUN_ID=scheduled__2021-09-27T14:50:00+00:00
[2021-09-27 15:00:01,953] {my_dag.py:11} INFO - Hello, SAKSIAM
[2021-09-27 15:00:01,954] {python.py:151} INFO - Done. Returned value was: None
[2021-09-27 15:00:01,972] {taskinstance.py:1219} INFO - Marking task as SUCCESS. dag_id=my_dag, task_id=say_hello, execution_date=20210927T145000, start_date=20210927T150001, end_date=20210927T150001
[2021-09-27 15:00:02,014] {local_task_job.py:151} INFO - Task exited with return code 0
[2021-09-27 15:00:02,062] {local_task_job.py:261} INFO - 0 downstream tasks scheduled from follow-on schedule check
