[2021-09-27 17:04:37,868] {taskinstance.py:903} INFO - Dependencies all met for <TaskInstance: my_dag.echo_hello 2021-09-27T16:50:00+00:00 [queued]>
[2021-09-27 17:04:37,945] {taskinstance.py:903} INFO - Dependencies all met for <TaskInstance: my_dag.echo_hello 2021-09-27T16:50:00+00:00 [queued]>
[2021-09-27 17:04:37,947] {taskinstance.py:1095} INFO - 
--------------------------------------------------------------------------------
[2021-09-27 17:04:37,948] {taskinstance.py:1096} INFO - Starting attempt 1 of 1
[2021-09-27 17:04:37,954] {taskinstance.py:1097} INFO - 
--------------------------------------------------------------------------------
[2021-09-27 17:04:38,007] {taskinstance.py:1115} INFO - Executing <Task(BashOperator): echo_hello> on 2021-09-27T16:50:00+00:00
[2021-09-27 17:04:38,016] {standard_task_runner.py:52} INFO - Started process 24516 to run task
[2021-09-27 17:04:38,040] {standard_task_runner.py:76} INFO - Running: ['***', 'tasks', 'run', 'my_dag', 'echo_hello', '2021-09-27T16:50:00+00:00', '--job-id', '82', '--pool', 'default_pool', '--raw', '--subdir', 'DAGS_FOLDER/my_dag.py', '--cfg-path', '/tmp/tmph0pkn4ql', '--error-file', '/tmp/tmpmggnvx98']
[2021-09-27 17:04:38,050] {standard_task_runner.py:77} INFO - Job 82: Subtask echo_hello
[2021-09-27 17:04:38,195] {logging_mixin.py:109} INFO - Running <TaskInstance: my_dag.echo_hello 2021-09-27T16:50:00+00:00 [running]> on host 7c1d2d2abdb5
[2021-09-27 17:04:38,367] {taskinstance.py:1254} INFO - Exporting the following env vars:
AIRFLOW_CTX_DAG_OWNER=Veerawat
AIRFLOW_CTX_DAG_ID=my_dag
AIRFLOW_CTX_TASK_ID=echo_hello
AIRFLOW_CTX_EXECUTION_DATE=2021-09-27T16:50:00+00:00
AIRFLOW_CTX_DAG_RUN_ID=scheduled__2021-09-27T16:50:00+00:00
[2021-09-27 17:04:38,374] {subprocess.py:52} INFO - Tmp dir root location: 
 /tmp
[2021-09-27 17:04:38,378] {subprocess.py:63} INFO - Running command: ['bash', '-c', "echo 'hello'"]
[2021-09-27 17:04:38,410] {subprocess.py:74} INFO - Output:
[2021-09-27 17:04:38,418] {subprocess.py:78} INFO - hello
[2021-09-27 17:04:38,420] {subprocess.py:82} INFO - Command exited with return code 0
[2021-09-27 17:04:38,496] {taskinstance.py:1219} INFO - Marking task as SUCCESS. dag_id=my_dag, task_id=echo_hello, execution_date=20210927T165000, start_date=20210927T170437, end_date=20210927T170438
[2021-09-27 17:04:38,611] {local_task_job.py:151} INFO - Task exited with return code 0
[2021-09-27 17:04:38,665] {local_task_job.py:261} INFO - 0 downstream tasks scheduled from follow-on schedule check
