[2021-09-27 14:08:16,685] {taskinstance.py:903} INFO - Dependencies all met for <TaskInstance: example_complex.delete_entry_group 2021-09-27T14:06:40.788506+00:00 [queued]>
[2021-09-27 14:08:16,698] {taskinstance.py:903} INFO - Dependencies all met for <TaskInstance: example_complex.delete_entry_group 2021-09-27T14:06:40.788506+00:00 [queued]>
[2021-09-27 14:08:16,699] {taskinstance.py:1095} INFO - 
--------------------------------------------------------------------------------
[2021-09-27 14:08:16,700] {taskinstance.py:1096} INFO - Starting attempt 1 of 1
[2021-09-27 14:08:16,700] {taskinstance.py:1097} INFO - 
--------------------------------------------------------------------------------
[2021-09-27 14:08:16,718] {taskinstance.py:1115} INFO - Executing <Task(BashOperator): delete_entry_group> on 2021-09-27T14:06:40.788506+00:00
[2021-09-27 14:08:16,722] {standard_task_runner.py:52} INFO - Started process 2329 to run task
[2021-09-27 14:08:16,726] {standard_task_runner.py:76} INFO - Running: ['***', 'tasks', 'run', 'example_complex', 'delete_entry_group', '2021-09-27T14:06:40.788506+00:00', '--job-id', '38', '--pool', 'default_pool', '--raw', '--subdir', '/home/***/.local/lib/python3.6/site-packages/***/example_dags/example_complex.py', '--cfg-path', '/tmp/tmpbbgh9685', '--error-file', '/tmp/tmpv5mpbgtq']
[2021-09-27 14:08:16,729] {standard_task_runner.py:77} INFO - Job 38: Subtask delete_entry_group
[2021-09-27 14:08:16,791] {logging_mixin.py:109} INFO - Running <TaskInstance: example_complex.delete_entry_group 2021-09-27T14:06:40.788506+00:00 [running]> on host 77d12c45e78e
[2021-09-27 14:08:16,863] {taskinstance.py:1254} INFO - Exporting the following env vars:
AIRFLOW_CTX_DAG_OWNER=***
AIRFLOW_CTX_DAG_ID=example_complex
AIRFLOW_CTX_TASK_ID=delete_entry_group
AIRFLOW_CTX_EXECUTION_DATE=2021-09-27T14:06:40.788506+00:00
AIRFLOW_CTX_DAG_RUN_ID=manual__2021-09-27T14:06:40.788506+00:00
[2021-09-27 14:08:16,865] {subprocess.py:52} INFO - Tmp dir root location: 
 /tmp
[2021-09-27 14:08:16,866] {subprocess.py:63} INFO - Running command: ['bash', '-c', 'echo delete_entry_group']
[2021-09-27 14:08:16,874] {subprocess.py:74} INFO - Output:
[2021-09-27 14:08:16,876] {subprocess.py:78} INFO - delete_entry_group
[2021-09-27 14:08:16,877] {subprocess.py:82} INFO - Command exited with return code 0
[2021-09-27 14:08:16,918] {taskinstance.py:1219} INFO - Marking task as SUCCESS. dag_id=example_complex, task_id=delete_entry_group, execution_date=20210927T140640, start_date=20210927T140816, end_date=20210927T140816
[2021-09-27 14:08:16,943] {local_task_job.py:151} INFO - Task exited with return code 0
[2021-09-27 14:08:16,979] {local_task_job.py:261} INFO - 1 downstream tasks scheduled from follow-on schedule check
