[2021-09-27 16:04:27,950] {taskinstance.py:903} INFO - Dependencies all met for <TaskInstance: my_dag.echo_hello 2021-09-27T15:30:00+00:00 [queued]>
[2021-09-27 16:04:27,987] {taskinstance.py:903} INFO - Dependencies all met for <TaskInstance: my_dag.echo_hello 2021-09-27T15:30:00+00:00 [queued]>
[2021-09-27 16:04:27,995] {taskinstance.py:1095} INFO - 
--------------------------------------------------------------------------------
[2021-09-27 16:04:27,997] {taskinstance.py:1096} INFO - Starting attempt 1 of 1
[2021-09-27 16:04:27,998] {taskinstance.py:1097} INFO - 
--------------------------------------------------------------------------------
[2021-09-27 16:04:28,026] {taskinstance.py:1115} INFO - Executing <Task(BashOperator): echo_hello> on 2021-09-27T15:30:00+00:00
[2021-09-27 16:04:28,039] {standard_task_runner.py:52} INFO - Started process 24099 to run task
[2021-09-27 16:04:28,054] {standard_task_runner.py:76} INFO - Running: ['***', 'tasks', 'run', 'my_dag', 'echo_hello', '2021-09-27T15:30:00+00:00', '--job-id', '74', '--pool', 'default_pool', '--raw', '--subdir', 'DAGS_FOLDER/my_dag.py', '--cfg-path', '/tmp/tmpzm6todbw', '--error-file', '/tmp/tmp9b00aajy']
[2021-09-27 16:04:28,067] {standard_task_runner.py:77} INFO - Job 74: Subtask echo_hello
[2021-09-27 16:04:28,175] {logging_mixin.py:109} INFO - Running <TaskInstance: my_dag.echo_hello 2021-09-27T15:30:00+00:00 [running]> on host 7c1d2d2abdb5
[2021-09-27 16:04:28,347] {taskinstance.py:1254} INFO - Exporting the following env vars:
AIRFLOW_CTX_DAG_OWNER=Veerawat
AIRFLOW_CTX_DAG_ID=my_dag
AIRFLOW_CTX_TASK_ID=echo_hello
AIRFLOW_CTX_EXECUTION_DATE=2021-09-27T15:30:00+00:00
AIRFLOW_CTX_DAG_RUN_ID=scheduled__2021-09-27T15:30:00+00:00
[2021-09-27 16:04:28,350] {subprocess.py:52} INFO - Tmp dir root location: 
 /tmp
[2021-09-27 16:04:28,352] {subprocess.py:63} INFO - Running command: ['bash', '-c', "echo 'hello'"]
[2021-09-27 16:04:28,410] {subprocess.py:74} INFO - Output:
[2021-09-27 16:04:28,418] {subprocess.py:78} INFO - hello
[2021-09-27 16:04:28,421] {subprocess.py:82} INFO - Command exited with return code 0
[2021-09-27 16:04:28,514] {taskinstance.py:1219} INFO - Marking task as SUCCESS. dag_id=my_dag, task_id=echo_hello, execution_date=20210927T153000, start_date=20210927T160427, end_date=20210927T160428
[2021-09-27 16:04:28,605] {local_task_job.py:151} INFO - Task exited with return code 0
[2021-09-27 16:04:28,691] {local_task_job.py:261} INFO - 0 downstream tasks scheduled from follow-on schedule check
