[2021-09-27 14:37:34,076] {taskinstance.py:903} INFO - Dependencies all met for <TaskInstance: my_dag.echo_hello 2021-09-27T14:37:31.052963+00:00 [queued]>
[2021-09-27 14:37:34,108] {taskinstance.py:903} INFO - Dependencies all met for <TaskInstance: my_dag.echo_hello 2021-09-27T14:37:31.052963+00:00 [queued]>
[2021-09-27 14:37:34,110] {taskinstance.py:1095} INFO - 
--------------------------------------------------------------------------------
[2021-09-27 14:37:34,111] {taskinstance.py:1096} INFO - Starting attempt 1 of 1
[2021-09-27 14:37:34,113] {taskinstance.py:1097} INFO - 
--------------------------------------------------------------------------------
[2021-09-27 14:37:34,126] {taskinstance.py:1115} INFO - Executing <Task(BashOperator): echo_hello> on 2021-09-27T14:37:31.052963+00:00
[2021-09-27 14:37:34,142] {standard_task_runner.py:52} INFO - Started process 9194 to run task
[2021-09-27 14:37:34,147] {standard_task_runner.py:76} INFO - Running: ['***', 'tasks', 'run', 'my_dag', 'echo_hello', '2021-09-27T14:37:31.052963+00:00', '--job-id', '59', '--pool', 'default_pool', '--raw', '--subdir', 'DAGS_FOLDER/my_dag.py', '--cfg-path', '/tmp/tmpiapam6ge', '--error-file', '/tmp/tmpb736rijb']
[2021-09-27 14:37:34,152] {standard_task_runner.py:77} INFO - Job 59: Subtask echo_hello
[2021-09-27 14:37:34,235] {logging_mixin.py:109} INFO - Running <TaskInstance: my_dag.echo_hello 2021-09-27T14:37:31.052963+00:00 [running]> on host 7c1d2d2abdb5
[2021-09-27 14:37:34,317] {taskinstance.py:1254} INFO - Exporting the following env vars:
AIRFLOW_CTX_DAG_OWNER=Veerawat
AIRFLOW_CTX_DAG_ID=my_dag
AIRFLOW_CTX_TASK_ID=echo_hello
AIRFLOW_CTX_EXECUTION_DATE=2021-09-27T14:37:31.052963+00:00
AIRFLOW_CTX_DAG_RUN_ID=manual__2021-09-27T14:37:31.052963+00:00
[2021-09-27 14:37:34,320] {subprocess.py:52} INFO - Tmp dir root location: 
 /tmp
[2021-09-27 14:37:34,322] {subprocess.py:63} INFO - Running command: ['bash', '-c', "echo 'hello'"]
[2021-09-27 14:37:34,332] {subprocess.py:74} INFO - Output:
[2021-09-27 14:37:34,336] {subprocess.py:78} INFO - hello
[2021-09-27 14:37:34,337] {subprocess.py:82} INFO - Command exited with return code 0
[2021-09-27 14:37:34,373] {taskinstance.py:1219} INFO - Marking task as SUCCESS. dag_id=my_dag, task_id=echo_hello, execution_date=20210927T143731, start_date=20210927T143734, end_date=20210927T143734
[2021-09-27 14:37:34,425] {local_task_job.py:151} INFO - Task exited with return code 0
[2021-09-27 14:37:34,461] {local_task_job.py:261} INFO - 1 downstream tasks scheduled from follow-on schedule check
