[2021-09-27 14:10:39,847] {taskinstance.py:903} INFO - Dependencies all met for <TaskInstance: example_bash_operator.runme_2 2021-09-27T14:10:11.711439+00:00 [queued]>
[2021-09-27 14:10:39,868] {taskinstance.py:903} INFO - Dependencies all met for <TaskInstance: example_bash_operator.runme_2 2021-09-27T14:10:11.711439+00:00 [queued]>
[2021-09-27 14:10:39,870] {taskinstance.py:1095} INFO - 
--------------------------------------------------------------------------------
[2021-09-27 14:10:39,871] {taskinstance.py:1096} INFO - Starting attempt 1 of 1
[2021-09-27 14:10:39,872] {taskinstance.py:1097} INFO - 
--------------------------------------------------------------------------------
[2021-09-27 14:10:39,902] {taskinstance.py:1115} INFO - Executing <Task(BashOperator): runme_2> on 2021-09-27T14:10:11.711439+00:00
[2021-09-27 14:10:39,908] {standard_task_runner.py:52} INFO - Started process 2647 to run task
[2021-09-27 14:10:39,914] {standard_task_runner.py:76} INFO - Running: ['***', 'tasks', 'run', 'example_bash_operator', 'runme_2', '2021-09-27T14:10:11.711439+00:00', '--job-id', '45', '--pool', 'default_pool', '--raw', '--subdir', '/home/***/.local/lib/python3.6/site-packages/***/example_dags/example_bash_operator.py', '--cfg-path', '/tmp/tmpq1na8d2l', '--error-file', '/tmp/tmp4a_zue9s']
[2021-09-27 14:10:39,917] {standard_task_runner.py:77} INFO - Job 45: Subtask runme_2
[2021-09-27 14:10:40,011] {logging_mixin.py:109} INFO - Running <TaskInstance: example_bash_operator.runme_2 2021-09-27T14:10:11.711439+00:00 [running]> on host 77d12c45e78e
[2021-09-27 14:10:40,088] {taskinstance.py:1254} INFO - Exporting the following env vars:
AIRFLOW_CTX_DAG_OWNER=***
AIRFLOW_CTX_DAG_ID=example_bash_operator
AIRFLOW_CTX_TASK_ID=runme_2
AIRFLOW_CTX_EXECUTION_DATE=2021-09-27T14:10:11.711439+00:00
AIRFLOW_CTX_DAG_RUN_ID=manual__2021-09-27T14:10:11.711439+00:00
[2021-09-27 14:10:40,090] {subprocess.py:52} INFO - Tmp dir root location: 
 /tmp
[2021-09-27 14:10:40,092] {subprocess.py:63} INFO - Running command: ['bash', '-c', 'echo "example_bash_operator__runme_2__20210927" && sleep 1']
[2021-09-27 14:10:40,101] {subprocess.py:74} INFO - Output:
[2021-09-27 14:10:40,103] {subprocess.py:78} INFO - example_bash_operator__runme_2__20210927
[2021-09-27 14:10:41,106] {subprocess.py:82} INFO - Command exited with return code 0
[2021-09-27 14:10:41,149] {taskinstance.py:1219} INFO - Marking task as SUCCESS. dag_id=example_bash_operator, task_id=runme_2, execution_date=20210927T141011, start_date=20210927T141039, end_date=20210927T141041
[2021-09-27 14:10:41,181] {local_task_job.py:151} INFO - Task exited with return code 0
[2021-09-27 14:10:41,228] {local_task_job.py:261} INFO - 1 downstream tasks scheduled from follow-on schedule check
