[2021-09-27 14:10:21,122] {taskinstance.py:903} INFO - Dependencies all met for <TaskInstance: example_bash_operator.runme_0 2021-09-25T00:00:00+00:00 [queued]>
[2021-09-27 14:10:21,163] {taskinstance.py:903} INFO - Dependencies all met for <TaskInstance: example_bash_operator.runme_0 2021-09-25T00:00:00+00:00 [queued]>
[2021-09-27 14:10:21,165] {taskinstance.py:1095} INFO - 
--------------------------------------------------------------------------------
[2021-09-27 14:10:21,167] {taskinstance.py:1096} INFO - Starting attempt 1 of 1
[2021-09-27 14:10:21,169] {taskinstance.py:1097} INFO - 
--------------------------------------------------------------------------------
[2021-09-27 14:10:21,214] {taskinstance.py:1115} INFO - Executing <Task(BashOperator): runme_0> on 2021-09-25T00:00:00+00:00
[2021-09-27 14:10:21,222] {standard_task_runner.py:52} INFO - Started process 2576 to run task
[2021-09-27 14:10:21,227] {standard_task_runner.py:76} INFO - Running: ['***', 'tasks', 'run', 'example_bash_operator', 'runme_0', '2021-09-25T00:00:00+00:00', '--job-id', '40', '--pool', 'default_pool', '--raw', '--subdir', '/home/***/.local/lib/python3.6/site-packages/***/example_dags/example_bash_operator.py', '--cfg-path', '/tmp/tmpj4eox8uf', '--error-file', '/tmp/tmpei2rsnv1']
[2021-09-27 14:10:21,232] {standard_task_runner.py:77} INFO - Job 40: Subtask runme_0
[2021-09-27 14:10:21,346] {logging_mixin.py:109} INFO - Running <TaskInstance: example_bash_operator.runme_0 2021-09-25T00:00:00+00:00 [running]> on host 77d12c45e78e
[2021-09-27 14:10:21,451] {taskinstance.py:1254} INFO - Exporting the following env vars:
AIRFLOW_CTX_DAG_OWNER=***
AIRFLOW_CTX_DAG_ID=example_bash_operator
AIRFLOW_CTX_TASK_ID=runme_0
AIRFLOW_CTX_EXECUTION_DATE=2021-09-25T00:00:00+00:00
AIRFLOW_CTX_DAG_RUN_ID=scheduled__2021-09-25T00:00:00+00:00
[2021-09-27 14:10:21,453] {subprocess.py:52} INFO - Tmp dir root location: 
 /tmp
[2021-09-27 14:10:21,455] {subprocess.py:63} INFO - Running command: ['bash', '-c', 'echo "example_bash_operator__runme_0__20210925" && sleep 1']
[2021-09-27 14:10:21,464] {subprocess.py:74} INFO - Output:
[2021-09-27 14:10:21,466] {subprocess.py:78} INFO - example_bash_operator__runme_0__20210925
[2021-09-27 14:10:22,468] {subprocess.py:82} INFO - Command exited with return code 0
[2021-09-27 14:10:22,527] {taskinstance.py:1219} INFO - Marking task as SUCCESS. dag_id=example_bash_operator, task_id=runme_0, execution_date=20210925T000000, start_date=20210927T141021, end_date=20210927T141022
[2021-09-27 14:10:22,584] {local_task_job.py:151} INFO - Task exited with return code 0
[2021-09-27 14:10:22,658] {local_task_job.py:261} INFO - 0 downstream tasks scheduled from follow-on schedule check
