[2021-09-27 14:07:48,531] {taskinstance.py:903} INFO - Dependencies all met for <TaskInstance: example_complex.list_tags 2021-09-27T14:06:40.788506+00:00 [queued]>
[2021-09-27 14:07:48,553] {taskinstance.py:903} INFO - Dependencies all met for <TaskInstance: example_complex.list_tags 2021-09-27T14:06:40.788506+00:00 [queued]>
[2021-09-27 14:07:48,555] {taskinstance.py:1095} INFO - 
--------------------------------------------------------------------------------
[2021-09-27 14:07:48,556] {taskinstance.py:1096} INFO - Starting attempt 1 of 1
[2021-09-27 14:07:48,556] {taskinstance.py:1097} INFO - 
--------------------------------------------------------------------------------
[2021-09-27 14:07:48,566] {taskinstance.py:1115} INFO - Executing <Task(BashOperator): list_tags> on 2021-09-27T14:06:40.788506+00:00
[2021-09-27 14:07:48,570] {standard_task_runner.py:52} INFO - Started process 2211 to run task
[2021-09-27 14:07:48,574] {standard_task_runner.py:76} INFO - Running: ['***', 'tasks', 'run', 'example_complex', 'list_tags', '2021-09-27T14:06:40.788506+00:00', '--job-id', '27', '--pool', 'default_pool', '--raw', '--subdir', '/home/***/.local/lib/python3.6/site-packages/***/example_dags/example_complex.py', '--cfg-path', '/tmp/tmpffc1ygo3', '--error-file', '/tmp/tmptelu6jr_']
[2021-09-27 14:07:48,577] {standard_task_runner.py:77} INFO - Job 27: Subtask list_tags
[2021-09-27 14:07:48,636] {logging_mixin.py:109} INFO - Running <TaskInstance: example_complex.list_tags 2021-09-27T14:06:40.788506+00:00 [running]> on host 77d12c45e78e
[2021-09-27 14:07:48,711] {taskinstance.py:1254} INFO - Exporting the following env vars:
AIRFLOW_CTX_DAG_OWNER=***
AIRFLOW_CTX_DAG_ID=example_complex
AIRFLOW_CTX_TASK_ID=list_tags
AIRFLOW_CTX_EXECUTION_DATE=2021-09-27T14:06:40.788506+00:00
AIRFLOW_CTX_DAG_RUN_ID=manual__2021-09-27T14:06:40.788506+00:00
[2021-09-27 14:07:48,713] {subprocess.py:52} INFO - Tmp dir root location: 
 /tmp
[2021-09-27 14:07:48,714] {subprocess.py:63} INFO - Running command: ['bash', '-c', 'echo list_tags']
[2021-09-27 14:07:48,722] {subprocess.py:74} INFO - Output:
[2021-09-27 14:07:48,723] {subprocess.py:78} INFO - list_tags
[2021-09-27 14:07:48,724] {subprocess.py:82} INFO - Command exited with return code 0
[2021-09-27 14:07:48,759] {taskinstance.py:1219} INFO - Marking task as SUCCESS. dag_id=example_complex, task_id=list_tags, execution_date=20210927T140640, start_date=20210927T140748, end_date=20210927T140748
[2021-09-27 14:07:48,791] {local_task_job.py:151} INFO - Task exited with return code 0
[2021-09-27 14:07:48,833] {local_task_job.py:261} INFO - 1 downstream tasks scheduled from follow-on schedule check
