[2021-09-28 00:48:47,578] {processor.py:162} INFO - Started process (PID=25520) to work on /home/airflow/.local/lib/python3.6/site-packages/airflow/example_dags/example_external_task_marker_dag.py
[2021-09-28 00:48:47,580] {processor.py:613} INFO - Processing file /home/airflow/.local/lib/python3.6/site-packages/airflow/example_dags/example_external_task_marker_dag.py for tasks to queue
[2021-09-28 00:48:47,582] {logging_mixin.py:109} INFO - [2021-09-28 00:48:47,582] {dagbag.py:496} INFO - Filling up the DagBag from /home/airflow/.local/lib/python3.6/site-packages/airflow/example_dags/example_external_task_marker_dag.py
[2021-09-28 00:48:47,606] {processor.py:623} INFO - DAG(s) dict_keys(['example_external_task_marker_parent', 'example_external_task_marker_child']) retrieved from /home/airflow/.local/lib/python3.6/site-packages/airflow/example_dags/example_external_task_marker_dag.py
[2021-09-28 00:48:47,663] {logging_mixin.py:109} INFO - [2021-09-28 00:48:47,663] {dag.py:1834} INFO - Sync 2 DAGs
[2021-09-28 00:48:47,678] {logging_mixin.py:109} INFO - [2021-09-28 00:48:47,678] {dag.py:2287} INFO - Setting next_dagrun for example_external_task_marker_child to None
[2021-09-28 00:48:47,680] {logging_mixin.py:109} INFO - [2021-09-28 00:48:47,680] {dag.py:2287} INFO - Setting next_dagrun for example_external_task_marker_parent to None
[2021-09-28 00:48:47,694] {processor.py:170} INFO - Processing /home/airflow/.local/lib/python3.6/site-packages/airflow/example_dags/example_external_task_marker_dag.py took 0.123 seconds
[2021-09-28 01:00:09,034] {processor.py:162} INFO - Started process (PID=25694) to work on /home/airflow/.local/lib/python3.6/site-packages/airflow/example_dags/example_external_task_marker_dag.py
[2021-09-28 01:00:09,036] {processor.py:613} INFO - Processing file /home/airflow/.local/lib/python3.6/site-packages/airflow/example_dags/example_external_task_marker_dag.py for tasks to queue
[2021-09-28 01:00:09,038] {logging_mixin.py:109} INFO - [2021-09-28 01:00:09,038] {dagbag.py:496} INFO - Filling up the DagBag from /home/airflow/.local/lib/python3.6/site-packages/airflow/example_dags/example_external_task_marker_dag.py
[2021-09-28 01:00:09,072] {processor.py:623} INFO - DAG(s) dict_keys(['example_external_task_marker_parent', 'example_external_task_marker_child']) retrieved from /home/airflow/.local/lib/python3.6/site-packages/airflow/example_dags/example_external_task_marker_dag.py
[2021-09-28 01:00:09,147] {logging_mixin.py:109} INFO - [2021-09-28 01:00:09,147] {dag.py:1834} INFO - Sync 2 DAGs
[2021-09-28 01:00:09,169] {logging_mixin.py:109} INFO - [2021-09-28 01:00:09,169] {dag.py:2287} INFO - Setting next_dagrun for example_external_task_marker_child to None
[2021-09-28 01:00:09,194] {logging_mixin.py:109} INFO - [2021-09-28 01:00:09,194] {dag.py:2287} INFO - Setting next_dagrun for example_external_task_marker_parent to None
[2021-09-28 01:00:09,265] {processor.py:170} INFO - Processing /home/airflow/.local/lib/python3.6/site-packages/airflow/example_dags/example_external_task_marker_dag.py took 0.242 seconds
[2021-09-28 02:20:36,009] {processor.py:162} INFO - Started process (PID=25890) to work on /home/airflow/.local/lib/python3.6/site-packages/airflow/example_dags/example_external_task_marker_dag.py
[2021-09-28 02:20:36,011] {processor.py:613} INFO - Processing file /home/airflow/.local/lib/python3.6/site-packages/airflow/example_dags/example_external_task_marker_dag.py for tasks to queue
[2021-09-28 02:20:36,013] {logging_mixin.py:109} INFO - [2021-09-28 02:20:36,013] {dagbag.py:496} INFO - Filling up the DagBag from /home/airflow/.local/lib/python3.6/site-packages/airflow/example_dags/example_external_task_marker_dag.py
[2021-09-28 02:20:36,036] {processor.py:623} INFO - DAG(s) dict_keys(['example_external_task_marker_parent', 'example_external_task_marker_child']) retrieved from /home/airflow/.local/lib/python3.6/site-packages/airflow/example_dags/example_external_task_marker_dag.py
[2021-09-28 02:20:36,149] {logging_mixin.py:109} INFO - [2021-09-28 02:20:36,149] {dag.py:1834} INFO - Sync 2 DAGs
[2021-09-28 02:20:36,194] {logging_mixin.py:109} INFO - [2021-09-28 02:20:36,194] {dag.py:2287} INFO - Setting next_dagrun for example_external_task_marker_child to None
[2021-09-28 02:20:36,200] {logging_mixin.py:109} INFO - [2021-09-28 02:20:36,200] {dag.py:2287} INFO - Setting next_dagrun for example_external_task_marker_parent to None
[2021-09-28 02:20:36,273] {processor.py:170} INFO - Processing /home/airflow/.local/lib/python3.6/site-packages/airflow/example_dags/example_external_task_marker_dag.py took 0.269 seconds
[2021-09-28 02:21:07,272] {processor.py:162} INFO - Started process (PID=26090) to work on /home/airflow/.local/lib/python3.6/site-packages/airflow/example_dags/example_external_task_marker_dag.py
[2021-09-28 02:21:07,275] {processor.py:613} INFO - Processing file /home/airflow/.local/lib/python3.6/site-packages/airflow/example_dags/example_external_task_marker_dag.py for tasks to queue
[2021-09-28 02:21:07,276] {logging_mixin.py:109} INFO - [2021-09-28 02:21:07,276] {dagbag.py:496} INFO - Filling up the DagBag from /home/airflow/.local/lib/python3.6/site-packages/airflow/example_dags/example_external_task_marker_dag.py
[2021-09-28 02:21:07,286] {processor.py:623} INFO - DAG(s) dict_keys(['example_external_task_marker_parent', 'example_external_task_marker_child']) retrieved from /home/airflow/.local/lib/python3.6/site-packages/airflow/example_dags/example_external_task_marker_dag.py
[2021-09-28 02:21:07,333] {logging_mixin.py:109} INFO - [2021-09-28 02:21:07,333] {dag.py:1834} INFO - Sync 2 DAGs
[2021-09-28 02:21:07,357] {logging_mixin.py:109} INFO - [2021-09-28 02:21:07,357] {dag.py:2287} INFO - Setting next_dagrun for example_external_task_marker_child to None
[2021-09-28 02:21:07,361] {logging_mixin.py:109} INFO - [2021-09-28 02:21:07,361] {dag.py:2287} INFO - Setting next_dagrun for example_external_task_marker_parent to None
[2021-09-28 02:21:07,389] {processor.py:170} INFO - Processing /home/airflow/.local/lib/python3.6/site-packages/airflow/example_dags/example_external_task_marker_dag.py took 0.121 seconds
[2021-09-28 02:21:38,208] {processor.py:162} INFO - Started process (PID=26280) to work on /home/airflow/.local/lib/python3.6/site-packages/airflow/example_dags/example_external_task_marker_dag.py
[2021-09-28 02:21:38,212] {processor.py:613} INFO - Processing file /home/airflow/.local/lib/python3.6/site-packages/airflow/example_dags/example_external_task_marker_dag.py for tasks to queue
[2021-09-28 02:21:38,216] {logging_mixin.py:109} INFO - [2021-09-28 02:21:38,215] {dagbag.py:496} INFO - Filling up the DagBag from /home/airflow/.local/lib/python3.6/site-packages/airflow/example_dags/example_external_task_marker_dag.py
[2021-09-28 02:21:38,241] {processor.py:623} INFO - DAG(s) dict_keys(['example_external_task_marker_parent', 'example_external_task_marker_child']) retrieved from /home/airflow/.local/lib/python3.6/site-packages/airflow/example_dags/example_external_task_marker_dag.py
[2021-09-28 02:21:38,314] {logging_mixin.py:109} INFO - [2021-09-28 02:21:38,313] {dag.py:1834} INFO - Sync 2 DAGs
[2021-09-28 02:21:38,347] {logging_mixin.py:109} INFO - [2021-09-28 02:21:38,347] {dag.py:2287} INFO - Setting next_dagrun for example_external_task_marker_child to None
[2021-09-28 02:21:38,354] {logging_mixin.py:109} INFO - [2021-09-28 02:21:38,354] {dag.py:2287} INFO - Setting next_dagrun for example_external_task_marker_parent to None
[2021-09-28 02:21:38,382] {processor.py:170} INFO - Processing /home/airflow/.local/lib/python3.6/site-packages/airflow/example_dags/example_external_task_marker_dag.py took 0.182 seconds
[2021-09-28 02:22:08,835] {processor.py:162} INFO - Started process (PID=26467) to work on /home/airflow/.local/lib/python3.6/site-packages/airflow/example_dags/example_external_task_marker_dag.py
[2021-09-28 02:22:08,837] {processor.py:613} INFO - Processing file /home/airflow/.local/lib/python3.6/site-packages/airflow/example_dags/example_external_task_marker_dag.py for tasks to queue
[2021-09-28 02:22:08,839] {logging_mixin.py:109} INFO - [2021-09-28 02:22:08,839] {dagbag.py:496} INFO - Filling up the DagBag from /home/airflow/.local/lib/python3.6/site-packages/airflow/example_dags/example_external_task_marker_dag.py
[2021-09-28 02:22:08,856] {processor.py:623} INFO - DAG(s) dict_keys(['example_external_task_marker_parent', 'example_external_task_marker_child']) retrieved from /home/airflow/.local/lib/python3.6/site-packages/airflow/example_dags/example_external_task_marker_dag.py
[2021-09-28 02:22:08,901] {logging_mixin.py:109} INFO - [2021-09-28 02:22:08,901] {dag.py:1834} INFO - Sync 2 DAGs
[2021-09-28 02:22:08,919] {logging_mixin.py:109} INFO - [2021-09-28 02:22:08,919] {dag.py:2287} INFO - Setting next_dagrun for example_external_task_marker_child to None
[2021-09-28 02:22:08,922] {logging_mixin.py:109} INFO - [2021-09-28 02:22:08,922] {dag.py:2287} INFO - Setting next_dagrun for example_external_task_marker_parent to None
[2021-09-28 02:22:08,939] {processor.py:170} INFO - Processing /home/airflow/.local/lib/python3.6/site-packages/airflow/example_dags/example_external_task_marker_dag.py took 0.110 seconds
