[2021-09-28 00:48:49,748] {processor.py:162} INFO - Started process (PID=25558) to work on /home/airflow/.local/lib/python3.6/site-packages/airflow/example_dags/example_branch_python_dop_operator_3.py
[2021-09-28 00:48:49,751] {processor.py:613} INFO - Processing file /home/airflow/.local/lib/python3.6/site-packages/airflow/example_dags/example_branch_python_dop_operator_3.py for tasks to queue
[2021-09-28 00:48:49,753] {logging_mixin.py:109} INFO - [2021-09-28 00:48:49,753] {dagbag.py:496} INFO - Filling up the DagBag from /home/airflow/.local/lib/python3.6/site-packages/airflow/example_dags/example_branch_python_dop_operator_3.py
[2021-09-28 00:48:49,777] {processor.py:623} INFO - DAG(s) dict_keys(['example_branch_dop_operator_v3']) retrieved from /home/airflow/.local/lib/python3.6/site-packages/airflow/example_dags/example_branch_python_dop_operator_3.py
[2021-09-28 00:48:50,260] {logging_mixin.py:109} INFO - [2021-09-28 00:48:50,260] {dag.py:1834} INFO - Sync 1 DAGs
[2021-09-28 00:48:50,288] {logging_mixin.py:109} INFO - [2021-09-28 00:48:50,288] {dag.py:2287} INFO - Setting next_dagrun for example_branch_dop_operator_v3 to 2021-09-26 00:00:00+00:00
[2021-09-28 00:48:50,316] {processor.py:170} INFO - Processing /home/airflow/.local/lib/python3.6/site-packages/airflow/example_dags/example_branch_python_dop_operator_3.py took 0.576 seconds
[2021-09-28 01:00:10,180] {processor.py:162} INFO - Started process (PID=25742) to work on /home/airflow/.local/lib/python3.6/site-packages/airflow/example_dags/example_branch_python_dop_operator_3.py
[2021-09-28 01:00:10,188] {processor.py:613} INFO - Processing file /home/airflow/.local/lib/python3.6/site-packages/airflow/example_dags/example_branch_python_dop_operator_3.py for tasks to queue
[2021-09-28 01:00:10,190] {logging_mixin.py:109} INFO - [2021-09-28 01:00:10,190] {dagbag.py:496} INFO - Filling up the DagBag from /home/airflow/.local/lib/python3.6/site-packages/airflow/example_dags/example_branch_python_dop_operator_3.py
[2021-09-28 01:00:10,228] {processor.py:623} INFO - DAG(s) dict_keys(['example_branch_dop_operator_v3']) retrieved from /home/airflow/.local/lib/python3.6/site-packages/airflow/example_dags/example_branch_python_dop_operator_3.py
[2021-09-28 01:00:10,334] {logging_mixin.py:109} INFO - [2021-09-28 01:00:10,334] {dag.py:1834} INFO - Sync 1 DAGs
[2021-09-28 01:00:10,405] {logging_mixin.py:109} INFO - [2021-09-28 01:00:10,405] {dag.py:2287} INFO - Setting next_dagrun for example_branch_dop_operator_v3 to 2021-09-26 00:00:00+00:00
[2021-09-28 01:00:10,466] {processor.py:170} INFO - Processing /home/airflow/.local/lib/python3.6/site-packages/airflow/example_dags/example_branch_python_dop_operator_3.py took 0.294 seconds
[2021-09-28 02:20:37,572] {processor.py:162} INFO - Started process (PID=25927) to work on /home/airflow/.local/lib/python3.6/site-packages/airflow/example_dags/example_branch_python_dop_operator_3.py
[2021-09-28 02:20:37,574] {processor.py:613} INFO - Processing file /home/airflow/.local/lib/python3.6/site-packages/airflow/example_dags/example_branch_python_dop_operator_3.py for tasks to queue
[2021-09-28 02:20:37,577] {logging_mixin.py:109} INFO - [2021-09-28 02:20:37,577] {dagbag.py:496} INFO - Filling up the DagBag from /home/airflow/.local/lib/python3.6/site-packages/airflow/example_dags/example_branch_python_dop_operator_3.py
[2021-09-28 02:20:37,676] {processor.py:623} INFO - DAG(s) dict_keys(['example_branch_dop_operator_v3']) retrieved from /home/airflow/.local/lib/python3.6/site-packages/airflow/example_dags/example_branch_python_dop_operator_3.py
[2021-09-28 02:20:37,804] {logging_mixin.py:109} INFO - [2021-09-28 02:20:37,804] {dag.py:1834} INFO - Sync 1 DAGs
[2021-09-28 02:20:37,904] {logging_mixin.py:109} INFO - [2021-09-28 02:20:37,903] {dag.py:2287} INFO - Setting next_dagrun for example_branch_dop_operator_v3 to 2021-09-26 00:00:00+00:00
[2021-09-28 02:20:37,966] {processor.py:170} INFO - Processing /home/airflow/.local/lib/python3.6/site-packages/airflow/example_dags/example_branch_python_dop_operator_3.py took 0.412 seconds
[2021-09-28 02:21:08,824] {processor.py:162} INFO - Started process (PID=26128) to work on /home/airflow/.local/lib/python3.6/site-packages/airflow/example_dags/example_branch_python_dop_operator_3.py
[2021-09-28 02:21:08,828] {processor.py:613} INFO - Processing file /home/airflow/.local/lib/python3.6/site-packages/airflow/example_dags/example_branch_python_dop_operator_3.py for tasks to queue
[2021-09-28 02:21:08,830] {logging_mixin.py:109} INFO - [2021-09-28 02:21:08,829] {dagbag.py:496} INFO - Filling up the DagBag from /home/airflow/.local/lib/python3.6/site-packages/airflow/example_dags/example_branch_python_dop_operator_3.py
[2021-09-28 02:21:08,841] {processor.py:623} INFO - DAG(s) dict_keys(['example_branch_dop_operator_v3']) retrieved from /home/airflow/.local/lib/python3.6/site-packages/airflow/example_dags/example_branch_python_dop_operator_3.py
[2021-09-28 02:21:08,873] {logging_mixin.py:109} INFO - [2021-09-28 02:21:08,873] {dag.py:1834} INFO - Sync 1 DAGs
[2021-09-28 02:21:08,903] {logging_mixin.py:109} INFO - [2021-09-28 02:21:08,903] {dag.py:2287} INFO - Setting next_dagrun for example_branch_dop_operator_v3 to 2021-09-26 00:00:00+00:00
[2021-09-28 02:21:08,928] {processor.py:170} INFO - Processing /home/airflow/.local/lib/python3.6/site-packages/airflow/example_dags/example_branch_python_dop_operator_3.py took 0.110 seconds
[2021-09-28 02:21:39,880] {processor.py:162} INFO - Started process (PID=26321) to work on /home/airflow/.local/lib/python3.6/site-packages/airflow/example_dags/example_branch_python_dop_operator_3.py
[2021-09-28 02:21:39,884] {processor.py:613} INFO - Processing file /home/airflow/.local/lib/python3.6/site-packages/airflow/example_dags/example_branch_python_dop_operator_3.py for tasks to queue
[2021-09-28 02:21:39,887] {logging_mixin.py:109} INFO - [2021-09-28 02:21:39,886] {dagbag.py:496} INFO - Filling up the DagBag from /home/airflow/.local/lib/python3.6/site-packages/airflow/example_dags/example_branch_python_dop_operator_3.py
[2021-09-28 02:21:39,903] {processor.py:623} INFO - DAG(s) dict_keys(['example_branch_dop_operator_v3']) retrieved from /home/airflow/.local/lib/python3.6/site-packages/airflow/example_dags/example_branch_python_dop_operator_3.py
[2021-09-28 02:21:39,953] {logging_mixin.py:109} INFO - [2021-09-28 02:21:39,953] {dag.py:1834} INFO - Sync 1 DAGs
[2021-09-28 02:21:39,994] {logging_mixin.py:109} INFO - [2021-09-28 02:21:39,994] {dag.py:2287} INFO - Setting next_dagrun for example_branch_dop_operator_v3 to 2021-09-26 00:00:00+00:00
[2021-09-28 02:21:40,024] {processor.py:170} INFO - Processing /home/airflow/.local/lib/python3.6/site-packages/airflow/example_dags/example_branch_python_dop_operator_3.py took 0.148 seconds
[2021-09-28 02:22:10,397] {processor.py:162} INFO - Started process (PID=26504) to work on /home/airflow/.local/lib/python3.6/site-packages/airflow/example_dags/example_branch_python_dop_operator_3.py
[2021-09-28 02:22:10,399] {processor.py:613} INFO - Processing file /home/airflow/.local/lib/python3.6/site-packages/airflow/example_dags/example_branch_python_dop_operator_3.py for tasks to queue
[2021-09-28 02:22:10,402] {logging_mixin.py:109} INFO - [2021-09-28 02:22:10,402] {dagbag.py:496} INFO - Filling up the DagBag from /home/airflow/.local/lib/python3.6/site-packages/airflow/example_dags/example_branch_python_dop_operator_3.py
[2021-09-28 02:22:10,416] {processor.py:623} INFO - DAG(s) dict_keys(['example_branch_dop_operator_v3']) retrieved from /home/airflow/.local/lib/python3.6/site-packages/airflow/example_dags/example_branch_python_dop_operator_3.py
[2021-09-28 02:22:10,454] {logging_mixin.py:109} INFO - [2021-09-28 02:22:10,453] {dag.py:1834} INFO - Sync 1 DAGs
[2021-09-28 02:22:10,476] {logging_mixin.py:109} INFO - [2021-09-28 02:22:10,476] {dag.py:2287} INFO - Setting next_dagrun for example_branch_dop_operator_v3 to 2021-09-26 00:00:00+00:00
[2021-09-28 02:22:10,500] {processor.py:170} INFO - Processing /home/airflow/.local/lib/python3.6/site-packages/airflow/example_dags/example_branch_python_dop_operator_3.py took 0.109 seconds
