[2021-09-28 00:48:49,038] {processor.py:162} INFO - Started process (PID=25546) to work on /home/airflow/.local/lib/python3.6/site-packages/airflow/example_dags/example_branch_labels.py
[2021-09-28 00:48:49,047] {processor.py:613} INFO - Processing file /home/airflow/.local/lib/python3.6/site-packages/airflow/example_dags/example_branch_labels.py for tasks to queue
[2021-09-28 00:48:49,054] {logging_mixin.py:109} INFO - [2021-09-28 00:48:49,054] {dagbag.py:496} INFO - Filling up the DagBag from /home/airflow/.local/lib/python3.6/site-packages/airflow/example_dags/example_branch_labels.py
[2021-09-28 00:48:49,089] {processor.py:623} INFO - DAG(s) dict_keys(['example_branch_labels']) retrieved from /home/airflow/.local/lib/python3.6/site-packages/airflow/example_dags/example_branch_labels.py
[2021-09-28 00:48:49,884] {logging_mixin.py:109} INFO - [2021-09-28 00:48:49,884] {dag.py:1834} INFO - Sync 1 DAGs
[2021-09-28 00:48:49,905] {logging_mixin.py:109} INFO - [2021-09-28 00:48:49,905] {dag.py:2287} INFO - Setting next_dagrun for example_branch_labels to 2021-09-26 00:00:00+00:00
[2021-09-28 00:48:49,932] {processor.py:170} INFO - Processing /home/airflow/.local/lib/python3.6/site-packages/airflow/example_dags/example_branch_labels.py took 0.897 seconds
[2021-09-28 01:00:09,783] {processor.py:162} INFO - Started process (PID=25730) to work on /home/airflow/.local/lib/python3.6/site-packages/airflow/example_dags/example_branch_labels.py
[2021-09-28 01:00:09,790] {processor.py:613} INFO - Processing file /home/airflow/.local/lib/python3.6/site-packages/airflow/example_dags/example_branch_labels.py for tasks to queue
[2021-09-28 01:00:09,792] {logging_mixin.py:109} INFO - [2021-09-28 01:00:09,792] {dagbag.py:496} INFO - Filling up the DagBag from /home/airflow/.local/lib/python3.6/site-packages/airflow/example_dags/example_branch_labels.py
[2021-09-28 01:00:09,818] {processor.py:623} INFO - DAG(s) dict_keys(['example_branch_labels']) retrieved from /home/airflow/.local/lib/python3.6/site-packages/airflow/example_dags/example_branch_labels.py
[2021-09-28 01:00:09,922] {logging_mixin.py:109} INFO - [2021-09-28 01:00:09,922] {dag.py:1834} INFO - Sync 1 DAGs
[2021-09-28 01:00:09,972] {logging_mixin.py:109} INFO - [2021-09-28 01:00:09,972] {dag.py:2287} INFO - Setting next_dagrun for example_branch_labels to 2021-09-26 00:00:00+00:00
[2021-09-28 01:00:10,009] {processor.py:170} INFO - Processing /home/airflow/.local/lib/python3.6/site-packages/airflow/example_dags/example_branch_labels.py took 0.240 seconds
[2021-09-28 02:20:37,070] {processor.py:162} INFO - Started process (PID=25917) to work on /home/airflow/.local/lib/python3.6/site-packages/airflow/example_dags/example_branch_labels.py
[2021-09-28 02:20:37,072] {processor.py:613} INFO - Processing file /home/airflow/.local/lib/python3.6/site-packages/airflow/example_dags/example_branch_labels.py for tasks to queue
[2021-09-28 02:20:37,074] {logging_mixin.py:109} INFO - [2021-09-28 02:20:37,074] {dagbag.py:496} INFO - Filling up the DagBag from /home/airflow/.local/lib/python3.6/site-packages/airflow/example_dags/example_branch_labels.py
[2021-09-28 02:20:37,103] {processor.py:623} INFO - DAG(s) dict_keys(['example_branch_labels']) retrieved from /home/airflow/.local/lib/python3.6/site-packages/airflow/example_dags/example_branch_labels.py
[2021-09-28 02:20:37,214] {logging_mixin.py:109} INFO - [2021-09-28 02:20:37,214] {dag.py:1834} INFO - Sync 1 DAGs
[2021-09-28 02:20:37,368] {logging_mixin.py:109} INFO - [2021-09-28 02:20:37,367] {dag.py:2287} INFO - Setting next_dagrun for example_branch_labels to 2021-09-26 00:00:00+00:00
[2021-09-28 02:20:37,432] {processor.py:170} INFO - Processing /home/airflow/.local/lib/python3.6/site-packages/airflow/example_dags/example_branch_labels.py took 0.371 seconds
[2021-09-28 02:21:07,693] {processor.py:162} INFO - Started process (PID=26116) to work on /home/airflow/.local/lib/python3.6/site-packages/airflow/example_dags/example_branch_labels.py
[2021-09-28 02:21:07,696] {processor.py:613} INFO - Processing file /home/airflow/.local/lib/python3.6/site-packages/airflow/example_dags/example_branch_labels.py for tasks to queue
[2021-09-28 02:21:07,698] {logging_mixin.py:109} INFO - [2021-09-28 02:21:07,698] {dagbag.py:496} INFO - Filling up the DagBag from /home/airflow/.local/lib/python3.6/site-packages/airflow/example_dags/example_branch_labels.py
[2021-09-28 02:21:07,710] {processor.py:623} INFO - DAG(s) dict_keys(['example_branch_labels']) retrieved from /home/airflow/.local/lib/python3.6/site-packages/airflow/example_dags/example_branch_labels.py
[2021-09-28 02:21:07,742] {logging_mixin.py:109} INFO - [2021-09-28 02:21:07,742] {dag.py:1834} INFO - Sync 1 DAGs
[2021-09-28 02:21:07,759] {logging_mixin.py:109} INFO - [2021-09-28 02:21:07,759] {dag.py:2287} INFO - Setting next_dagrun for example_branch_labels to 2021-09-26 00:00:00+00:00
[2021-09-28 02:21:07,770] {processor.py:170} INFO - Processing /home/airflow/.local/lib/python3.6/site-packages/airflow/example_dags/example_branch_labels.py took 0.081 seconds
[2021-09-28 02:21:38,721] {processor.py:162} INFO - Started process (PID=26308) to work on /home/airflow/.local/lib/python3.6/site-packages/airflow/example_dags/example_branch_labels.py
[2021-09-28 02:21:38,724] {processor.py:613} INFO - Processing file /home/airflow/.local/lib/python3.6/site-packages/airflow/example_dags/example_branch_labels.py for tasks to queue
[2021-09-28 02:21:38,725] {logging_mixin.py:109} INFO - [2021-09-28 02:21:38,725] {dagbag.py:496} INFO - Filling up the DagBag from /home/airflow/.local/lib/python3.6/site-packages/airflow/example_dags/example_branch_labels.py
[2021-09-28 02:21:38,736] {processor.py:623} INFO - DAG(s) dict_keys(['example_branch_labels']) retrieved from /home/airflow/.local/lib/python3.6/site-packages/airflow/example_dags/example_branch_labels.py
[2021-09-28 02:21:38,778] {logging_mixin.py:109} INFO - [2021-09-28 02:21:38,778] {dag.py:1834} INFO - Sync 1 DAGs
[2021-09-28 02:21:38,796] {logging_mixin.py:109} INFO - [2021-09-28 02:21:38,796] {dag.py:2287} INFO - Setting next_dagrun for example_branch_labels to 2021-09-26 00:00:00+00:00
[2021-09-28 02:21:38,820] {processor.py:170} INFO - Processing /home/airflow/.local/lib/python3.6/site-packages/airflow/example_dags/example_branch_labels.py took 0.103 seconds
[2021-09-28 02:22:09,231] {processor.py:162} INFO - Started process (PID=26492) to work on /home/airflow/.local/lib/python3.6/site-packages/airflow/example_dags/example_branch_labels.py
[2021-09-28 02:22:09,233] {processor.py:613} INFO - Processing file /home/airflow/.local/lib/python3.6/site-packages/airflow/example_dags/example_branch_labels.py for tasks to queue
[2021-09-28 02:22:09,235] {logging_mixin.py:109} INFO - [2021-09-28 02:22:09,235] {dagbag.py:496} INFO - Filling up the DagBag from /home/airflow/.local/lib/python3.6/site-packages/airflow/example_dags/example_branch_labels.py
[2021-09-28 02:22:09,245] {processor.py:623} INFO - DAG(s) dict_keys(['example_branch_labels']) retrieved from /home/airflow/.local/lib/python3.6/site-packages/airflow/example_dags/example_branch_labels.py
[2021-09-28 02:22:09,302] {logging_mixin.py:109} INFO - [2021-09-28 02:22:09,301] {dag.py:1834} INFO - Sync 1 DAGs
[2021-09-28 02:22:09,328] {logging_mixin.py:109} INFO - [2021-09-28 02:22:09,328] {dag.py:2287} INFO - Setting next_dagrun for example_branch_labels to 2021-09-26 00:00:00+00:00
[2021-09-28 02:22:09,344] {processor.py:170} INFO - Processing /home/airflow/.local/lib/python3.6/site-packages/airflow/example_dags/example_branch_labels.py took 0.119 seconds
