[2021-09-28 00:48:46,902] {processor.py:162} INFO - Started process (PID=25510) to work on /home/airflow/.local/lib/python3.6/site-packages/airflow/example_dags/example_complex.py
[2021-09-28 00:48:46,907] {processor.py:613} INFO - Processing file /home/airflow/.local/lib/python3.6/site-packages/airflow/example_dags/example_complex.py for tasks to queue
[2021-09-28 00:48:46,910] {logging_mixin.py:109} INFO - [2021-09-28 00:48:46,910] {dagbag.py:496} INFO - Filling up the DagBag from /home/airflow/.local/lib/python3.6/site-packages/airflow/example_dags/example_complex.py
[2021-09-28 00:48:46,945] {processor.py:623} INFO - DAG(s) dict_keys(['example_complex']) retrieved from /home/airflow/.local/lib/python3.6/site-packages/airflow/example_dags/example_complex.py
[2021-09-28 00:48:47,483] {logging_mixin.py:109} INFO - [2021-09-28 00:48:47,483] {dag.py:1834} INFO - Sync 1 DAGs
[2021-09-28 00:48:47,498] {logging_mixin.py:109} INFO - [2021-09-28 00:48:47,498] {dag.py:2287} INFO - Setting next_dagrun for example_complex to None
[2021-09-28 00:48:47,515] {processor.py:170} INFO - Processing /home/airflow/.local/lib/python3.6/site-packages/airflow/example_dags/example_complex.py took 0.618 seconds
[2021-09-28 01:00:08,822] {processor.py:162} INFO - Started process (PID=25686) to work on /home/airflow/.local/lib/python3.6/site-packages/airflow/example_dags/example_complex.py
[2021-09-28 01:00:08,825] {processor.py:613} INFO - Processing file /home/airflow/.local/lib/python3.6/site-packages/airflow/example_dags/example_complex.py for tasks to queue
[2021-09-28 01:00:08,827] {logging_mixin.py:109} INFO - [2021-09-28 01:00:08,827] {dagbag.py:496} INFO - Filling up the DagBag from /home/airflow/.local/lib/python3.6/site-packages/airflow/example_dags/example_complex.py
[2021-09-28 01:00:08,847] {processor.py:623} INFO - DAG(s) dict_keys(['example_complex']) retrieved from /home/airflow/.local/lib/python3.6/site-packages/airflow/example_dags/example_complex.py
[2021-09-28 01:00:08,906] {logging_mixin.py:109} INFO - [2021-09-28 01:00:08,906] {dag.py:1834} INFO - Sync 1 DAGs
[2021-09-28 01:00:08,935] {logging_mixin.py:109} INFO - [2021-09-28 01:00:08,935] {dag.py:2287} INFO - Setting next_dagrun for example_complex to None
[2021-09-28 01:00:08,953] {processor.py:170} INFO - Processing /home/airflow/.local/lib/python3.6/site-packages/airflow/example_dags/example_complex.py took 0.135 seconds
[2021-09-28 02:20:35,639] {processor.py:162} INFO - Started process (PID=25878) to work on /home/airflow/.local/lib/python3.6/site-packages/airflow/example_dags/example_complex.py
[2021-09-28 02:20:35,643] {processor.py:613} INFO - Processing file /home/airflow/.local/lib/python3.6/site-packages/airflow/example_dags/example_complex.py for tasks to queue
[2021-09-28 02:20:35,647] {logging_mixin.py:109} INFO - [2021-09-28 02:20:35,647] {dagbag.py:496} INFO - Filling up the DagBag from /home/airflow/.local/lib/python3.6/site-packages/airflow/example_dags/example_complex.py
[2021-09-28 02:20:35,717] {processor.py:623} INFO - DAG(s) dict_keys(['example_complex']) retrieved from /home/airflow/.local/lib/python3.6/site-packages/airflow/example_dags/example_complex.py
[2021-09-28 02:20:35,787] {logging_mixin.py:109} INFO - [2021-09-28 02:20:35,787] {dag.py:1834} INFO - Sync 1 DAGs
[2021-09-28 02:20:35,841] {logging_mixin.py:109} INFO - [2021-09-28 02:20:35,841] {dag.py:2287} INFO - Setting next_dagrun for example_complex to None
[2021-09-28 02:20:35,889] {processor.py:170} INFO - Processing /home/airflow/.local/lib/python3.6/site-packages/airflow/example_dags/example_complex.py took 0.261 seconds
[2021-09-28 02:21:06,097] {processor.py:162} INFO - Started process (PID=26081) to work on /home/airflow/.local/lib/python3.6/site-packages/airflow/example_dags/example_complex.py
[2021-09-28 02:21:06,102] {processor.py:613} INFO - Processing file /home/airflow/.local/lib/python3.6/site-packages/airflow/example_dags/example_complex.py for tasks to queue
[2021-09-28 02:21:06,105] {logging_mixin.py:109} INFO - [2021-09-28 02:21:06,105] {dagbag.py:496} INFO - Filling up the DagBag from /home/airflow/.local/lib/python3.6/site-packages/airflow/example_dags/example_complex.py
[2021-09-28 02:21:06,135] {processor.py:623} INFO - DAG(s) dict_keys(['example_complex']) retrieved from /home/airflow/.local/lib/python3.6/site-packages/airflow/example_dags/example_complex.py
[2021-09-28 02:21:06,177] {logging_mixin.py:109} INFO - [2021-09-28 02:21:06,177] {dag.py:1834} INFO - Sync 1 DAGs
[2021-09-28 02:21:06,192] {logging_mixin.py:109} INFO - [2021-09-28 02:21:06,192] {dag.py:2287} INFO - Setting next_dagrun for example_complex to None
[2021-09-28 02:21:06,233] {processor.py:170} INFO - Processing /home/airflow/.local/lib/python3.6/site-packages/airflow/example_dags/example_complex.py took 0.142 seconds
[2021-09-28 02:21:37,044] {processor.py:162} INFO - Started process (PID=26263) to work on /home/airflow/.local/lib/python3.6/site-packages/airflow/example_dags/example_complex.py
[2021-09-28 02:21:37,046] {processor.py:613} INFO - Processing file /home/airflow/.local/lib/python3.6/site-packages/airflow/example_dags/example_complex.py for tasks to queue
[2021-09-28 02:21:37,052] {logging_mixin.py:109} INFO - [2021-09-28 02:21:37,051] {dagbag.py:496} INFO - Filling up the DagBag from /home/airflow/.local/lib/python3.6/site-packages/airflow/example_dags/example_complex.py
[2021-09-28 02:21:37,090] {processor.py:623} INFO - DAG(s) dict_keys(['example_complex']) retrieved from /home/airflow/.local/lib/python3.6/site-packages/airflow/example_dags/example_complex.py
[2021-09-28 02:21:37,185] {logging_mixin.py:109} INFO - [2021-09-28 02:21:37,185] {dag.py:1834} INFO - Sync 1 DAGs
[2021-09-28 02:21:37,208] {logging_mixin.py:109} INFO - [2021-09-28 02:21:37,208] {dag.py:2287} INFO - Setting next_dagrun for example_complex to None
[2021-09-28 02:21:37,240] {processor.py:170} INFO - Processing /home/airflow/.local/lib/python3.6/site-packages/airflow/example_dags/example_complex.py took 0.202 seconds
[2021-09-28 02:22:07,688] {processor.py:162} INFO - Started process (PID=26456) to work on /home/airflow/.local/lib/python3.6/site-packages/airflow/example_dags/example_complex.py
[2021-09-28 02:22:07,691] {processor.py:613} INFO - Processing file /home/airflow/.local/lib/python3.6/site-packages/airflow/example_dags/example_complex.py for tasks to queue
[2021-09-28 02:22:07,693] {logging_mixin.py:109} INFO - [2021-09-28 02:22:07,693] {dagbag.py:496} INFO - Filling up the DagBag from /home/airflow/.local/lib/python3.6/site-packages/airflow/example_dags/example_complex.py
[2021-09-28 02:22:07,715] {processor.py:623} INFO - DAG(s) dict_keys(['example_complex']) retrieved from /home/airflow/.local/lib/python3.6/site-packages/airflow/example_dags/example_complex.py
[2021-09-28 02:22:07,750] {logging_mixin.py:109} INFO - [2021-09-28 02:22:07,750] {dag.py:1834} INFO - Sync 1 DAGs
[2021-09-28 02:22:07,764] {logging_mixin.py:109} INFO - [2021-09-28 02:22:07,764] {dag.py:2287} INFO - Setting next_dagrun for example_complex to None
[2021-09-28 02:22:07,778] {processor.py:170} INFO - Processing /home/airflow/.local/lib/python3.6/site-packages/airflow/example_dags/example_complex.py took 0.093 seconds
