[2021-09-28 00:48:51,379] {processor.py:162} INFO - Started process (PID=25588) to work on /home/airflow/.local/lib/python3.6/site-packages/airflow/example_dags/example_dag_decorator.py
[2021-09-28 00:48:51,388] {processor.py:613} INFO - Processing file /home/airflow/.local/lib/python3.6/site-packages/airflow/example_dags/example_dag_decorator.py for tasks to queue
[2021-09-28 00:48:51,391] {logging_mixin.py:109} INFO - [2021-09-28 00:48:51,390] {dagbag.py:496} INFO - Filling up the DagBag from /home/airflow/.local/lib/python3.6/site-packages/airflow/example_dags/example_dag_decorator.py
[2021-09-28 00:48:51,418] {processor.py:623} INFO - DAG(s) dict_keys(['example_dag_decorator']) retrieved from /home/airflow/.local/lib/python3.6/site-packages/airflow/example_dags/example_dag_decorator.py
[2021-09-28 00:48:51,829] {logging_mixin.py:109} INFO - [2021-09-28 00:48:51,828] {dag.py:1834} INFO - Sync 1 DAGs
[2021-09-28 00:48:51,841] {logging_mixin.py:109} INFO - [2021-09-28 00:48:51,841] {dag.py:2287} INFO - Setting next_dagrun for example_dag_decorator to None
[2021-09-28 00:48:51,860] {processor.py:170} INFO - Processing /home/airflow/.local/lib/python3.6/site-packages/airflow/example_dags/example_dag_decorator.py took 0.492 seconds
[2021-09-28 01:00:14,866] {processor.py:162} INFO - Started process (PID=25779) to work on /home/airflow/.local/lib/python3.6/site-packages/airflow/example_dags/example_dag_decorator.py
[2021-09-28 01:00:14,874] {processor.py:613} INFO - Processing file /home/airflow/.local/lib/python3.6/site-packages/airflow/example_dags/example_dag_decorator.py for tasks to queue
[2021-09-28 01:00:14,878] {logging_mixin.py:109} INFO - [2021-09-28 01:00:14,877] {dagbag.py:496} INFO - Filling up the DagBag from /home/airflow/.local/lib/python3.6/site-packages/airflow/example_dags/example_dag_decorator.py
[2021-09-28 01:00:14,948] {processor.py:623} INFO - DAG(s) dict_keys(['example_dag_decorator']) retrieved from /home/airflow/.local/lib/python3.6/site-packages/airflow/example_dags/example_dag_decorator.py
[2021-09-28 01:00:15,569] {logging_mixin.py:109} INFO - [2021-09-28 01:00:15,568] {dag.py:1834} INFO - Sync 1 DAGs
[2021-09-28 01:00:15,603] {logging_mixin.py:109} INFO - [2021-09-28 01:00:15,603] {dag.py:2287} INFO - Setting next_dagrun for example_dag_decorator to None
[2021-09-28 01:00:15,630] {processor.py:170} INFO - Processing /home/airflow/.local/lib/python3.6/site-packages/airflow/example_dags/example_dag_decorator.py took 0.777 seconds
[2021-09-28 02:20:39,431] {processor.py:162} INFO - Started process (PID=25970) to work on /home/airflow/.local/lib/python3.6/site-packages/airflow/example_dags/example_dag_decorator.py
[2021-09-28 02:20:39,433] {processor.py:613} INFO - Processing file /home/airflow/.local/lib/python3.6/site-packages/airflow/example_dags/example_dag_decorator.py for tasks to queue
[2021-09-28 02:20:39,436] {logging_mixin.py:109} INFO - [2021-09-28 02:20:39,436] {dagbag.py:496} INFO - Filling up the DagBag from /home/airflow/.local/lib/python3.6/site-packages/airflow/example_dags/example_dag_decorator.py
[2021-09-28 02:20:39,480] {processor.py:623} INFO - DAG(s) dict_keys(['example_dag_decorator']) retrieved from /home/airflow/.local/lib/python3.6/site-packages/airflow/example_dags/example_dag_decorator.py
[2021-09-28 02:20:40,034] {logging_mixin.py:109} INFO - [2021-09-28 02:20:40,034] {dag.py:1834} INFO - Sync 1 DAGs
[2021-09-28 02:20:40,051] {logging_mixin.py:109} INFO - [2021-09-28 02:20:40,051] {dag.py:2287} INFO - Setting next_dagrun for example_dag_decorator to None
[2021-09-28 02:20:40,067] {processor.py:170} INFO - Processing /home/airflow/.local/lib/python3.6/site-packages/airflow/example_dags/example_dag_decorator.py took 0.643 seconds
[2021-09-28 02:21:10,598] {processor.py:162} INFO - Started process (PID=26163) to work on /home/airflow/.local/lib/python3.6/site-packages/airflow/example_dags/example_dag_decorator.py
[2021-09-28 02:21:10,601] {processor.py:613} INFO - Processing file /home/airflow/.local/lib/python3.6/site-packages/airflow/example_dags/example_dag_decorator.py for tasks to queue
[2021-09-28 02:21:10,605] {logging_mixin.py:109} INFO - [2021-09-28 02:21:10,604] {dagbag.py:496} INFO - Filling up the DagBag from /home/airflow/.local/lib/python3.6/site-packages/airflow/example_dags/example_dag_decorator.py
[2021-09-28 02:21:10,633] {processor.py:623} INFO - DAG(s) dict_keys(['example_dag_decorator']) retrieved from /home/airflow/.local/lib/python3.6/site-packages/airflow/example_dags/example_dag_decorator.py
[2021-09-28 02:21:10,926] {logging_mixin.py:109} INFO - [2021-09-28 02:21:10,926] {dag.py:1834} INFO - Sync 1 DAGs
[2021-09-28 02:21:10,943] {logging_mixin.py:109} INFO - [2021-09-28 02:21:10,943] {dag.py:2287} INFO - Setting next_dagrun for example_dag_decorator to None
[2021-09-28 02:21:10,963] {processor.py:170} INFO - Processing /home/airflow/.local/lib/python3.6/site-packages/airflow/example_dags/example_dag_decorator.py took 0.371 seconds
[2021-09-28 02:21:41,701] {processor.py:162} INFO - Started process (PID=26351) to work on /home/airflow/.local/lib/python3.6/site-packages/airflow/example_dags/example_dag_decorator.py
[2021-09-28 02:21:41,703] {processor.py:613} INFO - Processing file /home/airflow/.local/lib/python3.6/site-packages/airflow/example_dags/example_dag_decorator.py for tasks to queue
[2021-09-28 02:21:41,705] {logging_mixin.py:109} INFO - [2021-09-28 02:21:41,704] {dagbag.py:496} INFO - Filling up the DagBag from /home/airflow/.local/lib/python3.6/site-packages/airflow/example_dags/example_dag_decorator.py
[2021-09-28 02:21:41,739] {processor.py:623} INFO - DAG(s) dict_keys(['example_dag_decorator']) retrieved from /home/airflow/.local/lib/python3.6/site-packages/airflow/example_dags/example_dag_decorator.py
[2021-09-28 02:21:42,009] {logging_mixin.py:109} INFO - [2021-09-28 02:21:42,009] {dag.py:1834} INFO - Sync 1 DAGs
[2021-09-28 02:21:42,022] {logging_mixin.py:109} INFO - [2021-09-28 02:21:42,022] {dag.py:2287} INFO - Setting next_dagrun for example_dag_decorator to None
[2021-09-28 02:21:42,037] {processor.py:170} INFO - Processing /home/airflow/.local/lib/python3.6/site-packages/airflow/example_dags/example_dag_decorator.py took 0.341 seconds
[2021-09-28 02:22:13,020] {processor.py:162} INFO - Started process (PID=26533) to work on /home/airflow/.local/lib/python3.6/site-packages/airflow/example_dags/example_dag_decorator.py
[2021-09-28 02:22:13,023] {processor.py:613} INFO - Processing file /home/airflow/.local/lib/python3.6/site-packages/airflow/example_dags/example_dag_decorator.py for tasks to queue
[2021-09-28 02:22:13,042] {logging_mixin.py:109} INFO - [2021-09-28 02:22:13,042] {dagbag.py:496} INFO - Filling up the DagBag from /home/airflow/.local/lib/python3.6/site-packages/airflow/example_dags/example_dag_decorator.py
[2021-09-28 02:22:13,090] {processor.py:623} INFO - DAG(s) dict_keys(['example_dag_decorator']) retrieved from /home/airflow/.local/lib/python3.6/site-packages/airflow/example_dags/example_dag_decorator.py
[2021-09-28 02:22:13,436] {logging_mixin.py:109} INFO - [2021-09-28 02:22:13,436] {dag.py:1834} INFO - Sync 1 DAGs
[2021-09-28 02:22:13,451] {logging_mixin.py:109} INFO - [2021-09-28 02:22:13,451] {dag.py:2287} INFO - Setting next_dagrun for example_dag_decorator to None
[2021-09-28 02:22:13,470] {processor.py:170} INFO - Processing /home/airflow/.local/lib/python3.6/site-packages/airflow/example_dags/example_dag_decorator.py took 0.454 seconds
