[2021-09-28 00:48:47,708] {processor.py:162} INFO - Started process (PID=25525) to work on /home/airflow/.local/lib/python3.6/site-packages/airflow/example_dags/example_branch_day_of_week_operator.py
[2021-09-28 00:48:47,711] {processor.py:613} INFO - Processing file /home/airflow/.local/lib/python3.6/site-packages/airflow/example_dags/example_branch_day_of_week_operator.py for tasks to queue
[2021-09-28 00:48:47,714] {logging_mixin.py:109} INFO - [2021-09-28 00:48:47,713] {dagbag.py:496} INFO - Filling up the DagBag from /home/airflow/.local/lib/python3.6/site-packages/airflow/example_dags/example_branch_day_of_week_operator.py
[2021-09-28 00:48:47,725] {processor.py:623} INFO - DAG(s) dict_keys(['example_weekday_branch_operator']) retrieved from /home/airflow/.local/lib/python3.6/site-packages/airflow/example_dags/example_branch_day_of_week_operator.py
[2021-09-28 00:48:48,225] {logging_mixin.py:109} INFO - [2021-09-28 00:48:48,225] {dag.py:1834} INFO - Sync 1 DAGs
[2021-09-28 00:48:48,252] {logging_mixin.py:109} INFO - [2021-09-28 00:48:48,252] {dag.py:2287} INFO - Setting next_dagrun for example_weekday_branch_operator to 2021-09-26 00:00:00+00:00
[2021-09-28 00:48:48,280] {processor.py:170} INFO - Processing /home/airflow/.local/lib/python3.6/site-packages/airflow/example_dags/example_branch_day_of_week_operator.py took 0.576 seconds
[2021-09-28 01:00:09,120] {processor.py:162} INFO - Started process (PID=25699) to work on /home/airflow/.local/lib/python3.6/site-packages/airflow/example_dags/example_branch_day_of_week_operator.py
[2021-09-28 01:00:09,132] {processor.py:613} INFO - Processing file /home/airflow/.local/lib/python3.6/site-packages/airflow/example_dags/example_branch_day_of_week_operator.py for tasks to queue
[2021-09-28 01:00:09,136] {logging_mixin.py:109} INFO - [2021-09-28 01:00:09,136] {dagbag.py:496} INFO - Filling up the DagBag from /home/airflow/.local/lib/python3.6/site-packages/airflow/example_dags/example_branch_day_of_week_operator.py
[2021-09-28 01:00:09,164] {processor.py:623} INFO - DAG(s) dict_keys(['example_weekday_branch_operator']) retrieved from /home/airflow/.local/lib/python3.6/site-packages/airflow/example_dags/example_branch_day_of_week_operator.py
[2021-09-28 01:00:09,209] {logging_mixin.py:109} INFO - [2021-09-28 01:00:09,209] {dag.py:1834} INFO - Sync 1 DAGs
[2021-09-28 01:00:09,233] {logging_mixin.py:109} INFO - [2021-09-28 01:00:09,232] {dag.py:2287} INFO - Setting next_dagrun for example_weekday_branch_operator to 2021-09-26 00:00:00+00:00
[2021-09-28 01:00:09,264] {processor.py:170} INFO - Processing /home/airflow/.local/lib/python3.6/site-packages/airflow/example_dags/example_branch_day_of_week_operator.py took 0.155 seconds
[2021-09-28 02:20:36,330] {processor.py:162} INFO - Started process (PID=25897) to work on /home/airflow/.local/lib/python3.6/site-packages/airflow/example_dags/example_branch_day_of_week_operator.py
[2021-09-28 02:20:36,353] {processor.py:613} INFO - Processing file /home/airflow/.local/lib/python3.6/site-packages/airflow/example_dags/example_branch_day_of_week_operator.py for tasks to queue
[2021-09-28 02:20:36,356] {logging_mixin.py:109} INFO - [2021-09-28 02:20:36,356] {dagbag.py:496} INFO - Filling up the DagBag from /home/airflow/.local/lib/python3.6/site-packages/airflow/example_dags/example_branch_day_of_week_operator.py
[2021-09-28 02:20:36,405] {processor.py:623} INFO - DAG(s) dict_keys(['example_weekday_branch_operator']) retrieved from /home/airflow/.local/lib/python3.6/site-packages/airflow/example_dags/example_branch_day_of_week_operator.py
[2021-09-28 02:20:36,530] {logging_mixin.py:109} INFO - [2021-09-28 02:20:36,530] {dag.py:1834} INFO - Sync 1 DAGs
[2021-09-28 02:20:36,613] {logging_mixin.py:109} INFO - [2021-09-28 02:20:36,612] {dag.py:2287} INFO - Setting next_dagrun for example_weekday_branch_operator to 2021-09-26 00:00:00+00:00
[2021-09-28 02:20:36,680] {processor.py:170} INFO - Processing /home/airflow/.local/lib/python3.6/site-packages/airflow/example_dags/example_branch_day_of_week_operator.py took 0.356 seconds
[2021-09-28 02:21:07,394] {processor.py:162} INFO - Started process (PID=26096) to work on /home/airflow/.local/lib/python3.6/site-packages/airflow/example_dags/example_branch_day_of_week_operator.py
[2021-09-28 02:21:07,404] {processor.py:613} INFO - Processing file /home/airflow/.local/lib/python3.6/site-packages/airflow/example_dags/example_branch_day_of_week_operator.py for tasks to queue
[2021-09-28 02:21:07,407] {logging_mixin.py:109} INFO - [2021-09-28 02:21:07,407] {dagbag.py:496} INFO - Filling up the DagBag from /home/airflow/.local/lib/python3.6/site-packages/airflow/example_dags/example_branch_day_of_week_operator.py
[2021-09-28 02:21:07,415] {processor.py:623} INFO - DAG(s) dict_keys(['example_weekday_branch_operator']) retrieved from /home/airflow/.local/lib/python3.6/site-packages/airflow/example_dags/example_branch_day_of_week_operator.py
[2021-09-28 02:21:07,468] {logging_mixin.py:109} INFO - [2021-09-28 02:21:07,467] {dag.py:1834} INFO - Sync 1 DAGs
[2021-09-28 02:21:07,485] {logging_mixin.py:109} INFO - [2021-09-28 02:21:07,485] {dag.py:2287} INFO - Setting next_dagrun for example_weekday_branch_operator to 2021-09-26 00:00:00+00:00
[2021-09-28 02:21:07,511] {processor.py:170} INFO - Processing /home/airflow/.local/lib/python3.6/site-packages/airflow/example_dags/example_branch_day_of_week_operator.py took 0.125 seconds
[2021-09-28 02:21:38,412] {processor.py:162} INFO - Started process (PID=26288) to work on /home/airflow/.local/lib/python3.6/site-packages/airflow/example_dags/example_branch_day_of_week_operator.py
[2021-09-28 02:21:38,415] {processor.py:613} INFO - Processing file /home/airflow/.local/lib/python3.6/site-packages/airflow/example_dags/example_branch_day_of_week_operator.py for tasks to queue
[2021-09-28 02:21:38,436] {logging_mixin.py:109} INFO - [2021-09-28 02:21:38,436] {dagbag.py:496} INFO - Filling up the DagBag from /home/airflow/.local/lib/python3.6/site-packages/airflow/example_dags/example_branch_day_of_week_operator.py
[2021-09-28 02:21:38,451] {processor.py:623} INFO - DAG(s) dict_keys(['example_weekday_branch_operator']) retrieved from /home/airflow/.local/lib/python3.6/site-packages/airflow/example_dags/example_branch_day_of_week_operator.py
[2021-09-28 02:21:38,485] {logging_mixin.py:109} INFO - [2021-09-28 02:21:38,484] {dag.py:1834} INFO - Sync 1 DAGs
[2021-09-28 02:21:38,503] {logging_mixin.py:109} INFO - [2021-09-28 02:21:38,503] {dag.py:2287} INFO - Setting next_dagrun for example_weekday_branch_operator to 2021-09-26 00:00:00+00:00
[2021-09-28 02:21:38,519] {processor.py:170} INFO - Processing /home/airflow/.local/lib/python3.6/site-packages/airflow/example_dags/example_branch_day_of_week_operator.py took 0.112 seconds
[2021-09-28 02:22:08,971] {processor.py:162} INFO - Started process (PID=26474) to work on /home/airflow/.local/lib/python3.6/site-packages/airflow/example_dags/example_branch_day_of_week_operator.py
[2021-09-28 02:22:08,974] {processor.py:613} INFO - Processing file /home/airflow/.local/lib/python3.6/site-packages/airflow/example_dags/example_branch_day_of_week_operator.py for tasks to queue
[2021-09-28 02:22:08,976] {logging_mixin.py:109} INFO - [2021-09-28 02:22:08,976] {dagbag.py:496} INFO - Filling up the DagBag from /home/airflow/.local/lib/python3.6/site-packages/airflow/example_dags/example_branch_day_of_week_operator.py
[2021-09-28 02:22:08,985] {processor.py:623} INFO - DAG(s) dict_keys(['example_weekday_branch_operator']) retrieved from /home/airflow/.local/lib/python3.6/site-packages/airflow/example_dags/example_branch_day_of_week_operator.py
[2021-09-28 02:22:09,024] {logging_mixin.py:109} INFO - [2021-09-28 02:22:09,023] {dag.py:1834} INFO - Sync 1 DAGs
[2021-09-28 02:22:09,038] {logging_mixin.py:109} INFO - [2021-09-28 02:22:09,038] {dag.py:2287} INFO - Setting next_dagrun for example_weekday_branch_operator to 2021-09-26 00:00:00+00:00
[2021-09-28 02:22:09,050] {processor.py:170} INFO - Processing /home/airflow/.local/lib/python3.6/site-packages/airflow/example_dags/example_branch_day_of_week_operator.py took 0.083 seconds
