[2021-09-28 00:48:49,079] {processor.py:162} INFO - Started process (PID=25551) to work on /home/airflow/.local/lib/python3.6/site-packages/airflow/example_dags/example_short_circuit_operator.py
[2021-09-28 00:48:49,081] {processor.py:613} INFO - Processing file /home/airflow/.local/lib/python3.6/site-packages/airflow/example_dags/example_short_circuit_operator.py for tasks to queue
[2021-09-28 00:48:49,084] {logging_mixin.py:109} INFO - [2021-09-28 00:48:49,083] {dagbag.py:496} INFO - Filling up the DagBag from /home/airflow/.local/lib/python3.6/site-packages/airflow/example_dags/example_short_circuit_operator.py
[2021-09-28 00:48:49,099] {processor.py:623} INFO - DAG(s) dict_keys(['example_short_circuit_operator']) retrieved from /home/airflow/.local/lib/python3.6/site-packages/airflow/example_dags/example_short_circuit_operator.py
[2021-09-28 00:48:49,588] {logging_mixin.py:109} INFO - [2021-09-28 00:48:49,588] {dag.py:1834} INFO - Sync 1 DAGs
[2021-09-28 00:48:49,612] {logging_mixin.py:109} INFO - [2021-09-28 00:48:49,608] {dag.py:2287} INFO - Setting next_dagrun for example_short_circuit_operator to 2021-09-26 00:00:00+00:00
[2021-09-28 00:48:49,645] {processor.py:170} INFO - Processing /home/airflow/.local/lib/python3.6/site-packages/airflow/example_dags/example_short_circuit_operator.py took 0.570 seconds
[2021-09-28 01:00:10,115] {processor.py:162} INFO - Started process (PID=25738) to work on /home/airflow/.local/lib/python3.6/site-packages/airflow/example_dags/example_short_circuit_operator.py
[2021-09-28 01:00:10,118] {processor.py:613} INFO - Processing file /home/airflow/.local/lib/python3.6/site-packages/airflow/example_dags/example_short_circuit_operator.py for tasks to queue
[2021-09-28 01:00:10,120] {logging_mixin.py:109} INFO - [2021-09-28 01:00:10,120] {dagbag.py:496} INFO - Filling up the DagBag from /home/airflow/.local/lib/python3.6/site-packages/airflow/example_dags/example_short_circuit_operator.py
[2021-09-28 01:00:10,167] {processor.py:623} INFO - DAG(s) dict_keys(['example_short_circuit_operator']) retrieved from /home/airflow/.local/lib/python3.6/site-packages/airflow/example_dags/example_short_circuit_operator.py
[2021-09-28 01:00:10,283] {logging_mixin.py:109} INFO - [2021-09-28 01:00:10,283] {dag.py:1834} INFO - Sync 1 DAGs
[2021-09-28 01:00:10,325] {logging_mixin.py:109} INFO - [2021-09-28 01:00:10,324] {dag.py:2287} INFO - Setting next_dagrun for example_short_circuit_operator to 2021-09-26 00:00:00+00:00
[2021-09-28 01:00:10,386] {processor.py:170} INFO - Processing /home/airflow/.local/lib/python3.6/site-packages/airflow/example_dags/example_short_circuit_operator.py took 0.276 seconds
[2021-09-28 02:20:37,269] {processor.py:162} INFO - Started process (PID=25922) to work on /home/airflow/.local/lib/python3.6/site-packages/airflow/example_dags/example_short_circuit_operator.py
[2021-09-28 02:20:37,272] {processor.py:613} INFO - Processing file /home/airflow/.local/lib/python3.6/site-packages/airflow/example_dags/example_short_circuit_operator.py for tasks to queue
[2021-09-28 02:20:37,286] {logging_mixin.py:109} INFO - [2021-09-28 02:20:37,286] {dagbag.py:496} INFO - Filling up the DagBag from /home/airflow/.local/lib/python3.6/site-packages/airflow/example_dags/example_short_circuit_operator.py
[2021-09-28 02:20:37,360] {processor.py:623} INFO - DAG(s) dict_keys(['example_short_circuit_operator']) retrieved from /home/airflow/.local/lib/python3.6/site-packages/airflow/example_dags/example_short_circuit_operator.py
[2021-09-28 02:20:37,457] {logging_mixin.py:109} INFO - [2021-09-28 02:20:37,457] {dag.py:1834} INFO - Sync 1 DAGs
[2021-09-28 02:20:37,501] {logging_mixin.py:109} INFO - [2021-09-28 02:20:37,500] {dag.py:2287} INFO - Setting next_dagrun for example_short_circuit_operator to 2021-09-26 00:00:00+00:00
[2021-09-28 02:20:37,556] {processor.py:170} INFO - Processing /home/airflow/.local/lib/python3.6/site-packages/airflow/example_dags/example_short_circuit_operator.py took 0.318 seconds
[2021-09-28 02:21:07,736] {processor.py:162} INFO - Started process (PID=26121) to work on /home/airflow/.local/lib/python3.6/site-packages/airflow/example_dags/example_short_circuit_operator.py
[2021-09-28 02:21:07,740] {processor.py:613} INFO - Processing file /home/airflow/.local/lib/python3.6/site-packages/airflow/example_dags/example_short_circuit_operator.py for tasks to queue
[2021-09-28 02:21:07,741] {logging_mixin.py:109} INFO - [2021-09-28 02:21:07,741] {dagbag.py:496} INFO - Filling up the DagBag from /home/airflow/.local/lib/python3.6/site-packages/airflow/example_dags/example_short_circuit_operator.py
[2021-09-28 02:21:07,752] {processor.py:623} INFO - DAG(s) dict_keys(['example_short_circuit_operator']) retrieved from /home/airflow/.local/lib/python3.6/site-packages/airflow/example_dags/example_short_circuit_operator.py
[2021-09-28 02:21:07,789] {logging_mixin.py:109} INFO - [2021-09-28 02:21:07,789] {dag.py:1834} INFO - Sync 1 DAGs
[2021-09-28 02:21:07,802] {logging_mixin.py:109} INFO - [2021-09-28 02:21:07,802] {dag.py:2287} INFO - Setting next_dagrun for example_short_circuit_operator to 2021-09-26 00:00:00+00:00
[2021-09-28 02:21:07,815] {processor.py:170} INFO - Processing /home/airflow/.local/lib/python3.6/site-packages/airflow/example_dags/example_short_circuit_operator.py took 0.088 seconds
[2021-09-28 02:21:38,744] {processor.py:162} INFO - Started process (PID=26313) to work on /home/airflow/.local/lib/python3.6/site-packages/airflow/example_dags/example_short_circuit_operator.py
[2021-09-28 02:21:38,747] {processor.py:613} INFO - Processing file /home/airflow/.local/lib/python3.6/site-packages/airflow/example_dags/example_short_circuit_operator.py for tasks to queue
[2021-09-28 02:21:38,750] {logging_mixin.py:109} INFO - [2021-09-28 02:21:38,750] {dagbag.py:496} INFO - Filling up the DagBag from /home/airflow/.local/lib/python3.6/site-packages/airflow/example_dags/example_short_circuit_operator.py
[2021-09-28 02:21:38,762] {processor.py:623} INFO - DAG(s) dict_keys(['example_short_circuit_operator']) retrieved from /home/airflow/.local/lib/python3.6/site-packages/airflow/example_dags/example_short_circuit_operator.py
[2021-09-28 02:21:38,801] {logging_mixin.py:109} INFO - [2021-09-28 02:21:38,801] {dag.py:1834} INFO - Sync 1 DAGs
[2021-09-28 02:21:38,815] {logging_mixin.py:109} INFO - [2021-09-28 02:21:38,815] {dag.py:2287} INFO - Setting next_dagrun for example_short_circuit_operator to 2021-09-26 00:00:00+00:00
[2021-09-28 02:21:38,835] {processor.py:170} INFO - Processing /home/airflow/.local/lib/python3.6/site-packages/airflow/example_dags/example_short_circuit_operator.py took 0.096 seconds
[2021-09-28 02:22:09,338] {processor.py:162} INFO - Started process (PID=26497) to work on /home/airflow/.local/lib/python3.6/site-packages/airflow/example_dags/example_short_circuit_operator.py
[2021-09-28 02:22:09,341] {processor.py:613} INFO - Processing file /home/airflow/.local/lib/python3.6/site-packages/airflow/example_dags/example_short_circuit_operator.py for tasks to queue
[2021-09-28 02:22:09,344] {logging_mixin.py:109} INFO - [2021-09-28 02:22:09,344] {dagbag.py:496} INFO - Filling up the DagBag from /home/airflow/.local/lib/python3.6/site-packages/airflow/example_dags/example_short_circuit_operator.py
[2021-09-28 02:22:09,358] {processor.py:623} INFO - DAG(s) dict_keys(['example_short_circuit_operator']) retrieved from /home/airflow/.local/lib/python3.6/site-packages/airflow/example_dags/example_short_circuit_operator.py
[2021-09-28 02:22:09,396] {logging_mixin.py:109} INFO - [2021-09-28 02:22:09,396] {dag.py:1834} INFO - Sync 1 DAGs
[2021-09-28 02:22:09,410] {logging_mixin.py:109} INFO - [2021-09-28 02:22:09,409] {dag.py:2287} INFO - Setting next_dagrun for example_short_circuit_operator to 2021-09-26 00:00:00+00:00
[2021-09-28 02:22:09,425] {processor.py:170} INFO - Processing /home/airflow/.local/lib/python3.6/site-packages/airflow/example_dags/example_short_circuit_operator.py took 0.092 seconds
