[2021-09-28 00:48:42,896] {processor.py:162} INFO - Started process (PID=25476) to work on /home/airflow/.local/lib/python3.6/site-packages/airflow/example_dags/example_latest_only.py
[2021-09-28 00:48:42,899] {processor.py:613} INFO - Processing file /home/airflow/.local/lib/python3.6/site-packages/airflow/example_dags/example_latest_only.py for tasks to queue
[2021-09-28 00:48:42,907] {logging_mixin.py:109} INFO - [2021-09-28 00:48:42,907] {dagbag.py:496} INFO - Filling up the DagBag from /home/airflow/.local/lib/python3.6/site-packages/airflow/example_dags/example_latest_only.py
[2021-09-28 00:48:42,971] {processor.py:623} INFO - DAG(s) dict_keys(['latest_only']) retrieved from /home/airflow/.local/lib/python3.6/site-packages/airflow/example_dags/example_latest_only.py
[2021-09-28 00:48:45,845] {logging_mixin.py:109} INFO - [2021-09-28 00:48:45,841] {dag.py:1834} INFO - Sync 1 DAGs
[2021-09-28 00:48:45,910] {logging_mixin.py:109} INFO - [2021-09-28 00:48:45,910] {dag.py:2287} INFO - Setting next_dagrun for latest_only to 2021-09-26 00:00:00+00:00
[2021-09-28 00:48:45,987] {processor.py:170} INFO - Processing /home/airflow/.local/lib/python3.6/site-packages/airflow/example_dags/example_latest_only.py took 3.114 seconds
[2021-09-28 01:00:08,316] {processor.py:162} INFO - Started process (PID=25669) to work on /home/airflow/.local/lib/python3.6/site-packages/airflow/example_dags/example_latest_only.py
[2021-09-28 01:00:08,322] {processor.py:613} INFO - Processing file /home/airflow/.local/lib/python3.6/site-packages/airflow/example_dags/example_latest_only.py for tasks to queue
[2021-09-28 01:00:08,325] {logging_mixin.py:109} INFO - [2021-09-28 01:00:08,324] {dagbag.py:496} INFO - Filling up the DagBag from /home/airflow/.local/lib/python3.6/site-packages/airflow/example_dags/example_latest_only.py
[2021-09-28 01:00:08,339] {processor.py:623} INFO - DAG(s) dict_keys(['latest_only']) retrieved from /home/airflow/.local/lib/python3.6/site-packages/airflow/example_dags/example_latest_only.py
[2021-09-28 01:00:08,395] {logging_mixin.py:109} INFO - [2021-09-28 01:00:08,394] {dag.py:1834} INFO - Sync 1 DAGs
[2021-09-28 01:00:08,424] {logging_mixin.py:109} INFO - [2021-09-28 01:00:08,423] {dag.py:2287} INFO - Setting next_dagrun for latest_only to 2021-09-26 00:00:00+00:00
[2021-09-28 01:00:08,453] {processor.py:170} INFO - Processing /home/airflow/.local/lib/python3.6/site-packages/airflow/example_dags/example_latest_only.py took 0.144 seconds
[2021-09-28 02:20:35,165] {processor.py:162} INFO - Started process (PID=25863) to work on /home/airflow/.local/lib/python3.6/site-packages/airflow/example_dags/example_latest_only.py
[2021-09-28 02:20:35,168] {processor.py:613} INFO - Processing file /home/airflow/.local/lib/python3.6/site-packages/airflow/example_dags/example_latest_only.py for tasks to queue
[2021-09-28 02:20:35,170] {logging_mixin.py:109} INFO - [2021-09-28 02:20:35,170] {dagbag.py:496} INFO - Filling up the DagBag from /home/airflow/.local/lib/python3.6/site-packages/airflow/example_dags/example_latest_only.py
[2021-09-28 02:20:35,201] {processor.py:623} INFO - DAG(s) dict_keys(['latest_only']) retrieved from /home/airflow/.local/lib/python3.6/site-packages/airflow/example_dags/example_latest_only.py
[2021-09-28 02:20:35,255] {logging_mixin.py:109} INFO - [2021-09-28 02:20:35,255] {dag.py:1834} INFO - Sync 1 DAGs
[2021-09-28 02:20:35,278] {logging_mixin.py:109} INFO - [2021-09-28 02:20:35,278] {dag.py:2287} INFO - Setting next_dagrun for latest_only to 2021-09-26 00:00:00+00:00
[2021-09-28 02:20:35,296] {processor.py:170} INFO - Processing /home/airflow/.local/lib/python3.6/site-packages/airflow/example_dags/example_latest_only.py took 0.139 seconds
[2021-09-28 02:21:05,594] {processor.py:162} INFO - Started process (PID=26063) to work on /home/airflow/.local/lib/python3.6/site-packages/airflow/example_dags/example_latest_only.py
[2021-09-28 02:21:05,600] {processor.py:613} INFO - Processing file /home/airflow/.local/lib/python3.6/site-packages/airflow/example_dags/example_latest_only.py for tasks to queue
[2021-09-28 02:21:05,602] {logging_mixin.py:109} INFO - [2021-09-28 02:21:05,602] {dagbag.py:496} INFO - Filling up the DagBag from /home/airflow/.local/lib/python3.6/site-packages/airflow/example_dags/example_latest_only.py
[2021-09-28 02:21:05,613] {processor.py:623} INFO - DAG(s) dict_keys(['latest_only']) retrieved from /home/airflow/.local/lib/python3.6/site-packages/airflow/example_dags/example_latest_only.py
[2021-09-28 02:21:05,676] {logging_mixin.py:109} INFO - [2021-09-28 02:21:05,675] {dag.py:1834} INFO - Sync 1 DAGs
[2021-09-28 02:21:05,689] {logging_mixin.py:109} INFO - [2021-09-28 02:21:05,689] {dag.py:2287} INFO - Setting next_dagrun for latest_only to 2021-09-26 00:00:00+00:00
[2021-09-28 02:21:05,706] {processor.py:170} INFO - Processing /home/airflow/.local/lib/python3.6/site-packages/airflow/example_dags/example_latest_only.py took 0.115 seconds
[2021-09-28 02:21:36,518] {processor.py:162} INFO - Started process (PID=26246) to work on /home/airflow/.local/lib/python3.6/site-packages/airflow/example_dags/example_latest_only.py
[2021-09-28 02:21:36,521] {processor.py:613} INFO - Processing file /home/airflow/.local/lib/python3.6/site-packages/airflow/example_dags/example_latest_only.py for tasks to queue
[2021-09-28 02:21:36,524] {logging_mixin.py:109} INFO - [2021-09-28 02:21:36,523] {dagbag.py:496} INFO - Filling up the DagBag from /home/airflow/.local/lib/python3.6/site-packages/airflow/example_dags/example_latest_only.py
[2021-09-28 02:21:36,535] {processor.py:623} INFO - DAG(s) dict_keys(['latest_only']) retrieved from /home/airflow/.local/lib/python3.6/site-packages/airflow/example_dags/example_latest_only.py
[2021-09-28 02:21:36,576] {logging_mixin.py:109} INFO - [2021-09-28 02:21:36,576] {dag.py:1834} INFO - Sync 1 DAGs
[2021-09-28 02:21:36,595] {logging_mixin.py:109} INFO - [2021-09-28 02:21:36,595] {dag.py:2287} INFO - Setting next_dagrun for latest_only to 2021-09-26 00:00:00+00:00
[2021-09-28 02:21:36,622] {processor.py:170} INFO - Processing /home/airflow/.local/lib/python3.6/site-packages/airflow/example_dags/example_latest_only.py took 0.110 seconds
[2021-09-28 02:22:07,232] {processor.py:162} INFO - Started process (PID=26437) to work on /home/airflow/.local/lib/python3.6/site-packages/airflow/example_dags/example_latest_only.py
[2021-09-28 02:22:07,234] {processor.py:613} INFO - Processing file /home/airflow/.local/lib/python3.6/site-packages/airflow/example_dags/example_latest_only.py for tasks to queue
[2021-09-28 02:22:07,236] {logging_mixin.py:109} INFO - [2021-09-28 02:22:07,235] {dagbag.py:496} INFO - Filling up the DagBag from /home/airflow/.local/lib/python3.6/site-packages/airflow/example_dags/example_latest_only.py
[2021-09-28 02:22:07,248] {processor.py:623} INFO - DAG(s) dict_keys(['latest_only']) retrieved from /home/airflow/.local/lib/python3.6/site-packages/airflow/example_dags/example_latest_only.py
[2021-09-28 02:22:07,302] {logging_mixin.py:109} INFO - [2021-09-28 02:22:07,302] {dag.py:1834} INFO - Sync 1 DAGs
[2021-09-28 02:22:07,321] {logging_mixin.py:109} INFO - [2021-09-28 02:22:07,321] {dag.py:2287} INFO - Setting next_dagrun for latest_only to 2021-09-26 00:00:00+00:00
[2021-09-28 02:22:07,334] {processor.py:170} INFO - Processing /home/airflow/.local/lib/python3.6/site-packages/airflow/example_dags/example_latest_only.py took 0.108 seconds
