[2021-09-28 00:48:51,600] {processor.py:162} INFO - Started process (PID=25593) to work on /home/airflow/.local/lib/python3.6/site-packages/airflow/example_dags/example_branch_operator.py
[2021-09-28 00:48:51,603] {processor.py:613} INFO - Processing file /home/airflow/.local/lib/python3.6/site-packages/airflow/example_dags/example_branch_operator.py for tasks to queue
[2021-09-28 00:48:51,605] {logging_mixin.py:109} INFO - [2021-09-28 00:48:51,604] {dagbag.py:496} INFO - Filling up the DagBag from /home/airflow/.local/lib/python3.6/site-packages/airflow/example_dags/example_branch_operator.py
[2021-09-28 00:48:51,630] {processor.py:623} INFO - DAG(s) dict_keys(['example_branch_operator']) retrieved from /home/airflow/.local/lib/python3.6/site-packages/airflow/example_dags/example_branch_operator.py
[2021-09-28 00:48:51,968] {logging_mixin.py:109} INFO - [2021-09-28 00:48:51,968] {dag.py:1834} INFO - Sync 1 DAGs
[2021-09-28 00:48:51,990] {logging_mixin.py:109} INFO - [2021-09-28 00:48:51,989] {dag.py:2287} INFO - Setting next_dagrun for example_branch_operator to 2021-09-26 00:00:00+00:00
[2021-09-28 00:48:52,015] {processor.py:170} INFO - Processing /home/airflow/.local/lib/python3.6/site-packages/airflow/example_dags/example_branch_operator.py took 0.419 seconds
[2021-09-28 01:00:15,716] {processor.py:162} INFO - Started process (PID=25787) to work on /home/airflow/.local/lib/python3.6/site-packages/airflow/example_dags/example_branch_operator.py
[2021-09-28 01:00:15,720] {processor.py:613} INFO - Processing file /home/airflow/.local/lib/python3.6/site-packages/airflow/example_dags/example_branch_operator.py for tasks to queue
[2021-09-28 01:00:15,725] {logging_mixin.py:109} INFO - [2021-09-28 01:00:15,725] {dagbag.py:496} INFO - Filling up the DagBag from /home/airflow/.local/lib/python3.6/site-packages/airflow/example_dags/example_branch_operator.py
[2021-09-28 01:00:15,787] {processor.py:623} INFO - DAG(s) dict_keys(['example_branch_operator']) retrieved from /home/airflow/.local/lib/python3.6/site-packages/airflow/example_dags/example_branch_operator.py
[2021-09-28 01:00:15,826] {logging_mixin.py:109} INFO - [2021-09-28 01:00:15,826] {dag.py:1834} INFO - Sync 1 DAGs
[2021-09-28 01:00:15,852] {logging_mixin.py:109} INFO - [2021-09-28 01:00:15,852] {dag.py:2287} INFO - Setting next_dagrun for example_branch_operator to 2021-09-26 00:00:00+00:00
[2021-09-28 01:00:15,873] {processor.py:170} INFO - Processing /home/airflow/.local/lib/python3.6/site-packages/airflow/example_dags/example_branch_operator.py took 0.168 seconds
[2021-09-28 02:20:39,778] {processor.py:162} INFO - Started process (PID=25977) to work on /home/airflow/.local/lib/python3.6/site-packages/airflow/example_dags/example_branch_operator.py
[2021-09-28 02:20:39,781] {processor.py:613} INFO - Processing file /home/airflow/.local/lib/python3.6/site-packages/airflow/example_dags/example_branch_operator.py for tasks to queue
[2021-09-28 02:20:39,786] {logging_mixin.py:109} INFO - [2021-09-28 02:20:39,786] {dagbag.py:496} INFO - Filling up the DagBag from /home/airflow/.local/lib/python3.6/site-packages/airflow/example_dags/example_branch_operator.py
[2021-09-28 02:20:39,828] {processor.py:623} INFO - DAG(s) dict_keys(['example_branch_operator']) retrieved from /home/airflow/.local/lib/python3.6/site-packages/airflow/example_dags/example_branch_operator.py
[2021-09-28 02:20:39,903] {logging_mixin.py:109} INFO - [2021-09-28 02:20:39,903] {dag.py:1834} INFO - Sync 1 DAGs
[2021-09-28 02:20:39,941] {logging_mixin.py:109} INFO - [2021-09-28 02:20:39,941] {dag.py:2287} INFO - Setting next_dagrun for example_branch_operator to 2021-09-26 00:00:00+00:00
[2021-09-28 02:20:39,985] {processor.py:170} INFO - Processing /home/airflow/.local/lib/python3.6/site-packages/airflow/example_dags/example_branch_operator.py took 0.211 seconds
[2021-09-28 02:21:10,463] {processor.py:162} INFO - Started process (PID=26158) to work on /home/airflow/.local/lib/python3.6/site-packages/airflow/example_dags/example_branch_operator.py
[2021-09-28 02:21:10,467] {processor.py:613} INFO - Processing file /home/airflow/.local/lib/python3.6/site-packages/airflow/example_dags/example_branch_operator.py for tasks to queue
[2021-09-28 02:21:10,471] {logging_mixin.py:109} INFO - [2021-09-28 02:21:10,470] {dagbag.py:496} INFO - Filling up the DagBag from /home/airflow/.local/lib/python3.6/site-packages/airflow/example_dags/example_branch_operator.py
[2021-09-28 02:21:10,483] {processor.py:623} INFO - DAG(s) dict_keys(['example_branch_operator']) retrieved from /home/airflow/.local/lib/python3.6/site-packages/airflow/example_dags/example_branch_operator.py
[2021-09-28 02:21:10,524] {logging_mixin.py:109} INFO - [2021-09-28 02:21:10,524] {dag.py:1834} INFO - Sync 1 DAGs
[2021-09-28 02:21:10,541] {logging_mixin.py:109} INFO - [2021-09-28 02:21:10,540] {dag.py:2287} INFO - Setting next_dagrun for example_branch_operator to 2021-09-26 00:00:00+00:00
[2021-09-28 02:21:10,555] {processor.py:170} INFO - Processing /home/airflow/.local/lib/python3.6/site-packages/airflow/example_dags/example_branch_operator.py took 0.096 seconds
[2021-09-28 02:21:42,076] {processor.py:162} INFO - Started process (PID=26356) to work on /home/airflow/.local/lib/python3.6/site-packages/airflow/example_dags/example_branch_operator.py
[2021-09-28 02:21:42,079] {processor.py:613} INFO - Processing file /home/airflow/.local/lib/python3.6/site-packages/airflow/example_dags/example_branch_operator.py for tasks to queue
[2021-09-28 02:21:42,081] {logging_mixin.py:109} INFO - [2021-09-28 02:21:42,081] {dagbag.py:496} INFO - Filling up the DagBag from /home/airflow/.local/lib/python3.6/site-packages/airflow/example_dags/example_branch_operator.py
[2021-09-28 02:21:42,098] {processor.py:623} INFO - DAG(s) dict_keys(['example_branch_operator']) retrieved from /home/airflow/.local/lib/python3.6/site-packages/airflow/example_dags/example_branch_operator.py
[2021-09-28 02:21:42,133] {logging_mixin.py:109} INFO - [2021-09-28 02:21:42,133] {dag.py:1834} INFO - Sync 1 DAGs
[2021-09-28 02:21:42,161] {logging_mixin.py:109} INFO - [2021-09-28 02:21:42,161] {dag.py:2287} INFO - Setting next_dagrun for example_branch_operator to 2021-09-26 00:00:00+00:00
[2021-09-28 02:21:42,181] {processor.py:170} INFO - Processing /home/airflow/.local/lib/python3.6/site-packages/airflow/example_dags/example_branch_operator.py took 0.109 seconds
[2021-09-28 02:22:13,032] {processor.py:162} INFO - Started process (PID=26537) to work on /home/airflow/.local/lib/python3.6/site-packages/airflow/example_dags/example_branch_operator.py
[2021-09-28 02:22:13,043] {processor.py:613} INFO - Processing file /home/airflow/.local/lib/python3.6/site-packages/airflow/example_dags/example_branch_operator.py for tasks to queue
[2021-09-28 02:22:13,062] {logging_mixin.py:109} INFO - [2021-09-28 02:22:13,062] {dagbag.py:496} INFO - Filling up the DagBag from /home/airflow/.local/lib/python3.6/site-packages/airflow/example_dags/example_branch_operator.py
[2021-09-28 02:22:13,081] {processor.py:623} INFO - DAG(s) dict_keys(['example_branch_operator']) retrieved from /home/airflow/.local/lib/python3.6/site-packages/airflow/example_dags/example_branch_operator.py
[2021-09-28 02:22:13,125] {logging_mixin.py:109} INFO - [2021-09-28 02:22:13,124] {dag.py:1834} INFO - Sync 1 DAGs
[2021-09-28 02:22:13,144] {logging_mixin.py:109} INFO - [2021-09-28 02:22:13,144] {dag.py:2287} INFO - Setting next_dagrun for example_branch_operator to 2021-09-26 00:00:00+00:00
[2021-09-28 02:22:13,163] {processor.py:170} INFO - Processing /home/airflow/.local/lib/python3.6/site-packages/airflow/example_dags/example_branch_operator.py took 0.133 seconds
