[2021-09-28 00:48:53,589] {processor.py:162} INFO - Started process (PID=25628) to work on /home/airflow/.local/lib/python3.6/site-packages/airflow/example_dags/example_trigger_controller_dag.py
[2021-09-28 00:48:53,594] {processor.py:613} INFO - Processing file /home/airflow/.local/lib/python3.6/site-packages/airflow/example_dags/example_trigger_controller_dag.py for tasks to queue
[2021-09-28 00:48:53,597] {logging_mixin.py:109} INFO - [2021-09-28 00:48:53,597] {dagbag.py:496} INFO - Filling up the DagBag from /home/airflow/.local/lib/python3.6/site-packages/airflow/example_dags/example_trigger_controller_dag.py
[2021-09-28 00:48:53,605] {processor.py:623} INFO - DAG(s) dict_keys(['example_trigger_controller_dag']) retrieved from /home/airflow/.local/lib/python3.6/site-packages/airflow/example_dags/example_trigger_controller_dag.py
[2021-09-28 00:48:53,874] {logging_mixin.py:109} INFO - [2021-09-28 00:48:53,874] {dag.py:1834} INFO - Sync 1 DAGs
[2021-09-28 00:48:53,886] {logging_mixin.py:109} INFO - [2021-09-28 00:48:53,886] {dag.py:2287} INFO - Setting next_dagrun for example_trigger_controller_dag to 2021-09-26 00:00:00+00:00
[2021-09-28 00:48:53,904] {processor.py:170} INFO - Processing /home/airflow/.local/lib/python3.6/site-packages/airflow/example_dags/example_trigger_controller_dag.py took 0.320 seconds
[2021-09-28 01:00:16,647] {processor.py:162} INFO - Started process (PID=25821) to work on /home/airflow/.local/lib/python3.6/site-packages/airflow/example_dags/example_trigger_controller_dag.py
[2021-09-28 01:00:16,656] {processor.py:613} INFO - Processing file /home/airflow/.local/lib/python3.6/site-packages/airflow/example_dags/example_trigger_controller_dag.py for tasks to queue
[2021-09-28 01:00:16,662] {logging_mixin.py:109} INFO - [2021-09-28 01:00:16,661] {dagbag.py:496} INFO - Filling up the DagBag from /home/airflow/.local/lib/python3.6/site-packages/airflow/example_dags/example_trigger_controller_dag.py
[2021-09-28 01:00:16,684] {processor.py:623} INFO - DAG(s) dict_keys(['example_trigger_controller_dag']) retrieved from /home/airflow/.local/lib/python3.6/site-packages/airflow/example_dags/example_trigger_controller_dag.py
[2021-09-28 01:00:16,755] {logging_mixin.py:109} INFO - [2021-09-28 01:00:16,754] {dag.py:1834} INFO - Sync 1 DAGs
[2021-09-28 01:00:16,798] {logging_mixin.py:109} INFO - [2021-09-28 01:00:16,798] {dag.py:2287} INFO - Setting next_dagrun for example_trigger_controller_dag to 2021-09-26 00:00:00+00:00
[2021-09-28 01:00:16,824] {processor.py:170} INFO - Processing /home/airflow/.local/lib/python3.6/site-packages/airflow/example_dags/example_trigger_controller_dag.py took 0.188 seconds
[2021-09-28 02:20:40,757] {processor.py:162} INFO - Started process (PID=26012) to work on /home/airflow/.local/lib/python3.6/site-packages/airflow/example_dags/example_trigger_controller_dag.py
[2021-09-28 02:20:40,762] {processor.py:613} INFO - Processing file /home/airflow/.local/lib/python3.6/site-packages/airflow/example_dags/example_trigger_controller_dag.py for tasks to queue
[2021-09-28 02:20:40,766] {logging_mixin.py:109} INFO - [2021-09-28 02:20:40,765] {dagbag.py:496} INFO - Filling up the DagBag from /home/airflow/.local/lib/python3.6/site-packages/airflow/example_dags/example_trigger_controller_dag.py
[2021-09-28 02:20:40,786] {processor.py:623} INFO - DAG(s) dict_keys(['example_trigger_controller_dag']) retrieved from /home/airflow/.local/lib/python3.6/site-packages/airflow/example_dags/example_trigger_controller_dag.py
[2021-09-28 02:20:40,838] {logging_mixin.py:109} INFO - [2021-09-28 02:20:40,837] {dag.py:1834} INFO - Sync 1 DAGs
[2021-09-28 02:20:40,862] {logging_mixin.py:109} INFO - [2021-09-28 02:20:40,862] {dag.py:2287} INFO - Setting next_dagrun for example_trigger_controller_dag to 2021-09-26 00:00:00+00:00
[2021-09-28 02:20:40,895] {processor.py:170} INFO - Processing /home/airflow/.local/lib/python3.6/site-packages/airflow/example_dags/example_trigger_controller_dag.py took 0.145 seconds
[2021-09-28 02:21:11,158] {processor.py:162} INFO - Started process (PID=26191) to work on /home/airflow/.local/lib/python3.6/site-packages/airflow/example_dags/example_trigger_controller_dag.py
[2021-09-28 02:21:11,162] {processor.py:613} INFO - Processing file /home/airflow/.local/lib/python3.6/site-packages/airflow/example_dags/example_trigger_controller_dag.py for tasks to queue
[2021-09-28 02:21:11,163] {logging_mixin.py:109} INFO - [2021-09-28 02:21:11,163] {dagbag.py:496} INFO - Filling up the DagBag from /home/airflow/.local/lib/python3.6/site-packages/airflow/example_dags/example_trigger_controller_dag.py
[2021-09-28 02:21:11,174] {processor.py:623} INFO - DAG(s) dict_keys(['example_trigger_controller_dag']) retrieved from /home/airflow/.local/lib/python3.6/site-packages/airflow/example_dags/example_trigger_controller_dag.py
[2021-09-28 02:21:11,210] {logging_mixin.py:109} INFO - [2021-09-28 02:21:11,210] {dag.py:1834} INFO - Sync 1 DAGs
[2021-09-28 02:21:11,231] {logging_mixin.py:109} INFO - [2021-09-28 02:21:11,231] {dag.py:2287} INFO - Setting next_dagrun for example_trigger_controller_dag to 2021-09-26 00:00:00+00:00
[2021-09-28 02:21:11,250] {processor.py:170} INFO - Processing /home/airflow/.local/lib/python3.6/site-packages/airflow/example_dags/example_trigger_controller_dag.py took 0.098 seconds
[2021-09-28 02:21:42,624] {processor.py:162} INFO - Started process (PID=26389) to work on /home/airflow/.local/lib/python3.6/site-packages/airflow/example_dags/example_trigger_controller_dag.py
[2021-09-28 02:21:42,628] {processor.py:613} INFO - Processing file /home/airflow/.local/lib/python3.6/site-packages/airflow/example_dags/example_trigger_controller_dag.py for tasks to queue
[2021-09-28 02:21:42,631] {logging_mixin.py:109} INFO - [2021-09-28 02:21:42,631] {dagbag.py:496} INFO - Filling up the DagBag from /home/airflow/.local/lib/python3.6/site-packages/airflow/example_dags/example_trigger_controller_dag.py
[2021-09-28 02:21:42,646] {processor.py:623} INFO - DAG(s) dict_keys(['example_trigger_controller_dag']) retrieved from /home/airflow/.local/lib/python3.6/site-packages/airflow/example_dags/example_trigger_controller_dag.py
[2021-09-28 02:21:42,706] {logging_mixin.py:109} INFO - [2021-09-28 02:21:42,706] {dag.py:1834} INFO - Sync 1 DAGs
[2021-09-28 02:21:42,723] {logging_mixin.py:109} INFO - [2021-09-28 02:21:42,723] {dag.py:2287} INFO - Setting next_dagrun for example_trigger_controller_dag to 2021-09-26 00:00:00+00:00
[2021-09-28 02:21:42,751] {processor.py:170} INFO - Processing /home/airflow/.local/lib/python3.6/site-packages/airflow/example_dags/example_trigger_controller_dag.py took 0.141 seconds
[2021-09-28 02:22:13,819] {processor.py:162} INFO - Started process (PID=26572) to work on /home/airflow/.local/lib/python3.6/site-packages/airflow/example_dags/example_trigger_controller_dag.py
[2021-09-28 02:22:13,822] {processor.py:613} INFO - Processing file /home/airflow/.local/lib/python3.6/site-packages/airflow/example_dags/example_trigger_controller_dag.py for tasks to queue
[2021-09-28 02:22:13,824] {logging_mixin.py:109} INFO - [2021-09-28 02:22:13,824] {dagbag.py:496} INFO - Filling up the DagBag from /home/airflow/.local/lib/python3.6/site-packages/airflow/example_dags/example_trigger_controller_dag.py
[2021-09-28 02:22:13,841] {processor.py:623} INFO - DAG(s) dict_keys(['example_trigger_controller_dag']) retrieved from /home/airflow/.local/lib/python3.6/site-packages/airflow/example_dags/example_trigger_controller_dag.py
[2021-09-28 02:22:13,880] {logging_mixin.py:109} INFO - [2021-09-28 02:22:13,880] {dag.py:1834} INFO - Sync 1 DAGs
[2021-09-28 02:22:13,899] {logging_mixin.py:109} INFO - [2021-09-28 02:22:13,899] {dag.py:2287} INFO - Setting next_dagrun for example_trigger_controller_dag to 2021-09-26 00:00:00+00:00
[2021-09-28 02:22:13,920] {processor.py:170} INFO - Processing /home/airflow/.local/lib/python3.6/site-packages/airflow/example_dags/example_trigger_controller_dag.py took 0.111 seconds
