[2021-09-28 00:48:39,768] {processor.py:162} INFO - Started process (PID=25443) to work on /home/airflow/.local/lib/python3.6/site-packages/airflow/example_dags/example_xcom.py
[2021-09-28 00:48:39,773] {processor.py:613} INFO - Processing file /home/airflow/.local/lib/python3.6/site-packages/airflow/example_dags/example_xcom.py for tasks to queue
[2021-09-28 00:48:39,781] {logging_mixin.py:109} INFO - [2021-09-28 00:48:39,777] {dagbag.py:496} INFO - Filling up the DagBag from /home/airflow/.local/lib/python3.6/site-packages/airflow/example_dags/example_xcom.py
[2021-09-28 00:48:39,816] {processor.py:623} INFO - DAG(s) dict_keys(['example_xcom']) retrieved from /home/airflow/.local/lib/python3.6/site-packages/airflow/example_dags/example_xcom.py
[2021-09-28 00:48:42,348] {logging_mixin.py:109} INFO - [2021-09-28 00:48:42,348] {dag.py:1834} INFO - Sync 1 DAGs
[2021-09-28 00:48:42,448] {logging_mixin.py:109} INFO - [2021-09-28 00:48:42,448] {dag.py:2287} INFO - Setting next_dagrun for example_xcom to 2021-09-26 00:00:00+00:00
[2021-09-28 00:48:42,547] {processor.py:170} INFO - Processing /home/airflow/.local/lib/python3.6/site-packages/airflow/example_dags/example_xcom.py took 2.795 seconds
[2021-09-28 01:00:07,499] {processor.py:162} INFO - Started process (PID=25653) to work on /home/airflow/.local/lib/python3.6/site-packages/airflow/example_dags/example_xcom.py
[2021-09-28 01:00:07,504] {processor.py:613} INFO - Processing file /home/airflow/.local/lib/python3.6/site-packages/airflow/example_dags/example_xcom.py for tasks to queue
[2021-09-28 01:00:07,521] {logging_mixin.py:109} INFO - [2021-09-28 01:00:07,510] {dagbag.py:496} INFO - Filling up the DagBag from /home/airflow/.local/lib/python3.6/site-packages/airflow/example_dags/example_xcom.py
[2021-09-28 01:00:07,584] {processor.py:623} INFO - DAG(s) dict_keys(['example_xcom']) retrieved from /home/airflow/.local/lib/python3.6/site-packages/airflow/example_dags/example_xcom.py
[2021-09-28 01:00:07,727] {logging_mixin.py:109} INFO - [2021-09-28 01:00:07,727] {dag.py:1834} INFO - Sync 1 DAGs
[2021-09-28 01:00:07,910] {logging_mixin.py:109} INFO - [2021-09-28 01:00:07,909] {dag.py:2287} INFO - Setting next_dagrun for example_xcom to 2021-09-26 00:00:00+00:00
[2021-09-28 01:00:07,966] {processor.py:170} INFO - Processing /home/airflow/.local/lib/python3.6/site-packages/airflow/example_dags/example_xcom.py took 0.479 seconds
[2021-09-28 02:20:34,765] {processor.py:162} INFO - Started process (PID=25847) to work on /home/airflow/.local/lib/python3.6/site-packages/airflow/example_dags/example_xcom.py
[2021-09-28 02:20:34,775] {processor.py:613} INFO - Processing file /home/airflow/.local/lib/python3.6/site-packages/airflow/example_dags/example_xcom.py for tasks to queue
[2021-09-28 02:20:34,782] {logging_mixin.py:109} INFO - [2021-09-28 02:20:34,781] {dagbag.py:496} INFO - Filling up the DagBag from /home/airflow/.local/lib/python3.6/site-packages/airflow/example_dags/example_xcom.py
[2021-09-28 02:20:34,814] {processor.py:623} INFO - DAG(s) dict_keys(['example_xcom']) retrieved from /home/airflow/.local/lib/python3.6/site-packages/airflow/example_dags/example_xcom.py
[2021-09-28 02:20:34,853] {logging_mixin.py:109} INFO - [2021-09-28 02:20:34,853] {dag.py:1834} INFO - Sync 1 DAGs
[2021-09-28 02:20:34,873] {logging_mixin.py:109} INFO - [2021-09-28 02:20:34,873] {dag.py:2287} INFO - Setting next_dagrun for example_xcom to 2021-09-26 00:00:00+00:00
[2021-09-28 02:20:34,896] {processor.py:170} INFO - Processing /home/airflow/.local/lib/python3.6/site-packages/airflow/example_dags/example_xcom.py took 0.156 seconds
[2021-09-28 02:21:05,309] {processor.py:162} INFO - Started process (PID=26050) to work on /home/airflow/.local/lib/python3.6/site-packages/airflow/example_dags/example_xcom.py
[2021-09-28 02:21:05,313] {processor.py:613} INFO - Processing file /home/airflow/.local/lib/python3.6/site-packages/airflow/example_dags/example_xcom.py for tasks to queue
[2021-09-28 02:21:05,317] {logging_mixin.py:109} INFO - [2021-09-28 02:21:05,317] {dagbag.py:496} INFO - Filling up the DagBag from /home/airflow/.local/lib/python3.6/site-packages/airflow/example_dags/example_xcom.py
[2021-09-28 02:21:05,339] {processor.py:623} INFO - DAG(s) dict_keys(['example_xcom']) retrieved from /home/airflow/.local/lib/python3.6/site-packages/airflow/example_dags/example_xcom.py
[2021-09-28 02:21:05,397] {logging_mixin.py:109} INFO - [2021-09-28 02:21:05,397] {dag.py:1834} INFO - Sync 1 DAGs
[2021-09-28 02:21:05,423] {logging_mixin.py:109} INFO - [2021-09-28 02:21:05,423] {dag.py:2287} INFO - Setting next_dagrun for example_xcom to 2021-09-26 00:00:00+00:00
[2021-09-28 02:21:05,444] {processor.py:170} INFO - Processing /home/airflow/.local/lib/python3.6/site-packages/airflow/example_dags/example_xcom.py took 0.154 seconds
[2021-09-28 02:21:36,121] {processor.py:162} INFO - Started process (PID=26232) to work on /home/airflow/.local/lib/python3.6/site-packages/airflow/example_dags/example_xcom.py
[2021-09-28 02:21:36,123] {processor.py:613} INFO - Processing file /home/airflow/.local/lib/python3.6/site-packages/airflow/example_dags/example_xcom.py for tasks to queue
[2021-09-28 02:21:36,125] {logging_mixin.py:109} INFO - [2021-09-28 02:21:36,125] {dagbag.py:496} INFO - Filling up the DagBag from /home/airflow/.local/lib/python3.6/site-packages/airflow/example_dags/example_xcom.py
[2021-09-28 02:21:36,138] {processor.py:623} INFO - DAG(s) dict_keys(['example_xcom']) retrieved from /home/airflow/.local/lib/python3.6/site-packages/airflow/example_dags/example_xcom.py
[2021-09-28 02:21:36,186] {logging_mixin.py:109} INFO - [2021-09-28 02:21:36,186] {dag.py:1834} INFO - Sync 1 DAGs
[2021-09-28 02:21:36,218] {logging_mixin.py:109} INFO - [2021-09-28 02:21:36,218] {dag.py:2287} INFO - Setting next_dagrun for example_xcom to 2021-09-26 00:00:00+00:00
[2021-09-28 02:21:36,252] {processor.py:170} INFO - Processing /home/airflow/.local/lib/python3.6/site-packages/airflow/example_dags/example_xcom.py took 0.139 seconds
[2021-09-28 02:22:07,089] {processor.py:162} INFO - Started process (PID=26426) to work on /home/airflow/.local/lib/python3.6/site-packages/airflow/example_dags/example_xcom.py
[2021-09-28 02:22:07,092] {processor.py:613} INFO - Processing file /home/airflow/.local/lib/python3.6/site-packages/airflow/example_dags/example_xcom.py for tasks to queue
[2021-09-28 02:22:07,094] {logging_mixin.py:109} INFO - [2021-09-28 02:22:07,093] {dagbag.py:496} INFO - Filling up the DagBag from /home/airflow/.local/lib/python3.6/site-packages/airflow/example_dags/example_xcom.py
[2021-09-28 02:22:07,102] {processor.py:623} INFO - DAG(s) dict_keys(['example_xcom']) retrieved from /home/airflow/.local/lib/python3.6/site-packages/airflow/example_dags/example_xcom.py
[2021-09-28 02:22:07,138] {logging_mixin.py:109} INFO - [2021-09-28 02:22:07,138] {dag.py:1834} INFO - Sync 1 DAGs
[2021-09-28 02:22:07,162] {logging_mixin.py:109} INFO - [2021-09-28 02:22:07,162] {dag.py:2287} INFO - Setting next_dagrun for example_xcom to 2021-09-26 00:00:00+00:00
[2021-09-28 02:22:07,180] {processor.py:170} INFO - Processing /home/airflow/.local/lib/python3.6/site-packages/airflow/example_dags/example_xcom.py took 0.095 seconds
