[2021-09-28 00:48:47,003] {processor.py:162} INFO - Started process (PID=25515) to work on /home/airflow/.local/lib/python3.6/site-packages/airflow/example_dags/example_bash_operator.py
[2021-09-28 00:48:47,013] {processor.py:613} INFO - Processing file /home/airflow/.local/lib/python3.6/site-packages/airflow/example_dags/example_bash_operator.py for tasks to queue
[2021-09-28 00:48:47,020] {logging_mixin.py:109} INFO - [2021-09-28 00:48:47,020] {dagbag.py:496} INFO - Filling up the DagBag from /home/airflow/.local/lib/python3.6/site-packages/airflow/example_dags/example_bash_operator.py
[2021-09-28 00:48:47,048] {processor.py:623} INFO - DAG(s) dict_keys(['example_bash_operator']) retrieved from /home/airflow/.local/lib/python3.6/site-packages/airflow/example_dags/example_bash_operator.py
[2021-09-28 00:48:47,561] {logging_mixin.py:109} INFO - [2021-09-28 00:48:47,561] {dag.py:1834} INFO - Sync 1 DAGs
[2021-09-28 00:48:47,586] {logging_mixin.py:109} INFO - [2021-09-28 00:48:47,586] {dag.py:2287} INFO - Setting next_dagrun for example_bash_operator to 2021-09-28 00:00:00+00:00
[2021-09-28 00:48:47,617] {processor.py:170} INFO - Processing /home/airflow/.local/lib/python3.6/site-packages/airflow/example_dags/example_bash_operator.py took 0.626 seconds
[2021-09-28 01:00:08,867] {processor.py:162} INFO - Started process (PID=25689) to work on /home/airflow/.local/lib/python3.6/site-packages/airflow/example_dags/example_bash_operator.py
[2021-09-28 01:00:08,872] {processor.py:613} INFO - Processing file /home/airflow/.local/lib/python3.6/site-packages/airflow/example_dags/example_bash_operator.py for tasks to queue
[2021-09-28 01:00:08,875] {logging_mixin.py:109} INFO - [2021-09-28 01:00:08,875] {dagbag.py:496} INFO - Filling up the DagBag from /home/airflow/.local/lib/python3.6/site-packages/airflow/example_dags/example_bash_operator.py
[2021-09-28 01:00:08,895] {processor.py:623} INFO - DAG(s) dict_keys(['example_bash_operator']) retrieved from /home/airflow/.local/lib/python3.6/site-packages/airflow/example_dags/example_bash_operator.py
[2021-09-28 01:00:08,950] {logging_mixin.py:109} INFO - [2021-09-28 01:00:08,949] {dag.py:1834} INFO - Sync 1 DAGs
[2021-09-28 01:00:08,970] {logging_mixin.py:109} INFO - [2021-09-28 01:00:08,970] {dag.py:2287} INFO - Setting next_dagrun for example_bash_operator to 2021-09-28 00:00:00+00:00
[2021-09-28 01:00:09,003] {processor.py:170} INFO - Processing /home/airflow/.local/lib/python3.6/site-packages/airflow/example_dags/example_bash_operator.py took 0.146 seconds
[2021-09-28 02:20:35,875] {processor.py:162} INFO - Started process (PID=25883) to work on /home/airflow/.local/lib/python3.6/site-packages/airflow/example_dags/example_bash_operator.py
[2021-09-28 02:20:35,882] {processor.py:613} INFO - Processing file /home/airflow/.local/lib/python3.6/site-packages/airflow/example_dags/example_bash_operator.py for tasks to queue
[2021-09-28 02:20:35,890] {logging_mixin.py:109} INFO - [2021-09-28 02:20:35,890] {dagbag.py:496} INFO - Filling up the DagBag from /home/airflow/.local/lib/python3.6/site-packages/airflow/example_dags/example_bash_operator.py
[2021-09-28 02:20:35,969] {processor.py:623} INFO - DAG(s) dict_keys(['example_bash_operator']) retrieved from /home/airflow/.local/lib/python3.6/site-packages/airflow/example_dags/example_bash_operator.py
[2021-09-28 02:20:36,082] {logging_mixin.py:109} INFO - [2021-09-28 02:20:36,082] {dag.py:1834} INFO - Sync 1 DAGs
[2021-09-28 02:20:36,153] {logging_mixin.py:109} INFO - [2021-09-28 02:20:36,153] {dag.py:2287} INFO - Setting next_dagrun for example_bash_operator to 2021-09-28 00:00:00+00:00
[2021-09-28 02:20:36,213] {processor.py:170} INFO - Processing /home/airflow/.local/lib/python3.6/site-packages/airflow/example_dags/example_bash_operator.py took 0.350 seconds
[2021-09-28 02:21:07,266] {processor.py:162} INFO - Started process (PID=26088) to work on /home/airflow/.local/lib/python3.6/site-packages/airflow/example_dags/example_bash_operator.py
[2021-09-28 02:21:07,270] {processor.py:613} INFO - Processing file /home/airflow/.local/lib/python3.6/site-packages/airflow/example_dags/example_bash_operator.py for tasks to queue
[2021-09-28 02:21:07,272] {logging_mixin.py:109} INFO - [2021-09-28 02:21:07,272] {dagbag.py:496} INFO - Filling up the DagBag from /home/airflow/.local/lib/python3.6/site-packages/airflow/example_dags/example_bash_operator.py
[2021-09-28 02:21:07,284] {processor.py:623} INFO - DAG(s) dict_keys(['example_bash_operator']) retrieved from /home/airflow/.local/lib/python3.6/site-packages/airflow/example_dags/example_bash_operator.py
[2021-09-28 02:21:07,330] {logging_mixin.py:109} INFO - [2021-09-28 02:21:07,329] {dag.py:1834} INFO - Sync 1 DAGs
[2021-09-28 02:21:07,344] {logging_mixin.py:109} INFO - [2021-09-28 02:21:07,344] {dag.py:2287} INFO - Setting next_dagrun for example_bash_operator to 2021-09-28 00:00:00+00:00
[2021-09-28 02:21:07,357] {processor.py:170} INFO - Processing /home/airflow/.local/lib/python3.6/site-packages/airflow/example_dags/example_bash_operator.py took 0.097 seconds
[2021-09-28 02:21:38,186] {processor.py:162} INFO - Started process (PID=26278) to work on /home/airflow/.local/lib/python3.6/site-packages/airflow/example_dags/example_bash_operator.py
[2021-09-28 02:21:38,190] {processor.py:613} INFO - Processing file /home/airflow/.local/lib/python3.6/site-packages/airflow/example_dags/example_bash_operator.py for tasks to queue
[2021-09-28 02:21:38,193] {logging_mixin.py:109} INFO - [2021-09-28 02:21:38,192] {dagbag.py:496} INFO - Filling up the DagBag from /home/airflow/.local/lib/python3.6/site-packages/airflow/example_dags/example_bash_operator.py
[2021-09-28 02:21:38,209] {processor.py:623} INFO - DAG(s) dict_keys(['example_bash_operator']) retrieved from /home/airflow/.local/lib/python3.6/site-packages/airflow/example_dags/example_bash_operator.py
[2021-09-28 02:21:38,286] {logging_mixin.py:109} INFO - [2021-09-28 02:21:38,285] {dag.py:1834} INFO - Sync 1 DAGs
[2021-09-28 02:21:38,306] {logging_mixin.py:109} INFO - [2021-09-28 02:21:38,306] {dag.py:2287} INFO - Setting next_dagrun for example_bash_operator to 2021-09-28 00:00:00+00:00
[2021-09-28 02:21:38,329] {processor.py:170} INFO - Processing /home/airflow/.local/lib/python3.6/site-packages/airflow/example_dags/example_bash_operator.py took 0.147 seconds
[2021-09-28 02:22:08,828] {processor.py:162} INFO - Started process (PID=26464) to work on /home/airflow/.local/lib/python3.6/site-packages/airflow/example_dags/example_bash_operator.py
[2021-09-28 02:22:08,830] {processor.py:613} INFO - Processing file /home/airflow/.local/lib/python3.6/site-packages/airflow/example_dags/example_bash_operator.py for tasks to queue
[2021-09-28 02:22:08,832] {logging_mixin.py:109} INFO - [2021-09-28 02:22:08,831] {dagbag.py:496} INFO - Filling up the DagBag from /home/airflow/.local/lib/python3.6/site-packages/airflow/example_dags/example_bash_operator.py
[2021-09-28 02:22:08,848] {processor.py:623} INFO - DAG(s) dict_keys(['example_bash_operator']) retrieved from /home/airflow/.local/lib/python3.6/site-packages/airflow/example_dags/example_bash_operator.py
[2021-09-28 02:22:08,888] {logging_mixin.py:109} INFO - [2021-09-28 02:22:08,888] {dag.py:1834} INFO - Sync 1 DAGs
[2021-09-28 02:22:08,909] {logging_mixin.py:109} INFO - [2021-09-28 02:22:08,909] {dag.py:2287} INFO - Setting next_dagrun for example_bash_operator to 2021-09-28 00:00:00+00:00
[2021-09-28 02:22:08,929] {processor.py:170} INFO - Processing /home/airflow/.local/lib/python3.6/site-packages/airflow/example_dags/example_bash_operator.py took 0.108 seconds
