[2021-09-28 00:48:42,769] {processor.py:162} INFO - Started process (PID=25471) to work on /home/airflow/.local/lib/python3.6/site-packages/airflow/example_dags/example_task_group_decorator.py
[2021-09-28 00:48:42,783] {processor.py:613} INFO - Processing file /home/airflow/.local/lib/python3.6/site-packages/airflow/example_dags/example_task_group_decorator.py for tasks to queue
[2021-09-28 00:48:42,795] {logging_mixin.py:109} INFO - [2021-09-28 00:48:42,795] {dagbag.py:496} INFO - Filling up the DagBag from /home/airflow/.local/lib/python3.6/site-packages/airflow/example_dags/example_task_group_decorator.py
[2021-09-28 00:48:43,042] {processor.py:623} INFO - DAG(s) dict_keys(['example_task_group_decorator']) retrieved from /home/airflow/.local/lib/python3.6/site-packages/airflow/example_dags/example_task_group_decorator.py
[2021-09-28 00:48:45,355] {logging_mixin.py:109} INFO - [2021-09-28 00:48:45,355] {dag.py:1834} INFO - Sync 1 DAGs
[2021-09-28 00:48:45,576] {logging_mixin.py:109} INFO - [2021-09-28 00:48:45,576] {dag.py:2287} INFO - Setting next_dagrun for example_task_group_decorator to 2021-09-26 00:00:00+00:00
[2021-09-28 00:48:45,805] {processor.py:170} INFO - Processing /home/airflow/.local/lib/python3.6/site-packages/airflow/example_dags/example_task_group_decorator.py took 3.062 seconds
[2021-09-28 01:00:08,298] {processor.py:162} INFO - Started process (PID=25666) to work on /home/airflow/.local/lib/python3.6/site-packages/airflow/example_dags/example_task_group_decorator.py
[2021-09-28 01:00:08,301] {processor.py:613} INFO - Processing file /home/airflow/.local/lib/python3.6/site-packages/airflow/example_dags/example_task_group_decorator.py for tasks to queue
[2021-09-28 01:00:08,304] {logging_mixin.py:109} INFO - [2021-09-28 01:00:08,304] {dagbag.py:496} INFO - Filling up the DagBag from /home/airflow/.local/lib/python3.6/site-packages/airflow/example_dags/example_task_group_decorator.py
[2021-09-28 01:00:08,337] {processor.py:623} INFO - DAG(s) dict_keys(['example_task_group_decorator']) retrieved from /home/airflow/.local/lib/python3.6/site-packages/airflow/example_dags/example_task_group_decorator.py
[2021-09-28 01:00:08,743] {logging_mixin.py:109} INFO - [2021-09-28 01:00:08,743] {dag.py:1834} INFO - Sync 1 DAGs
[2021-09-28 01:00:08,764] {logging_mixin.py:109} INFO - [2021-09-28 01:00:08,764] {dag.py:2287} INFO - Setting next_dagrun for example_task_group_decorator to 2021-09-26 00:00:00+00:00
[2021-09-28 01:00:08,784] {processor.py:170} INFO - Processing /home/airflow/.local/lib/python3.6/site-packages/airflow/example_dags/example_task_group_decorator.py took 0.491 seconds
[2021-09-28 02:20:34,981] {processor.py:162} INFO - Started process (PID=25858) to work on /home/airflow/.local/lib/python3.6/site-packages/airflow/example_dags/example_task_group_decorator.py
[2021-09-28 02:20:34,983] {processor.py:613} INFO - Processing file /home/airflow/.local/lib/python3.6/site-packages/airflow/example_dags/example_task_group_decorator.py for tasks to queue
[2021-09-28 02:20:34,986] {logging_mixin.py:109} INFO - [2021-09-28 02:20:34,985] {dagbag.py:496} INFO - Filling up the DagBag from /home/airflow/.local/lib/python3.6/site-packages/airflow/example_dags/example_task_group_decorator.py
[2021-09-28 02:20:35,052] {processor.py:623} INFO - DAG(s) dict_keys(['example_task_group_decorator']) retrieved from /home/airflow/.local/lib/python3.6/site-packages/airflow/example_dags/example_task_group_decorator.py
[2021-09-28 02:20:35,498] {logging_mixin.py:109} INFO - [2021-09-28 02:20:35,497] {dag.py:1834} INFO - Sync 1 DAGs
[2021-09-28 02:20:35,514] {logging_mixin.py:109} INFO - [2021-09-28 02:20:35,513] {dag.py:2287} INFO - Setting next_dagrun for example_task_group_decorator to 2021-09-26 00:00:00+00:00
[2021-09-28 02:20:35,535] {processor.py:170} INFO - Processing /home/airflow/.local/lib/python3.6/site-packages/airflow/example_dags/example_task_group_decorator.py took 0.565 seconds
[2021-09-28 02:21:05,739] {processor.py:162} INFO - Started process (PID=26071) to work on /home/airflow/.local/lib/python3.6/site-packages/airflow/example_dags/example_task_group_decorator.py
[2021-09-28 02:21:05,742] {processor.py:613} INFO - Processing file /home/airflow/.local/lib/python3.6/site-packages/airflow/example_dags/example_task_group_decorator.py for tasks to queue
[2021-09-28 02:21:05,744] {logging_mixin.py:109} INFO - [2021-09-28 02:21:05,744] {dagbag.py:496} INFO - Filling up the DagBag from /home/airflow/.local/lib/python3.6/site-packages/airflow/example_dags/example_task_group_decorator.py
[2021-09-28 02:21:05,768] {processor.py:623} INFO - DAG(s) dict_keys(['example_task_group_decorator']) retrieved from /home/airflow/.local/lib/python3.6/site-packages/airflow/example_dags/example_task_group_decorator.py
[2021-09-28 02:21:06,003] {logging_mixin.py:109} INFO - [2021-09-28 02:21:06,003] {dag.py:1834} INFO - Sync 1 DAGs
[2021-09-28 02:21:06,022] {logging_mixin.py:109} INFO - [2021-09-28 02:21:06,022] {dag.py:2287} INFO - Setting next_dagrun for example_task_group_decorator to 2021-09-26 00:00:00+00:00
[2021-09-28 02:21:06,037] {processor.py:170} INFO - Processing /home/airflow/.local/lib/python3.6/site-packages/airflow/example_dags/example_task_group_decorator.py took 0.302 seconds
[2021-09-28 02:21:36,509] {processor.py:162} INFO - Started process (PID=26245) to work on /home/airflow/.local/lib/python3.6/site-packages/airflow/example_dags/example_task_group_decorator.py
[2021-09-28 02:21:36,512] {processor.py:613} INFO - Processing file /home/airflow/.local/lib/python3.6/site-packages/airflow/example_dags/example_task_group_decorator.py for tasks to queue
[2021-09-28 02:21:36,515] {logging_mixin.py:109} INFO - [2021-09-28 02:21:36,515] {dagbag.py:496} INFO - Filling up the DagBag from /home/airflow/.local/lib/python3.6/site-packages/airflow/example_dags/example_task_group_decorator.py
[2021-09-28 02:21:36,559] {processor.py:623} INFO - DAG(s) dict_keys(['example_task_group_decorator']) retrieved from /home/airflow/.local/lib/python3.6/site-packages/airflow/example_dags/example_task_group_decorator.py
[2021-09-28 02:21:37,035] {logging_mixin.py:109} INFO - [2021-09-28 02:21:37,035] {dag.py:1834} INFO - Sync 1 DAGs
[2021-09-28 02:21:37,060] {logging_mixin.py:109} INFO - [2021-09-28 02:21:37,060] {dag.py:2287} INFO - Setting next_dagrun for example_task_group_decorator to 2021-09-26 00:00:00+00:00
[2021-09-28 02:21:37,099] {processor.py:170} INFO - Processing /home/airflow/.local/lib/python3.6/site-packages/airflow/example_dags/example_task_group_decorator.py took 0.595 seconds
[2021-09-28 02:22:07,691] {processor.py:162} INFO - Started process (PID=26454) to work on /home/airflow/.local/lib/python3.6/site-packages/airflow/example_dags/example_task_group_decorator.py
[2021-09-28 02:22:07,695] {processor.py:613} INFO - Processing file /home/airflow/.local/lib/python3.6/site-packages/airflow/example_dags/example_task_group_decorator.py for tasks to queue
[2021-09-28 02:22:07,699] {logging_mixin.py:109} INFO - [2021-09-28 02:22:07,699] {dagbag.py:496} INFO - Filling up the DagBag from /home/airflow/.local/lib/python3.6/site-packages/airflow/example_dags/example_task_group_decorator.py
[2021-09-28 02:22:07,741] {processor.py:623} INFO - DAG(s) dict_keys(['example_task_group_decorator']) retrieved from /home/airflow/.local/lib/python3.6/site-packages/airflow/example_dags/example_task_group_decorator.py
[2021-09-28 02:22:07,997] {logging_mixin.py:109} INFO - [2021-09-28 02:22:07,996] {dag.py:1834} INFO - Sync 1 DAGs
[2021-09-28 02:22:08,013] {logging_mixin.py:109} INFO - [2021-09-28 02:22:08,013] {dag.py:2287} INFO - Setting next_dagrun for example_task_group_decorator to 2021-09-26 00:00:00+00:00
[2021-09-28 02:22:08,034] {processor.py:170} INFO - Processing /home/airflow/.local/lib/python3.6/site-packages/airflow/example_dags/example_task_group_decorator.py took 0.355 seconds
