[2021-09-28 00:48:50,517] {processor.py:162} INFO - Started process (PID=25573) to work on /home/airflow/.local/lib/python3.6/site-packages/airflow/example_dags/example_skip_dag.py
[2021-09-28 00:48:50,523] {processor.py:613} INFO - Processing file /home/airflow/.local/lib/python3.6/site-packages/airflow/example_dags/example_skip_dag.py for tasks to queue
[2021-09-28 00:48:50,526] {logging_mixin.py:109} INFO - [2021-09-28 00:48:50,525] {dagbag.py:496} INFO - Filling up the DagBag from /home/airflow/.local/lib/python3.6/site-packages/airflow/example_dags/example_skip_dag.py
[2021-09-28 00:48:50,546] {processor.py:623} INFO - DAG(s) dict_keys(['example_skip_dag']) retrieved from /home/airflow/.local/lib/python3.6/site-packages/airflow/example_dags/example_skip_dag.py
[2021-09-28 00:48:50,815] {logging_mixin.py:109} INFO - [2021-09-28 00:48:50,814] {dag.py:1834} INFO - Sync 1 DAGs
[2021-09-28 00:48:50,850] {logging_mixin.py:109} INFO - [2021-09-28 00:48:50,850] {dag.py:2287} INFO - Setting next_dagrun for example_skip_dag to 2021-09-26 00:00:00+00:00
[2021-09-28 00:48:50,892] {processor.py:170} INFO - Processing /home/airflow/.local/lib/python3.6/site-packages/airflow/example_dags/example_skip_dag.py took 0.385 seconds
[2021-09-28 01:00:11,076] {processor.py:162} INFO - Started process (PID=25759) to work on /home/airflow/.local/lib/python3.6/site-packages/airflow/example_dags/example_skip_dag.py
[2021-09-28 01:00:11,079] {processor.py:613} INFO - Processing file /home/airflow/.local/lib/python3.6/site-packages/airflow/example_dags/example_skip_dag.py for tasks to queue
[2021-09-28 01:00:11,081] {logging_mixin.py:109} INFO - [2021-09-28 01:00:11,081] {dagbag.py:496} INFO - Filling up the DagBag from /home/airflow/.local/lib/python3.6/site-packages/airflow/example_dags/example_skip_dag.py
[2021-09-28 01:00:11,126] {processor.py:623} INFO - DAG(s) dict_keys(['example_skip_dag']) retrieved from /home/airflow/.local/lib/python3.6/site-packages/airflow/example_dags/example_skip_dag.py
[2021-09-28 01:00:11,269] {logging_mixin.py:109} INFO - [2021-09-28 01:00:11,269] {dag.py:1834} INFO - Sync 1 DAGs
[2021-09-28 01:00:11,360] {logging_mixin.py:109} INFO - [2021-09-28 01:00:11,360] {dag.py:2287} INFO - Setting next_dagrun for example_skip_dag to 2021-09-26 00:00:00+00:00
[2021-09-28 01:00:11,441] {processor.py:170} INFO - Processing /home/airflow/.local/lib/python3.6/site-packages/airflow/example_dags/example_skip_dag.py took 0.368 seconds
[2021-09-28 02:20:38,225] {processor.py:162} INFO - Started process (PID=25946) to work on /home/airflow/.local/lib/python3.6/site-packages/airflow/example_dags/example_skip_dag.py
[2021-09-28 02:20:38,237] {processor.py:613} INFO - Processing file /home/airflow/.local/lib/python3.6/site-packages/airflow/example_dags/example_skip_dag.py for tasks to queue
[2021-09-28 02:20:38,240] {logging_mixin.py:109} INFO - [2021-09-28 02:20:38,240] {dagbag.py:496} INFO - Filling up the DagBag from /home/airflow/.local/lib/python3.6/site-packages/airflow/example_dags/example_skip_dag.py
[2021-09-28 02:20:38,304] {processor.py:623} INFO - DAG(s) dict_keys(['example_skip_dag']) retrieved from /home/airflow/.local/lib/python3.6/site-packages/airflow/example_dags/example_skip_dag.py
[2021-09-28 02:20:38,396] {logging_mixin.py:109} INFO - [2021-09-28 02:20:38,395] {dag.py:1834} INFO - Sync 1 DAGs
[2021-09-28 02:20:38,437] {logging_mixin.py:109} INFO - [2021-09-28 02:20:38,437] {dag.py:2287} INFO - Setting next_dagrun for example_skip_dag to 2021-09-26 00:00:00+00:00
[2021-09-28 02:20:38,485] {processor.py:170} INFO - Processing /home/airflow/.local/lib/python3.6/site-packages/airflow/example_dags/example_skip_dag.py took 0.265 seconds
[2021-09-28 02:21:08,944] {processor.py:162} INFO - Started process (PID=26136) to work on /home/airflow/.local/lib/python3.6/site-packages/airflow/example_dags/example_skip_dag.py
[2021-09-28 02:21:08,955] {processor.py:613} INFO - Processing file /home/airflow/.local/lib/python3.6/site-packages/airflow/example_dags/example_skip_dag.py for tasks to queue
[2021-09-28 02:21:08,959] {logging_mixin.py:109} INFO - [2021-09-28 02:21:08,959] {dagbag.py:496} INFO - Filling up the DagBag from /home/airflow/.local/lib/python3.6/site-packages/airflow/example_dags/example_skip_dag.py
[2021-09-28 02:21:08,979] {processor.py:623} INFO - DAG(s) dict_keys(['example_skip_dag']) retrieved from /home/airflow/.local/lib/python3.6/site-packages/airflow/example_dags/example_skip_dag.py
[2021-09-28 02:21:09,012] {logging_mixin.py:109} INFO - [2021-09-28 02:21:09,012] {dag.py:1834} INFO - Sync 1 DAGs
[2021-09-28 02:21:09,030] {logging_mixin.py:109} INFO - [2021-09-28 02:21:09,030] {dag.py:2287} INFO - Setting next_dagrun for example_skip_dag to 2021-09-26 00:00:00+00:00
[2021-09-28 02:21:09,050] {processor.py:170} INFO - Processing /home/airflow/.local/lib/python3.6/site-packages/airflow/example_dags/example_skip_dag.py took 0.118 seconds
[2021-09-28 02:21:40,066] {processor.py:162} INFO - Started process (PID=26331) to work on /home/airflow/.local/lib/python3.6/site-packages/airflow/example_dags/example_skip_dag.py
[2021-09-28 02:21:40,070] {processor.py:613} INFO - Processing file /home/airflow/.local/lib/python3.6/site-packages/airflow/example_dags/example_skip_dag.py for tasks to queue
[2021-09-28 02:21:40,072] {logging_mixin.py:109} INFO - [2021-09-28 02:21:40,072] {dagbag.py:496} INFO - Filling up the DagBag from /home/airflow/.local/lib/python3.6/site-packages/airflow/example_dags/example_skip_dag.py
[2021-09-28 02:21:40,082] {processor.py:623} INFO - DAG(s) dict_keys(['example_skip_dag']) retrieved from /home/airflow/.local/lib/python3.6/site-packages/airflow/example_dags/example_skip_dag.py
[2021-09-28 02:21:40,140] {logging_mixin.py:109} INFO - [2021-09-28 02:21:40,140] {dag.py:1834} INFO - Sync 1 DAGs
[2021-09-28 02:21:40,168] {logging_mixin.py:109} INFO - [2021-09-28 02:21:40,167] {dag.py:2287} INFO - Setting next_dagrun for example_skip_dag to 2021-09-26 00:00:00+00:00
[2021-09-28 02:21:40,185] {processor.py:170} INFO - Processing /home/airflow/.local/lib/python3.6/site-packages/airflow/example_dags/example_skip_dag.py took 0.125 seconds
[2021-09-28 02:22:10,536] {processor.py:162} INFO - Started process (PID=26514) to work on /home/airflow/.local/lib/python3.6/site-packages/airflow/example_dags/example_skip_dag.py
[2021-09-28 02:22:10,538] {processor.py:613} INFO - Processing file /home/airflow/.local/lib/python3.6/site-packages/airflow/example_dags/example_skip_dag.py for tasks to queue
[2021-09-28 02:22:10,540] {logging_mixin.py:109} INFO - [2021-09-28 02:22:10,540] {dagbag.py:496} INFO - Filling up the DagBag from /home/airflow/.local/lib/python3.6/site-packages/airflow/example_dags/example_skip_dag.py
[2021-09-28 02:22:10,554] {processor.py:623} INFO - DAG(s) dict_keys(['example_skip_dag']) retrieved from /home/airflow/.local/lib/python3.6/site-packages/airflow/example_dags/example_skip_dag.py
[2021-09-28 02:22:10,599] {logging_mixin.py:109} INFO - [2021-09-28 02:22:10,599] {dag.py:1834} INFO - Sync 1 DAGs
[2021-09-28 02:22:10,614] {logging_mixin.py:109} INFO - [2021-09-28 02:22:10,613] {dag.py:2287} INFO - Setting next_dagrun for example_skip_dag to 2021-09-26 00:00:00+00:00
[2021-09-28 02:22:10,628] {processor.py:170} INFO - Processing /home/airflow/.local/lib/python3.6/site-packages/airflow/example_dags/example_skip_dag.py took 0.097 seconds
