[2021-09-28 00:48:40,318] {processor.py:162} INFO - Started process (PID=25450) to work on /home/airflow/.local/lib/python3.6/site-packages/airflow/example_dags/example_nested_branch_dag.py
[2021-09-28 00:48:40,320] {processor.py:613} INFO - Processing file /home/airflow/.local/lib/python3.6/site-packages/airflow/example_dags/example_nested_branch_dag.py for tasks to queue
[2021-09-28 00:48:40,324] {logging_mixin.py:109} INFO - [2021-09-28 00:48:40,324] {dagbag.py:496} INFO - Filling up the DagBag from /home/airflow/.local/lib/python3.6/site-packages/airflow/example_dags/example_nested_branch_dag.py
[2021-09-28 00:48:40,463] {processor.py:623} INFO - DAG(s) dict_keys(['example_nested_branch_dag']) retrieved from /home/airflow/.local/lib/python3.6/site-packages/airflow/example_dags/example_nested_branch_dag.py
[2021-09-28 00:48:42,564] {logging_mixin.py:109} INFO - [2021-09-28 00:48:42,563] {dag.py:1834} INFO - Sync 1 DAGs
[2021-09-28 00:48:42,654] {logging_mixin.py:109} INFO - [2021-09-28 00:48:42,654] {dag.py:2287} INFO - Setting next_dagrun for example_nested_branch_dag to 2021-09-26 00:00:00+00:00
[2021-09-28 00:48:42,731] {processor.py:170} INFO - Processing /home/airflow/.local/lib/python3.6/site-packages/airflow/example_dags/example_nested_branch_dag.py took 2.423 seconds
[2021-09-28 01:00:08,185] {processor.py:162} INFO - Started process (PID=25661) to work on /home/airflow/.local/lib/python3.6/site-packages/airflow/example_dags/example_nested_branch_dag.py
[2021-09-28 01:00:08,188] {processor.py:613} INFO - Processing file /home/airflow/.local/lib/python3.6/site-packages/airflow/example_dags/example_nested_branch_dag.py for tasks to queue
[2021-09-28 01:00:08,190] {logging_mixin.py:109} INFO - [2021-09-28 01:00:08,189] {dagbag.py:496} INFO - Filling up the DagBag from /home/airflow/.local/lib/python3.6/site-packages/airflow/example_dags/example_nested_branch_dag.py
[2021-09-28 01:00:08,203] {processor.py:623} INFO - DAG(s) dict_keys(['example_nested_branch_dag']) retrieved from /home/airflow/.local/lib/python3.6/site-packages/airflow/example_dags/example_nested_branch_dag.py
[2021-09-28 01:00:08,234] {logging_mixin.py:109} INFO - [2021-09-28 01:00:08,234] {dag.py:1834} INFO - Sync 1 DAGs
[2021-09-28 01:00:08,250] {logging_mixin.py:109} INFO - [2021-09-28 01:00:08,250] {dag.py:2287} INFO - Setting next_dagrun for example_nested_branch_dag to 2021-09-26 00:00:00+00:00
[2021-09-28 01:00:08,265] {processor.py:170} INFO - Processing /home/airflow/.local/lib/python3.6/site-packages/airflow/example_dags/example_nested_branch_dag.py took 0.083 seconds
[2021-09-28 02:20:34,934] {processor.py:162} INFO - Started process (PID=25854) to work on /home/airflow/.local/lib/python3.6/site-packages/airflow/example_dags/example_nested_branch_dag.py
[2021-09-28 02:20:34,939] {processor.py:613} INFO - Processing file /home/airflow/.local/lib/python3.6/site-packages/airflow/example_dags/example_nested_branch_dag.py for tasks to queue
[2021-09-28 02:20:34,941] {logging_mixin.py:109} INFO - [2021-09-28 02:20:34,941] {dagbag.py:496} INFO - Filling up the DagBag from /home/airflow/.local/lib/python3.6/site-packages/airflow/example_dags/example_nested_branch_dag.py
[2021-09-28 02:20:34,965] {processor.py:623} INFO - DAG(s) dict_keys(['example_nested_branch_dag']) retrieved from /home/airflow/.local/lib/python3.6/site-packages/airflow/example_dags/example_nested_branch_dag.py
[2021-09-28 02:20:35,048] {logging_mixin.py:109} INFO - [2021-09-28 02:20:35,047] {dag.py:1834} INFO - Sync 1 DAGs
[2021-09-28 02:20:35,070] {logging_mixin.py:109} INFO - [2021-09-28 02:20:35,070] {dag.py:2287} INFO - Setting next_dagrun for example_nested_branch_dag to 2021-09-26 00:00:00+00:00
[2021-09-28 02:20:35,089] {processor.py:170} INFO - Processing /home/airflow/.local/lib/python3.6/site-packages/airflow/example_dags/example_nested_branch_dag.py took 0.159 seconds
[2021-09-28 02:21:05,478] {processor.py:162} INFO - Started process (PID=26058) to work on /home/airflow/.local/lib/python3.6/site-packages/airflow/example_dags/example_nested_branch_dag.py
[2021-09-28 02:21:05,482] {processor.py:613} INFO - Processing file /home/airflow/.local/lib/python3.6/site-packages/airflow/example_dags/example_nested_branch_dag.py for tasks to queue
[2021-09-28 02:21:05,485] {logging_mixin.py:109} INFO - [2021-09-28 02:21:05,485] {dagbag.py:496} INFO - Filling up the DagBag from /home/airflow/.local/lib/python3.6/site-packages/airflow/example_dags/example_nested_branch_dag.py
[2021-09-28 02:21:05,495] {processor.py:623} INFO - DAG(s) dict_keys(['example_nested_branch_dag']) retrieved from /home/airflow/.local/lib/python3.6/site-packages/airflow/example_dags/example_nested_branch_dag.py
[2021-09-28 02:21:05,526] {logging_mixin.py:109} INFO - [2021-09-28 02:21:05,526] {dag.py:1834} INFO - Sync 1 DAGs
[2021-09-28 02:21:05,543] {logging_mixin.py:109} INFO - [2021-09-28 02:21:05,543] {dag.py:2287} INFO - Setting next_dagrun for example_nested_branch_dag to 2021-09-26 00:00:00+00:00
[2021-09-28 02:21:05,559] {processor.py:170} INFO - Processing /home/airflow/.local/lib/python3.6/site-packages/airflow/example_dags/example_nested_branch_dag.py took 0.085 seconds
[2021-09-28 02:21:36,317] {processor.py:162} INFO - Started process (PID=26240) to work on /home/airflow/.local/lib/python3.6/site-packages/airflow/example_dags/example_nested_branch_dag.py
[2021-09-28 02:21:36,321] {processor.py:613} INFO - Processing file /home/airflow/.local/lib/python3.6/site-packages/airflow/example_dags/example_nested_branch_dag.py for tasks to queue
[2021-09-28 02:21:36,351] {logging_mixin.py:109} INFO - [2021-09-28 02:21:36,351] {dagbag.py:496} INFO - Filling up the DagBag from /home/airflow/.local/lib/python3.6/site-packages/airflow/example_dags/example_nested_branch_dag.py
[2021-09-28 02:21:36,365] {processor.py:623} INFO - DAG(s) dict_keys(['example_nested_branch_dag']) retrieved from /home/airflow/.local/lib/python3.6/site-packages/airflow/example_dags/example_nested_branch_dag.py
[2021-09-28 02:21:36,424] {logging_mixin.py:109} INFO - [2021-09-28 02:21:36,423] {dag.py:1834} INFO - Sync 1 DAGs
[2021-09-28 02:21:36,441] {logging_mixin.py:109} INFO - [2021-09-28 02:21:36,440] {dag.py:2287} INFO - Setting next_dagrun for example_nested_branch_dag to 2021-09-26 00:00:00+00:00
[2021-09-28 02:21:36,455] {processor.py:170} INFO - Processing /home/airflow/.local/lib/python3.6/site-packages/airflow/example_dags/example_nested_branch_dag.py took 0.145 seconds
[2021-09-28 02:22:07,216] {processor.py:162} INFO - Started process (PID=26434) to work on /home/airflow/.local/lib/python3.6/site-packages/airflow/example_dags/example_nested_branch_dag.py
[2021-09-28 02:22:07,218] {processor.py:613} INFO - Processing file /home/airflow/.local/lib/python3.6/site-packages/airflow/example_dags/example_nested_branch_dag.py for tasks to queue
[2021-09-28 02:22:07,220] {logging_mixin.py:109} INFO - [2021-09-28 02:22:07,220] {dagbag.py:496} INFO - Filling up the DagBag from /home/airflow/.local/lib/python3.6/site-packages/airflow/example_dags/example_nested_branch_dag.py
[2021-09-28 02:22:07,236] {processor.py:623} INFO - DAG(s) dict_keys(['example_nested_branch_dag']) retrieved from /home/airflow/.local/lib/python3.6/site-packages/airflow/example_dags/example_nested_branch_dag.py
[2021-09-28 02:22:07,295] {logging_mixin.py:109} INFO - [2021-09-28 02:22:07,294] {dag.py:1834} INFO - Sync 1 DAGs
[2021-09-28 02:22:07,320] {logging_mixin.py:109} INFO - [2021-09-28 02:22:07,320] {dag.py:2287} INFO - Setting next_dagrun for example_nested_branch_dag to 2021-09-26 00:00:00+00:00
[2021-09-28 02:22:07,339] {processor.py:170} INFO - Processing /home/airflow/.local/lib/python3.6/site-packages/airflow/example_dags/example_nested_branch_dag.py took 0.128 seconds
