[2021-09-28 00:48:50,975] {processor.py:162} INFO - Started process (PID=25579) to work on /home/airflow/.local/lib/python3.6/site-packages/airflow/example_dags/example_kubernetes_executor.py
[2021-09-28 00:48:50,983] {processor.py:613} INFO - Processing file /home/airflow/.local/lib/python3.6/site-packages/airflow/example_dags/example_kubernetes_executor.py for tasks to queue
[2021-09-28 00:48:50,989] {logging_mixin.py:109} INFO - [2021-09-28 00:48:50,988] {dagbag.py:496} INFO - Filling up the DagBag from /home/airflow/.local/lib/python3.6/site-packages/airflow/example_dags/example_kubernetes_executor.py
[2021-09-28 00:48:51,005] {processor.py:623} INFO - DAG(s) dict_keys(['example_kubernetes_executor']) retrieved from /home/airflow/.local/lib/python3.6/site-packages/airflow/example_dags/example_kubernetes_executor.py
[2021-09-28 00:48:51,272] {logging_mixin.py:109} INFO - [2021-09-28 00:48:51,272] {dag.py:1834} INFO - Sync 1 DAGs
[2021-09-28 00:48:51,289] {logging_mixin.py:109} INFO - [2021-09-28 00:48:51,289] {dag.py:2287} INFO - Setting next_dagrun for example_kubernetes_executor to None
[2021-09-28 00:48:51,310] {processor.py:170} INFO - Processing /home/airflow/.local/lib/python3.6/site-packages/airflow/example_dags/example_kubernetes_executor.py took 0.344 seconds
[2021-09-28 01:00:11,585] {processor.py:162} INFO - Started process (PID=25765) to work on /home/airflow/.local/lib/python3.6/site-packages/airflow/example_dags/example_kubernetes_executor.py
[2021-09-28 01:00:11,593] {processor.py:613} INFO - Processing file /home/airflow/.local/lib/python3.6/site-packages/airflow/example_dags/example_kubernetes_executor.py for tasks to queue
[2021-09-28 01:00:11,605] {logging_mixin.py:109} INFO - [2021-09-28 01:00:11,605] {dagbag.py:496} INFO - Filling up the DagBag from /home/airflow/.local/lib/python3.6/site-packages/airflow/example_dags/example_kubernetes_executor.py
[2021-09-28 01:00:11,745] {processor.py:623} INFO - DAG(s) dict_keys(['example_kubernetes_executor']) retrieved from /home/airflow/.local/lib/python3.6/site-packages/airflow/example_dags/example_kubernetes_executor.py
[2021-09-28 01:00:11,937] {logging_mixin.py:109} INFO - [2021-09-28 01:00:11,937] {dag.py:1834} INFO - Sync 1 DAGs
[2021-09-28 01:00:12,009] {logging_mixin.py:109} INFO - [2021-09-28 01:00:12,009] {dag.py:2287} INFO - Setting next_dagrun for example_kubernetes_executor to None
[2021-09-28 01:00:13,432] {processor.py:170} INFO - Processing /home/airflow/.local/lib/python3.6/site-packages/airflow/example_dags/example_kubernetes_executor.py took 1.869 seconds
[2021-09-28 02:20:38,650] {processor.py:162} INFO - Started process (PID=25953) to work on /home/airflow/.local/lib/python3.6/site-packages/airflow/example_dags/example_kubernetes_executor.py
[2021-09-28 02:20:38,654] {processor.py:613} INFO - Processing file /home/airflow/.local/lib/python3.6/site-packages/airflow/example_dags/example_kubernetes_executor.py for tasks to queue
[2021-09-28 02:20:38,663] {logging_mixin.py:109} INFO - [2021-09-28 02:20:38,659] {dagbag.py:496} INFO - Filling up the DagBag from /home/airflow/.local/lib/python3.6/site-packages/airflow/example_dags/example_kubernetes_executor.py
[2021-09-28 02:20:38,719] {processor.py:623} INFO - DAG(s) dict_keys(['example_kubernetes_executor']) retrieved from /home/airflow/.local/lib/python3.6/site-packages/airflow/example_dags/example_kubernetes_executor.py
[2021-09-28 02:20:38,820] {logging_mixin.py:109} INFO - [2021-09-28 02:20:38,820] {dag.py:1834} INFO - Sync 1 DAGs
[2021-09-28 02:20:38,850] {logging_mixin.py:109} INFO - [2021-09-28 02:20:38,850] {dag.py:2287} INFO - Setting next_dagrun for example_kubernetes_executor to None
[2021-09-28 02:20:38,909] {processor.py:170} INFO - Processing /home/airflow/.local/lib/python3.6/site-packages/airflow/example_dags/example_kubernetes_executor.py took 0.268 seconds
[2021-09-28 02:21:08,974] {processor.py:162} INFO - Started process (PID=26141) to work on /home/airflow/.local/lib/python3.6/site-packages/airflow/example_dags/example_kubernetes_executor.py
[2021-09-28 02:21:08,977] {processor.py:613} INFO - Processing file /home/airflow/.local/lib/python3.6/site-packages/airflow/example_dags/example_kubernetes_executor.py for tasks to queue
[2021-09-28 02:21:08,979] {logging_mixin.py:109} INFO - [2021-09-28 02:21:08,979] {dagbag.py:496} INFO - Filling up the DagBag from /home/airflow/.local/lib/python3.6/site-packages/airflow/example_dags/example_kubernetes_executor.py
[2021-09-28 02:21:08,995] {processor.py:623} INFO - DAG(s) dict_keys(['example_kubernetes_executor']) retrieved from /home/airflow/.local/lib/python3.6/site-packages/airflow/example_dags/example_kubernetes_executor.py
[2021-09-28 02:21:09,040] {logging_mixin.py:109} INFO - [2021-09-28 02:21:09,040] {dag.py:1834} INFO - Sync 1 DAGs
[2021-09-28 02:21:09,057] {logging_mixin.py:109} INFO - [2021-09-28 02:21:09,057] {dag.py:2287} INFO - Setting next_dagrun for example_kubernetes_executor to None
[2021-09-28 02:21:09,073] {processor.py:170} INFO - Processing /home/airflow/.local/lib/python3.6/site-packages/airflow/example_dags/example_kubernetes_executor.py took 0.102 seconds
[2021-09-28 02:21:40,112] {processor.py:162} INFO - Started process (PID=26334) to work on /home/airflow/.local/lib/python3.6/site-packages/airflow/example_dags/example_kubernetes_executor.py
[2021-09-28 02:21:40,117] {processor.py:613} INFO - Processing file /home/airflow/.local/lib/python3.6/site-packages/airflow/example_dags/example_kubernetes_executor.py for tasks to queue
[2021-09-28 02:21:40,123] {logging_mixin.py:109} INFO - [2021-09-28 02:21:40,123] {dagbag.py:496} INFO - Filling up the DagBag from /home/airflow/.local/lib/python3.6/site-packages/airflow/example_dags/example_kubernetes_executor.py
[2021-09-28 02:21:40,145] {processor.py:623} INFO - DAG(s) dict_keys(['example_kubernetes_executor']) retrieved from /home/airflow/.local/lib/python3.6/site-packages/airflow/example_dags/example_kubernetes_executor.py
[2021-09-28 02:21:40,195] {logging_mixin.py:109} INFO - [2021-09-28 02:21:40,195] {dag.py:1834} INFO - Sync 1 DAGs
[2021-09-28 02:21:40,214] {logging_mixin.py:109} INFO - [2021-09-28 02:21:40,214] {dag.py:2287} INFO - Setting next_dagrun for example_kubernetes_executor to None
[2021-09-28 02:21:40,233] {processor.py:170} INFO - Processing /home/airflow/.local/lib/python3.6/site-packages/airflow/example_dags/example_kubernetes_executor.py took 0.125 seconds
[2021-09-28 02:22:10,552] {processor.py:162} INFO - Started process (PID=26517) to work on /home/airflow/.local/lib/python3.6/site-packages/airflow/example_dags/example_kubernetes_executor.py
[2021-09-28 02:22:10,555] {processor.py:613} INFO - Processing file /home/airflow/.local/lib/python3.6/site-packages/airflow/example_dags/example_kubernetes_executor.py for tasks to queue
[2021-09-28 02:22:10,556] {logging_mixin.py:109} INFO - [2021-09-28 02:22:10,556] {dagbag.py:496} INFO - Filling up the DagBag from /home/airflow/.local/lib/python3.6/site-packages/airflow/example_dags/example_kubernetes_executor.py
[2021-09-28 02:22:10,570] {processor.py:623} INFO - DAG(s) dict_keys(['example_kubernetes_executor']) retrieved from /home/airflow/.local/lib/python3.6/site-packages/airflow/example_dags/example_kubernetes_executor.py
[2021-09-28 02:22:10,614] {logging_mixin.py:109} INFO - [2021-09-28 02:22:10,614] {dag.py:1834} INFO - Sync 1 DAGs
[2021-09-28 02:22:10,630] {logging_mixin.py:109} INFO - [2021-09-28 02:22:10,630] {dag.py:2287} INFO - Setting next_dagrun for example_kubernetes_executor to None
[2021-09-28 02:22:10,646] {processor.py:170} INFO - Processing /home/airflow/.local/lib/python3.6/site-packages/airflow/example_dags/example_kubernetes_executor.py took 0.099 seconds
