[2021-09-28 00:48:46,174] {processor.py:162} INFO - Started process (PID=25504) to work on /home/airflow/.local/lib/python3.6/site-packages/airflow/example_dags/example_task_group.py
[2021-09-28 00:48:46,177] {processor.py:613} INFO - Processing file /home/airflow/.local/lib/python3.6/site-packages/airflow/example_dags/example_task_group.py for tasks to queue
[2021-09-28 00:48:46,180] {logging_mixin.py:109} INFO - [2021-09-28 00:48:46,180] {dagbag.py:496} INFO - Filling up the DagBag from /home/airflow/.local/lib/python3.6/site-packages/airflow/example_dags/example_task_group.py
[2021-09-28 00:48:46,210] {processor.py:623} INFO - DAG(s) dict_keys(['example_task_group']) retrieved from /home/airflow/.local/lib/python3.6/site-packages/airflow/example_dags/example_task_group.py
[2021-09-28 00:48:46,739] {logging_mixin.py:109} INFO - [2021-09-28 00:48:46,738] {dag.py:1834} INFO - Sync 1 DAGs
[2021-09-28 00:48:46,755] {logging_mixin.py:109} INFO - [2021-09-28 00:48:46,755] {dag.py:2287} INFO - Setting next_dagrun for example_task_group to 2021-09-26 00:00:00+00:00
[2021-09-28 00:48:46,783] {processor.py:170} INFO - Processing /home/airflow/.local/lib/python3.6/site-packages/airflow/example_dags/example_task_group.py took 0.618 seconds
[2021-09-28 01:00:08,674] {processor.py:162} INFO - Started process (PID=25679) to work on /home/airflow/.local/lib/python3.6/site-packages/airflow/example_dags/example_task_group.py
[2021-09-28 01:00:08,678] {processor.py:613} INFO - Processing file /home/airflow/.local/lib/python3.6/site-packages/airflow/example_dags/example_task_group.py for tasks to queue
[2021-09-28 01:00:08,680] {logging_mixin.py:109} INFO - [2021-09-28 01:00:08,680] {dagbag.py:496} INFO - Filling up the DagBag from /home/airflow/.local/lib/python3.6/site-packages/airflow/example_dags/example_task_group.py
[2021-09-28 01:00:08,696] {processor.py:623} INFO - DAG(s) dict_keys(['example_task_group']) retrieved from /home/airflow/.local/lib/python3.6/site-packages/airflow/example_dags/example_task_group.py
[2021-09-28 01:00:08,731] {logging_mixin.py:109} INFO - [2021-09-28 01:00:08,731] {dag.py:1834} INFO - Sync 1 DAGs
[2021-09-28 01:00:08,747] {logging_mixin.py:109} INFO - [2021-09-28 01:00:08,747] {dag.py:2287} INFO - Setting next_dagrun for example_task_group to 2021-09-26 00:00:00+00:00
[2021-09-28 01:00:08,760] {processor.py:170} INFO - Processing /home/airflow/.local/lib/python3.6/site-packages/airflow/example_dags/example_task_group.py took 0.090 seconds
[2021-09-28 02:20:35,551] {processor.py:162} INFO - Started process (PID=25873) to work on /home/airflow/.local/lib/python3.6/site-packages/airflow/example_dags/example_task_group.py
[2021-09-28 02:20:35,556] {processor.py:613} INFO - Processing file /home/airflow/.local/lib/python3.6/site-packages/airflow/example_dags/example_task_group.py for tasks to queue
[2021-09-28 02:20:35,563] {logging_mixin.py:109} INFO - [2021-09-28 02:20:35,562] {dagbag.py:496} INFO - Filling up the DagBag from /home/airflow/.local/lib/python3.6/site-packages/airflow/example_dags/example_task_group.py
[2021-09-28 02:20:35,591] {processor.py:623} INFO - DAG(s) dict_keys(['example_task_group']) retrieved from /home/airflow/.local/lib/python3.6/site-packages/airflow/example_dags/example_task_group.py
[2021-09-28 02:20:35,673] {logging_mixin.py:109} INFO - [2021-09-28 02:20:35,673] {dag.py:1834} INFO - Sync 1 DAGs
[2021-09-28 02:20:35,704] {logging_mixin.py:109} INFO - [2021-09-28 02:20:35,703] {dag.py:2287} INFO - Setting next_dagrun for example_task_group to 2021-09-26 00:00:00+00:00
[2021-09-28 02:20:35,745] {processor.py:170} INFO - Processing /home/airflow/.local/lib/python3.6/site-packages/airflow/example_dags/example_task_group.py took 0.199 seconds
[2021-09-28 02:21:06,091] {processor.py:162} INFO - Started process (PID=26078) to work on /home/airflow/.local/lib/python3.6/site-packages/airflow/example_dags/example_task_group.py
[2021-09-28 02:21:06,095] {processor.py:613} INFO - Processing file /home/airflow/.local/lib/python3.6/site-packages/airflow/example_dags/example_task_group.py for tasks to queue
[2021-09-28 02:21:06,099] {logging_mixin.py:109} INFO - [2021-09-28 02:21:06,099] {dagbag.py:496} INFO - Filling up the DagBag from /home/airflow/.local/lib/python3.6/site-packages/airflow/example_dags/example_task_group.py
[2021-09-28 02:21:06,119] {processor.py:623} INFO - DAG(s) dict_keys(['example_task_group']) retrieved from /home/airflow/.local/lib/python3.6/site-packages/airflow/example_dags/example_task_group.py
[2021-09-28 02:21:06,153] {logging_mixin.py:109} INFO - [2021-09-28 02:21:06,153] {dag.py:1834} INFO - Sync 1 DAGs
[2021-09-28 02:21:06,170] {logging_mixin.py:109} INFO - [2021-09-28 02:21:06,170] {dag.py:2287} INFO - Setting next_dagrun for example_task_group to 2021-09-26 00:00:00+00:00
[2021-09-28 02:21:06,193] {processor.py:170} INFO - Processing /home/airflow/.local/lib/python3.6/site-packages/airflow/example_dags/example_task_group.py took 0.110 seconds
[2021-09-28 02:21:36,863] {processor.py:162} INFO - Started process (PID=26258) to work on /home/airflow/.local/lib/python3.6/site-packages/airflow/example_dags/example_task_group.py
[2021-09-28 02:21:36,867] {processor.py:613} INFO - Processing file /home/airflow/.local/lib/python3.6/site-packages/airflow/example_dags/example_task_group.py for tasks to queue
[2021-09-28 02:21:36,870] {logging_mixin.py:109} INFO - [2021-09-28 02:21:36,870] {dagbag.py:496} INFO - Filling up the DagBag from /home/airflow/.local/lib/python3.6/site-packages/airflow/example_dags/example_task_group.py
[2021-09-28 02:21:36,898] {processor.py:623} INFO - DAG(s) dict_keys(['example_task_group']) retrieved from /home/airflow/.local/lib/python3.6/site-packages/airflow/example_dags/example_task_group.py
[2021-09-28 02:21:36,949] {logging_mixin.py:109} INFO - [2021-09-28 02:21:36,948] {dag.py:1834} INFO - Sync 1 DAGs
[2021-09-28 02:21:36,965] {logging_mixin.py:109} INFO - [2021-09-28 02:21:36,965] {dag.py:2287} INFO - Setting next_dagrun for example_task_group to 2021-09-26 00:00:00+00:00
[2021-09-28 02:21:37,007] {processor.py:170} INFO - Processing /home/airflow/.local/lib/python3.6/site-packages/airflow/example_dags/example_task_group.py took 0.153 seconds
[2021-09-28 02:22:07,546] {processor.py:162} INFO - Started process (PID=26449) to work on /home/airflow/.local/lib/python3.6/site-packages/airflow/example_dags/example_task_group.py
[2021-09-28 02:22:07,548] {processor.py:613} INFO - Processing file /home/airflow/.local/lib/python3.6/site-packages/airflow/example_dags/example_task_group.py for tasks to queue
[2021-09-28 02:22:07,550] {logging_mixin.py:109} INFO - [2021-09-28 02:22:07,550] {dagbag.py:496} INFO - Filling up the DagBag from /home/airflow/.local/lib/python3.6/site-packages/airflow/example_dags/example_task_group.py
[2021-09-28 02:22:07,565] {processor.py:623} INFO - DAG(s) dict_keys(['example_task_group']) retrieved from /home/airflow/.local/lib/python3.6/site-packages/airflow/example_dags/example_task_group.py
[2021-09-28 02:22:07,600] {logging_mixin.py:109} INFO - [2021-09-28 02:22:07,599] {dag.py:1834} INFO - Sync 1 DAGs
[2021-09-28 02:22:07,619] {logging_mixin.py:109} INFO - [2021-09-28 02:22:07,619] {dag.py:2287} INFO - Setting next_dagrun for example_task_group to 2021-09-26 00:00:00+00:00
[2021-09-28 02:22:07,639] {processor.py:170} INFO - Processing /home/airflow/.local/lib/python3.6/site-packages/airflow/example_dags/example_task_group.py took 0.096 seconds
