[2021-09-28 00:48:52,524] {processor.py:162} INFO - Started process (PID=25608) to work on /home/airflow/.local/lib/python3.6/site-packages/airflow/example_dags/tutorial.py
[2021-09-28 00:48:52,533] {processor.py:613} INFO - Processing file /home/airflow/.local/lib/python3.6/site-packages/airflow/example_dags/tutorial.py for tasks to queue
[2021-09-28 00:48:52,538] {logging_mixin.py:109} INFO - [2021-09-28 00:48:52,537] {dagbag.py:496} INFO - Filling up the DagBag from /home/airflow/.local/lib/python3.6/site-packages/airflow/example_dags/tutorial.py
[2021-09-28 00:48:52,560] {processor.py:623} INFO - DAG(s) dict_keys(['tutorial']) retrieved from /home/airflow/.local/lib/python3.6/site-packages/airflow/example_dags/tutorial.py
[2021-09-28 00:48:52,993] {logging_mixin.py:109} INFO - [2021-09-28 00:48:52,992] {dag.py:1834} INFO - Sync 1 DAGs
[2021-09-28 00:48:53,006] {logging_mixin.py:109} INFO - [2021-09-28 00:48:53,006] {dag.py:2287} INFO - Setting next_dagrun for tutorial to 2021-09-26 00:00:00+00:00
[2021-09-28 00:48:53,026] {processor.py:170} INFO - Processing /home/airflow/.local/lib/python3.6/site-packages/airflow/example_dags/tutorial.py took 0.512 seconds
[2021-09-28 01:00:16,132] {processor.py:162} INFO - Started process (PID=25801) to work on /home/airflow/.local/lib/python3.6/site-packages/airflow/example_dags/tutorial.py
[2021-09-28 01:00:16,134] {processor.py:613} INFO - Processing file /home/airflow/.local/lib/python3.6/site-packages/airflow/example_dags/tutorial.py for tasks to queue
[2021-09-28 01:00:16,138] {logging_mixin.py:109} INFO - [2021-09-28 01:00:16,138] {dagbag.py:496} INFO - Filling up the DagBag from /home/airflow/.local/lib/python3.6/site-packages/airflow/example_dags/tutorial.py
[2021-09-28 01:00:16,156] {processor.py:623} INFO - DAG(s) dict_keys(['tutorial']) retrieved from /home/airflow/.local/lib/python3.6/site-packages/airflow/example_dags/tutorial.py
[2021-09-28 01:00:16,205] {logging_mixin.py:109} INFO - [2021-09-28 01:00:16,205] {dag.py:1834} INFO - Sync 1 DAGs
[2021-09-28 01:00:16,223] {logging_mixin.py:109} INFO - [2021-09-28 01:00:16,223] {dag.py:2287} INFO - Setting next_dagrun for tutorial to 2021-09-26 00:00:00+00:00
[2021-09-28 01:00:16,239] {processor.py:170} INFO - Processing /home/airflow/.local/lib/python3.6/site-packages/airflow/example_dags/tutorial.py took 0.112 seconds
[2021-09-28 02:20:40,322] {processor.py:162} INFO - Started process (PID=25993) to work on /home/airflow/.local/lib/python3.6/site-packages/airflow/example_dags/tutorial.py
[2021-09-28 02:20:40,328] {processor.py:613} INFO - Processing file /home/airflow/.local/lib/python3.6/site-packages/airflow/example_dags/tutorial.py for tasks to queue
[2021-09-28 02:20:40,330] {logging_mixin.py:109} INFO - [2021-09-28 02:20:40,330] {dagbag.py:496} INFO - Filling up the DagBag from /home/airflow/.local/lib/python3.6/site-packages/airflow/example_dags/tutorial.py
[2021-09-28 02:20:40,347] {processor.py:623} INFO - DAG(s) dict_keys(['tutorial']) retrieved from /home/airflow/.local/lib/python3.6/site-packages/airflow/example_dags/tutorial.py
[2021-09-28 02:20:40,400] {logging_mixin.py:109} INFO - [2021-09-28 02:20:40,400] {dag.py:1834} INFO - Sync 1 DAGs
[2021-09-28 02:20:40,416] {logging_mixin.py:109} INFO - [2021-09-28 02:20:40,416] {dag.py:2287} INFO - Setting next_dagrun for tutorial to 2021-09-26 00:00:00+00:00
[2021-09-28 02:20:40,430] {processor.py:170} INFO - Processing /home/airflow/.local/lib/python3.6/site-packages/airflow/example_dags/tutorial.py took 0.115 seconds
[2021-09-28 02:21:10,882] {processor.py:162} INFO - Started process (PID=26176) to work on /home/airflow/.local/lib/python3.6/site-packages/airflow/example_dags/tutorial.py
[2021-09-28 02:21:10,886] {processor.py:613} INFO - Processing file /home/airflow/.local/lib/python3.6/site-packages/airflow/example_dags/tutorial.py for tasks to queue
[2021-09-28 02:21:10,889] {logging_mixin.py:109} INFO - [2021-09-28 02:21:10,889] {dagbag.py:496} INFO - Filling up the DagBag from /home/airflow/.local/lib/python3.6/site-packages/airflow/example_dags/tutorial.py
[2021-09-28 02:21:10,901] {processor.py:623} INFO - DAG(s) dict_keys(['tutorial']) retrieved from /home/airflow/.local/lib/python3.6/site-packages/airflow/example_dags/tutorial.py
[2021-09-28 02:21:10,947] {logging_mixin.py:109} INFO - [2021-09-28 02:21:10,947] {dag.py:1834} INFO - Sync 1 DAGs
[2021-09-28 02:21:10,966] {logging_mixin.py:109} INFO - [2021-09-28 02:21:10,965] {dag.py:2287} INFO - Setting next_dagrun for tutorial to 2021-09-26 00:00:00+00:00
[2021-09-28 02:21:10,983] {processor.py:170} INFO - Processing /home/airflow/.local/lib/python3.6/site-packages/airflow/example_dags/tutorial.py took 0.106 seconds
[2021-09-28 02:21:42,222] {processor.py:162} INFO - Started process (PID=26369) to work on /home/airflow/.local/lib/python3.6/site-packages/airflow/example_dags/tutorial.py
[2021-09-28 02:21:42,224] {processor.py:613} INFO - Processing file /home/airflow/.local/lib/python3.6/site-packages/airflow/example_dags/tutorial.py for tasks to queue
[2021-09-28 02:21:42,226] {logging_mixin.py:109} INFO - [2021-09-28 02:21:42,226] {dagbag.py:496} INFO - Filling up the DagBag from /home/airflow/.local/lib/python3.6/site-packages/airflow/example_dags/tutorial.py
[2021-09-28 02:21:42,237] {processor.py:623} INFO - DAG(s) dict_keys(['tutorial']) retrieved from /home/airflow/.local/lib/python3.6/site-packages/airflow/example_dags/tutorial.py
[2021-09-28 02:21:42,271] {logging_mixin.py:109} INFO - [2021-09-28 02:21:42,271] {dag.py:1834} INFO - Sync 1 DAGs
[2021-09-28 02:21:42,287] {logging_mixin.py:109} INFO - [2021-09-28 02:21:42,287] {dag.py:2287} INFO - Setting next_dagrun for tutorial to 2021-09-26 00:00:00+00:00
[2021-09-28 02:21:42,321] {processor.py:170} INFO - Processing /home/airflow/.local/lib/python3.6/site-packages/airflow/example_dags/tutorial.py took 0.103 seconds
[2021-09-28 02:22:13,477] {processor.py:162} INFO - Started process (PID=26552) to work on /home/airflow/.local/lib/python3.6/site-packages/airflow/example_dags/tutorial.py
[2021-09-28 02:22:13,479] {processor.py:613} INFO - Processing file /home/airflow/.local/lib/python3.6/site-packages/airflow/example_dags/tutorial.py for tasks to queue
[2021-09-28 02:22:13,482] {logging_mixin.py:109} INFO - [2021-09-28 02:22:13,482] {dagbag.py:496} INFO - Filling up the DagBag from /home/airflow/.local/lib/python3.6/site-packages/airflow/example_dags/tutorial.py
[2021-09-28 02:22:13,496] {processor.py:623} INFO - DAG(s) dict_keys(['tutorial']) retrieved from /home/airflow/.local/lib/python3.6/site-packages/airflow/example_dags/tutorial.py
[2021-09-28 02:22:13,539] {logging_mixin.py:109} INFO - [2021-09-28 02:22:13,538] {dag.py:1834} INFO - Sync 1 DAGs
[2021-09-28 02:22:13,556] {logging_mixin.py:109} INFO - [2021-09-28 02:22:13,555] {dag.py:2287} INFO - Setting next_dagrun for tutorial to 2021-09-26 00:00:00+00:00
[2021-09-28 02:22:13,579] {processor.py:170} INFO - Processing /home/airflow/.local/lib/python3.6/site-packages/airflow/example_dags/tutorial.py took 0.107 seconds
