[2021-09-28 00:48:53,148] {processor.py:162} INFO - Started process (PID=25623) to work on /home/airflow/.local/lib/python3.6/site-packages/airflow/example_dags/tutorial_taskflow_api_etl_virtualenv.py
[2021-09-28 00:48:53,154] {processor.py:613} INFO - Processing file /home/airflow/.local/lib/python3.6/site-packages/airflow/example_dags/tutorial_taskflow_api_etl_virtualenv.py for tasks to queue
[2021-09-28 00:48:53,155] {logging_mixin.py:109} INFO - [2021-09-28 00:48:53,155] {dagbag.py:496} INFO - Filling up the DagBag from /home/airflow/.local/lib/python3.6/site-packages/airflow/example_dags/tutorial_taskflow_api_etl_virtualenv.py
[2021-09-28 00:48:53,188] {processor.py:623} INFO - DAG(s) dict_keys(['tutorial_taskflow_api_etl_virtualenv']) retrieved from /home/airflow/.local/lib/python3.6/site-packages/airflow/example_dags/tutorial_taskflow_api_etl_virtualenv.py
[2021-09-28 00:48:53,481] {logging_mixin.py:109} INFO - [2021-09-28 00:48:53,481] {dag.py:1834} INFO - Sync 1 DAGs
[2021-09-28 00:48:53,491] {logging_mixin.py:109} INFO - [2021-09-28 00:48:53,491] {dag.py:2287} INFO - Setting next_dagrun for tutorial_taskflow_api_etl_virtualenv to None
[2021-09-28 00:48:53,506] {processor.py:170} INFO - Processing /home/airflow/.local/lib/python3.6/site-packages/airflow/example_dags/tutorial_taskflow_api_etl_virtualenv.py took 0.362 seconds
[2021-09-28 01:00:16,534] {processor.py:162} INFO - Started process (PID=25816) to work on /home/airflow/.local/lib/python3.6/site-packages/airflow/example_dags/tutorial_taskflow_api_etl_virtualenv.py
[2021-09-28 01:00:16,536] {processor.py:613} INFO - Processing file /home/airflow/.local/lib/python3.6/site-packages/airflow/example_dags/tutorial_taskflow_api_etl_virtualenv.py for tasks to queue
[2021-09-28 01:00:16,539] {logging_mixin.py:109} INFO - [2021-09-28 01:00:16,539] {dagbag.py:496} INFO - Filling up the DagBag from /home/airflow/.local/lib/python3.6/site-packages/airflow/example_dags/tutorial_taskflow_api_etl_virtualenv.py
[2021-09-28 01:00:16,572] {processor.py:623} INFO - DAG(s) dict_keys(['tutorial_taskflow_api_etl_virtualenv']) retrieved from /home/airflow/.local/lib/python3.6/site-packages/airflow/example_dags/tutorial_taskflow_api_etl_virtualenv.py
[2021-09-28 01:00:17,142] {logging_mixin.py:109} INFO - [2021-09-28 01:00:17,142] {dag.py:1834} INFO - Sync 1 DAGs
[2021-09-28 01:00:17,164] {logging_mixin.py:109} INFO - [2021-09-28 01:00:17,163] {dag.py:2287} INFO - Setting next_dagrun for tutorial_taskflow_api_etl_virtualenv to None
[2021-09-28 01:00:17,194] {processor.py:170} INFO - Processing /home/airflow/.local/lib/python3.6/site-packages/airflow/example_dags/tutorial_taskflow_api_etl_virtualenv.py took 0.666 seconds
[2021-09-28 02:20:40,727] {processor.py:162} INFO - Started process (PID=26009) to work on /home/airflow/.local/lib/python3.6/site-packages/airflow/example_dags/tutorial_taskflow_api_etl_virtualenv.py
[2021-09-28 02:20:40,730] {processor.py:613} INFO - Processing file /home/airflow/.local/lib/python3.6/site-packages/airflow/example_dags/tutorial_taskflow_api_etl_virtualenv.py for tasks to queue
[2021-09-28 02:20:40,735] {logging_mixin.py:109} INFO - [2021-09-28 02:20:40,735] {dagbag.py:496} INFO - Filling up the DagBag from /home/airflow/.local/lib/python3.6/site-packages/airflow/example_dags/tutorial_taskflow_api_etl_virtualenv.py
[2021-09-28 02:20:40,769] {processor.py:623} INFO - DAG(s) dict_keys(['tutorial_taskflow_api_etl_virtualenv']) retrieved from /home/airflow/.local/lib/python3.6/site-packages/airflow/example_dags/tutorial_taskflow_api_etl_virtualenv.py
[2021-09-28 02:20:41,125] {logging_mixin.py:109} INFO - [2021-09-28 02:20:41,125] {dag.py:1834} INFO - Sync 1 DAGs
[2021-09-28 02:20:41,147] {logging_mixin.py:109} INFO - [2021-09-28 02:20:41,147] {dag.py:2287} INFO - Setting next_dagrun for tutorial_taskflow_api_etl_virtualenv to None
[2021-09-28 02:20:41,166] {processor.py:170} INFO - Processing /home/airflow/.local/lib/python3.6/site-packages/airflow/example_dags/tutorial_taskflow_api_etl_virtualenv.py took 0.450 seconds
[2021-09-28 02:21:11,260] {processor.py:162} INFO - Started process (PID=26201) to work on /home/airflow/.local/lib/python3.6/site-packages/airflow/example_dags/tutorial_taskflow_api_etl_virtualenv.py
[2021-09-28 02:21:11,266] {processor.py:613} INFO - Processing file /home/airflow/.local/lib/python3.6/site-packages/airflow/example_dags/tutorial_taskflow_api_etl_virtualenv.py for tasks to queue
[2021-09-28 02:21:11,269] {logging_mixin.py:109} INFO - [2021-09-28 02:21:11,268] {dagbag.py:496} INFO - Filling up the DagBag from /home/airflow/.local/lib/python3.6/site-packages/airflow/example_dags/tutorial_taskflow_api_etl_virtualenv.py
[2021-09-28 02:21:11,286] {processor.py:623} INFO - DAG(s) dict_keys(['tutorial_taskflow_api_etl_virtualenv']) retrieved from /home/airflow/.local/lib/python3.6/site-packages/airflow/example_dags/tutorial_taskflow_api_etl_virtualenv.py
[2021-09-28 02:21:11,544] {logging_mixin.py:109} INFO - [2021-09-28 02:21:11,544] {dag.py:1834} INFO - Sync 1 DAGs
[2021-09-28 02:21:11,557] {logging_mixin.py:109} INFO - [2021-09-28 02:21:11,557] {dag.py:2287} INFO - Setting next_dagrun for tutorial_taskflow_api_etl_virtualenv to None
[2021-09-28 02:21:11,576] {processor.py:170} INFO - Processing /home/airflow/.local/lib/python3.6/site-packages/airflow/example_dags/tutorial_taskflow_api_etl_virtualenv.py took 0.324 seconds
[2021-09-28 02:21:42,564] {processor.py:162} INFO - Started process (PID=26384) to work on /home/airflow/.local/lib/python3.6/site-packages/airflow/example_dags/tutorial_taskflow_api_etl_virtualenv.py
[2021-09-28 02:21:42,567] {processor.py:613} INFO - Processing file /home/airflow/.local/lib/python3.6/site-packages/airflow/example_dags/tutorial_taskflow_api_etl_virtualenv.py for tasks to queue
[2021-09-28 02:21:42,570] {logging_mixin.py:109} INFO - [2021-09-28 02:21:42,570] {dagbag.py:496} INFO - Filling up the DagBag from /home/airflow/.local/lib/python3.6/site-packages/airflow/example_dags/tutorial_taskflow_api_etl_virtualenv.py
[2021-09-28 02:21:42,605] {processor.py:623} INFO - DAG(s) dict_keys(['tutorial_taskflow_api_etl_virtualenv']) retrieved from /home/airflow/.local/lib/python3.6/site-packages/airflow/example_dags/tutorial_taskflow_api_etl_virtualenv.py
[2021-09-28 02:21:42,920] {logging_mixin.py:109} INFO - [2021-09-28 02:21:42,919] {dag.py:1834} INFO - Sync 1 DAGs
[2021-09-28 02:21:42,932] {logging_mixin.py:109} INFO - [2021-09-28 02:21:42,932] {dag.py:2287} INFO - Setting next_dagrun for tutorial_taskflow_api_etl_virtualenv to None
[2021-09-28 02:21:42,953] {processor.py:170} INFO - Processing /home/airflow/.local/lib/python3.6/site-packages/airflow/example_dags/tutorial_taskflow_api_etl_virtualenv.py took 0.396 seconds
[2021-09-28 02:22:13,681] {processor.py:162} INFO - Started process (PID=26567) to work on /home/airflow/.local/lib/python3.6/site-packages/airflow/example_dags/tutorial_taskflow_api_etl_virtualenv.py
[2021-09-28 02:22:13,685] {processor.py:613} INFO - Processing file /home/airflow/.local/lib/python3.6/site-packages/airflow/example_dags/tutorial_taskflow_api_etl_virtualenv.py for tasks to queue
[2021-09-28 02:22:13,689] {logging_mixin.py:109} INFO - [2021-09-28 02:22:13,688] {dagbag.py:496} INFO - Filling up the DagBag from /home/airflow/.local/lib/python3.6/site-packages/airflow/example_dags/tutorial_taskflow_api_etl_virtualenv.py
[2021-09-28 02:22:13,731] {processor.py:623} INFO - DAG(s) dict_keys(['tutorial_taskflow_api_etl_virtualenv']) retrieved from /home/airflow/.local/lib/python3.6/site-packages/airflow/example_dags/tutorial_taskflow_api_etl_virtualenv.py
[2021-09-28 02:22:14,008] {logging_mixin.py:109} INFO - [2021-09-28 02:22:14,007] {dag.py:1834} INFO - Sync 1 DAGs
[2021-09-28 02:22:14,023] {logging_mixin.py:109} INFO - [2021-09-28 02:22:14,022] {dag.py:2287} INFO - Setting next_dagrun for tutorial_taskflow_api_etl_virtualenv to None
[2021-09-28 02:22:14,047] {processor.py:170} INFO - Processing /home/airflow/.local/lib/python3.6/site-packages/airflow/example_dags/tutorial_taskflow_api_etl_virtualenv.py took 0.373 seconds
