[2021-09-28 00:48:48,399] {processor.py:162} INFO - Started process (PID=25541) to work on /home/airflow/.local/lib/python3.6/site-packages/airflow/example_dags/tutorial_etl_dag.py
[2021-09-28 00:48:48,401] {processor.py:613} INFO - Processing file /home/airflow/.local/lib/python3.6/site-packages/airflow/example_dags/tutorial_etl_dag.py for tasks to queue
[2021-09-28 00:48:48,403] {logging_mixin.py:109} INFO - [2021-09-28 00:48:48,403] {dagbag.py:496} INFO - Filling up the DagBag from /home/airflow/.local/lib/python3.6/site-packages/airflow/example_dags/tutorial_etl_dag.py
[2021-09-28 00:48:48,426] {processor.py:623} INFO - DAG(s) dict_keys(['tutorial_etl_dag']) retrieved from /home/airflow/.local/lib/python3.6/site-packages/airflow/example_dags/tutorial_etl_dag.py
[2021-09-28 00:48:48,902] {logging_mixin.py:109} INFO - [2021-09-28 00:48:48,902] {dag.py:1834} INFO - Sync 1 DAGs
[2021-09-28 00:48:48,931] {logging_mixin.py:109} INFO - [2021-09-28 00:48:48,931] {dag.py:2287} INFO - Setting next_dagrun for tutorial_etl_dag to None
[2021-09-28 00:48:48,963] {processor.py:170} INFO - Processing /home/airflow/.local/lib/python3.6/site-packages/airflow/example_dags/tutorial_etl_dag.py took 0.574 seconds
[2021-09-28 01:00:09,750] {processor.py:162} INFO - Started process (PID=25727) to work on /home/airflow/.local/lib/python3.6/site-packages/airflow/example_dags/tutorial_etl_dag.py
[2021-09-28 01:00:09,759] {processor.py:613} INFO - Processing file /home/airflow/.local/lib/python3.6/site-packages/airflow/example_dags/tutorial_etl_dag.py for tasks to queue
[2021-09-28 01:00:09,763] {logging_mixin.py:109} INFO - [2021-09-28 01:00:09,763] {dagbag.py:496} INFO - Filling up the DagBag from /home/airflow/.local/lib/python3.6/site-packages/airflow/example_dags/tutorial_etl_dag.py
[2021-09-28 01:00:09,806] {processor.py:623} INFO - DAG(s) dict_keys(['tutorial_etl_dag']) retrieved from /home/airflow/.local/lib/python3.6/site-packages/airflow/example_dags/tutorial_etl_dag.py
[2021-09-28 01:00:09,892] {logging_mixin.py:109} INFO - [2021-09-28 01:00:09,891] {dag.py:1834} INFO - Sync 1 DAGs
[2021-09-28 01:00:09,933] {logging_mixin.py:109} INFO - [2021-09-28 01:00:09,933] {dag.py:2287} INFO - Setting next_dagrun for tutorial_etl_dag to None
[2021-09-28 01:00:09,985] {processor.py:170} INFO - Processing /home/airflow/.local/lib/python3.6/site-packages/airflow/example_dags/tutorial_etl_dag.py took 0.239 seconds
[2021-09-28 02:20:36,910] {processor.py:162} INFO - Started process (PID=25912) to work on /home/airflow/.local/lib/python3.6/site-packages/airflow/example_dags/tutorial_etl_dag.py
[2021-09-28 02:20:36,914] {processor.py:613} INFO - Processing file /home/airflow/.local/lib/python3.6/site-packages/airflow/example_dags/tutorial_etl_dag.py for tasks to queue
[2021-09-28 02:20:36,923] {logging_mixin.py:109} INFO - [2021-09-28 02:20:36,922] {dagbag.py:496} INFO - Filling up the DagBag from /home/airflow/.local/lib/python3.6/site-packages/airflow/example_dags/tutorial_etl_dag.py
[2021-09-28 02:20:36,952] {processor.py:623} INFO - DAG(s) dict_keys(['tutorial_etl_dag']) retrieved from /home/airflow/.local/lib/python3.6/site-packages/airflow/example_dags/tutorial_etl_dag.py
[2021-09-28 02:20:37,017] {logging_mixin.py:109} INFO - [2021-09-28 02:20:37,017] {dag.py:1834} INFO - Sync 1 DAGs
[2021-09-28 02:20:37,087] {logging_mixin.py:109} INFO - [2021-09-28 02:20:37,087] {dag.py:2287} INFO - Setting next_dagrun for tutorial_etl_dag to None
[2021-09-28 02:20:37,147] {processor.py:170} INFO - Processing /home/airflow/.local/lib/python3.6/site-packages/airflow/example_dags/tutorial_etl_dag.py took 0.248 seconds
[2021-09-28 02:21:07,614] {processor.py:162} INFO - Started process (PID=26111) to work on /home/airflow/.local/lib/python3.6/site-packages/airflow/example_dags/tutorial_etl_dag.py
[2021-09-28 02:21:07,620] {processor.py:613} INFO - Processing file /home/airflow/.local/lib/python3.6/site-packages/airflow/example_dags/tutorial_etl_dag.py for tasks to queue
[2021-09-28 02:21:07,623] {logging_mixin.py:109} INFO - [2021-09-28 02:21:07,623] {dagbag.py:496} INFO - Filling up the DagBag from /home/airflow/.local/lib/python3.6/site-packages/airflow/example_dags/tutorial_etl_dag.py
[2021-09-28 02:21:07,635] {processor.py:623} INFO - DAG(s) dict_keys(['tutorial_etl_dag']) retrieved from /home/airflow/.local/lib/python3.6/site-packages/airflow/example_dags/tutorial_etl_dag.py
[2021-09-28 02:21:07,664] {logging_mixin.py:109} INFO - [2021-09-28 02:21:07,664] {dag.py:1834} INFO - Sync 1 DAGs
[2021-09-28 02:21:07,677] {logging_mixin.py:109} INFO - [2021-09-28 02:21:07,676] {dag.py:2287} INFO - Setting next_dagrun for tutorial_etl_dag to None
[2021-09-28 02:21:07,691] {processor.py:170} INFO - Processing /home/airflow/.local/lib/python3.6/site-packages/airflow/example_dags/tutorial_etl_dag.py took 0.082 seconds
[2021-09-28 02:21:38,621] {processor.py:162} INFO - Started process (PID=26303) to work on /home/airflow/.local/lib/python3.6/site-packages/airflow/example_dags/tutorial_etl_dag.py
[2021-09-28 02:21:38,623] {processor.py:613} INFO - Processing file /home/airflow/.local/lib/python3.6/site-packages/airflow/example_dags/tutorial_etl_dag.py for tasks to queue
[2021-09-28 02:21:38,626] {logging_mixin.py:109} INFO - [2021-09-28 02:21:38,626] {dagbag.py:496} INFO - Filling up the DagBag from /home/airflow/.local/lib/python3.6/site-packages/airflow/example_dags/tutorial_etl_dag.py
[2021-09-28 02:21:38,638] {processor.py:623} INFO - DAG(s) dict_keys(['tutorial_etl_dag']) retrieved from /home/airflow/.local/lib/python3.6/site-packages/airflow/example_dags/tutorial_etl_dag.py
[2021-09-28 02:21:38,672] {logging_mixin.py:109} INFO - [2021-09-28 02:21:38,672] {dag.py:1834} INFO - Sync 1 DAGs
[2021-09-28 02:21:38,688] {logging_mixin.py:109} INFO - [2021-09-28 02:21:38,688] {dag.py:2287} INFO - Setting next_dagrun for tutorial_etl_dag to None
[2021-09-28 02:21:38,702] {processor.py:170} INFO - Processing /home/airflow/.local/lib/python3.6/site-packages/airflow/example_dags/tutorial_etl_dag.py took 0.085 seconds
[2021-09-28 02:22:09,205] {processor.py:162} INFO - Started process (PID=26487) to work on /home/airflow/.local/lib/python3.6/site-packages/airflow/example_dags/tutorial_etl_dag.py
[2021-09-28 02:22:09,207] {processor.py:613} INFO - Processing file /home/airflow/.local/lib/python3.6/site-packages/airflow/example_dags/tutorial_etl_dag.py for tasks to queue
[2021-09-28 02:22:09,209] {logging_mixin.py:109} INFO - [2021-09-28 02:22:09,209] {dagbag.py:496} INFO - Filling up the DagBag from /home/airflow/.local/lib/python3.6/site-packages/airflow/example_dags/tutorial_etl_dag.py
[2021-09-28 02:22:09,221] {processor.py:623} INFO - DAG(s) dict_keys(['tutorial_etl_dag']) retrieved from /home/airflow/.local/lib/python3.6/site-packages/airflow/example_dags/tutorial_etl_dag.py
[2021-09-28 02:22:09,262] {logging_mixin.py:109} INFO - [2021-09-28 02:22:09,262] {dag.py:1834} INFO - Sync 1 DAGs
[2021-09-28 02:22:09,279] {logging_mixin.py:109} INFO - [2021-09-28 02:22:09,279] {dag.py:2287} INFO - Setting next_dagrun for tutorial_etl_dag to None
[2021-09-28 02:22:09,298] {processor.py:170} INFO - Processing /home/airflow/.local/lib/python3.6/site-packages/airflow/example_dags/tutorial_etl_dag.py took 0.098 seconds
