[2021-09-27 14:08:14,171] {taskinstance.py:903} INFO - Dependencies all met for <TaskInstance: example_complex.delete_tag_template 2021-09-27T14:06:40.788506+00:00 [queued]>
[2021-09-27 14:08:14,184] {taskinstance.py:903} INFO - Dependencies all met for <TaskInstance: example_complex.delete_tag_template 2021-09-27T14:06:40.788506+00:00 [queued]>
[2021-09-27 14:08:14,186] {taskinstance.py:1095} INFO - 
--------------------------------------------------------------------------------
[2021-09-27 14:08:14,187] {taskinstance.py:1096} INFO - Starting attempt 1 of 1
[2021-09-27 14:08:14,188] {taskinstance.py:1097} INFO - 
--------------------------------------------------------------------------------
[2021-09-27 14:08:14,205] {taskinstance.py:1115} INFO - Executing <Task(BashOperator): delete_tag_template> on 2021-09-27T14:06:40.788506+00:00
[2021-09-27 14:08:14,209] {standard_task_runner.py:52} INFO - Started process 2323 to run task
[2021-09-27 14:08:14,214] {standard_task_runner.py:76} INFO - Running: ['***', 'tasks', 'run', 'example_complex', 'delete_tag_template', '2021-09-27T14:06:40.788506+00:00', '--job-id', '37', '--pool', 'default_pool', '--raw', '--subdir', '/home/***/.local/lib/python3.6/site-packages/***/example_dags/example_complex.py', '--cfg-path', '/tmp/tmptv7c0u84', '--error-file', '/tmp/tmpg3lqobey']
[2021-09-27 14:08:14,217] {standard_task_runner.py:77} INFO - Job 37: Subtask delete_tag_template
[2021-09-27 14:08:14,271] {logging_mixin.py:109} INFO - Running <TaskInstance: example_complex.delete_tag_template 2021-09-27T14:06:40.788506+00:00 [running]> on host 77d12c45e78e
[2021-09-27 14:08:14,336] {taskinstance.py:1254} INFO - Exporting the following env vars:
AIRFLOW_CTX_DAG_OWNER=***
AIRFLOW_CTX_DAG_ID=example_complex
AIRFLOW_CTX_TASK_ID=delete_tag_template
AIRFLOW_CTX_EXECUTION_DATE=2021-09-27T14:06:40.788506+00:00
AIRFLOW_CTX_DAG_RUN_ID=manual__2021-09-27T14:06:40.788506+00:00
[2021-09-27 14:08:14,338] {subprocess.py:52} INFO - Tmp dir root location: 
 /tmp
[2021-09-27 14:08:14,340] {subprocess.py:63} INFO - Running command: ['bash', '-c', 'echo delete_tag_template']
[2021-09-27 14:08:14,350] {subprocess.py:74} INFO - Output:
[2021-09-27 14:08:14,352] {subprocess.py:78} INFO - delete_tag_template
[2021-09-27 14:08:14,353] {subprocess.py:82} INFO - Command exited with return code 0
[2021-09-27 14:08:14,396] {taskinstance.py:1219} INFO - Marking task as SUCCESS. dag_id=example_complex, task_id=delete_tag_template, execution_date=20210927T140640, start_date=20210927T140814, end_date=20210927T140814
[2021-09-27 14:08:14,430] {local_task_job.py:151} INFO - Task exited with return code 0
[2021-09-27 14:08:14,461] {local_task_job.py:261} INFO - 1 downstream tasks scheduled from follow-on schedule check
