[2021-09-27 14:07:53,592] {taskinstance.py:903} INFO - Dependencies all met for <TaskInstance: example_complex.update_tag 2021-09-27T14:06:40.788506+00:00 [queued]>
[2021-09-27 14:07:53,619] {taskinstance.py:903} INFO - Dependencies all met for <TaskInstance: example_complex.update_tag 2021-09-27T14:06:40.788506+00:00 [queued]>
[2021-09-27 14:07:53,621] {taskinstance.py:1095} INFO - 
--------------------------------------------------------------------------------
[2021-09-27 14:07:53,622] {taskinstance.py:1096} INFO - Starting attempt 1 of 1
[2021-09-27 14:07:53,624] {taskinstance.py:1097} INFO - 
--------------------------------------------------------------------------------
[2021-09-27 14:07:53,636] {taskinstance.py:1115} INFO - Executing <Task(BashOperator): update_tag> on 2021-09-27T14:06:40.788506+00:00
[2021-09-27 14:07:53,639] {standard_task_runner.py:52} INFO - Started process 2226 to run task
[2021-09-27 14:07:53,643] {standard_task_runner.py:76} INFO - Running: ['***', 'tasks', 'run', 'example_complex', 'update_tag', '2021-09-27T14:06:40.788506+00:00', '--job-id', '29', '--pool', 'default_pool', '--raw', '--subdir', '/home/***/.local/lib/python3.6/site-packages/***/example_dags/example_complex.py', '--cfg-path', '/tmp/tmp9dg6aeaz', '--error-file', '/tmp/tmp7pfeov6j']
[2021-09-27 14:07:53,646] {standard_task_runner.py:77} INFO - Job 29: Subtask update_tag
[2021-09-27 14:07:53,718] {logging_mixin.py:109} INFO - Running <TaskInstance: example_complex.update_tag 2021-09-27T14:06:40.788506+00:00 [running]> on host 77d12c45e78e
[2021-09-27 14:07:53,791] {taskinstance.py:1254} INFO - Exporting the following env vars:
AIRFLOW_CTX_DAG_OWNER=***
AIRFLOW_CTX_DAG_ID=example_complex
AIRFLOW_CTX_TASK_ID=update_tag
AIRFLOW_CTX_EXECUTION_DATE=2021-09-27T14:06:40.788506+00:00
AIRFLOW_CTX_DAG_RUN_ID=manual__2021-09-27T14:06:40.788506+00:00
[2021-09-27 14:07:53,794] {subprocess.py:52} INFO - Tmp dir root location: 
 /tmp
[2021-09-27 14:07:53,795] {subprocess.py:63} INFO - Running command: ['bash', '-c', 'echo update_tag']
[2021-09-27 14:07:53,804] {subprocess.py:74} INFO - Output:
[2021-09-27 14:07:53,806] {subprocess.py:78} INFO - update_tag
[2021-09-27 14:07:53,807] {subprocess.py:82} INFO - Command exited with return code 0
[2021-09-27 14:07:53,848] {taskinstance.py:1219} INFO - Marking task as SUCCESS. dag_id=example_complex, task_id=update_tag, execution_date=20210927T140640, start_date=20210927T140753, end_date=20210927T140753
[2021-09-27 14:07:53,902] {local_task_job.py:151} INFO - Task exited with return code 0
[2021-09-27 14:07:53,937] {local_task_job.py:261} INFO - 1 downstream tasks scheduled from follow-on schedule check
