[2021-09-27 17:48:24,996] {taskinstance.py:903} INFO - Dependencies all met for <TaskInstance: my_dag.say_hello 2021-09-27T17:20:00+00:00 [queued]>
[2021-09-27 17:48:25,083] {taskinstance.py:903} INFO - Dependencies all met for <TaskInstance: my_dag.say_hello 2021-09-27T17:20:00+00:00 [queued]>
[2021-09-27 17:48:25,085] {taskinstance.py:1095} INFO - 
--------------------------------------------------------------------------------
[2021-09-27 17:48:25,087] {taskinstance.py:1096} INFO - Starting attempt 1 of 1
[2021-09-27 17:48:25,088] {taskinstance.py:1097} INFO - 
--------------------------------------------------------------------------------
[2021-09-27 17:48:25,193] {taskinstance.py:1115} INFO - Executing <Task(PythonOperator): say_hello> on 2021-09-27T17:20:00+00:00
[2021-09-27 17:48:25,233] {standard_task_runner.py:52} INFO - Started process 24681 to run task
[2021-09-27 17:48:25,282] {standard_task_runner.py:76} INFO - Running: ['***', 'tasks', 'run', 'my_dag', 'say_hello', '2021-09-27T17:20:00+00:00', '--job-id', '87', '--pool', 'default_pool', '--raw', '--subdir', 'DAGS_FOLDER/my_dag.py', '--cfg-path', '/tmp/tmpk9rqx776', '--error-file', '/tmp/tmpj8caic75']
[2021-09-27 17:48:25,351] {standard_task_runner.py:77} INFO - Job 87: Subtask say_hello
[2021-09-27 17:48:25,640] {logging_mixin.py:109} INFO - Running <TaskInstance: my_dag.say_hello 2021-09-27T17:20:00+00:00 [running]> on host 7c1d2d2abdb5
[2021-09-27 17:48:25,830] {taskinstance.py:1254} INFO - Exporting the following env vars:
AIRFLOW_CTX_DAG_OWNER=Veerawat
AIRFLOW_CTX_DAG_ID=my_dag
AIRFLOW_CTX_TASK_ID=say_hello
AIRFLOW_CTX_EXECUTION_DATE=2021-09-27T17:20:00+00:00
AIRFLOW_CTX_DAG_RUN_ID=scheduled__2021-09-27T17:20:00+00:00
[2021-09-27 17:48:25,834] {my_dag.py:11} INFO - Hello, SAKSIAM
[2021-09-27 17:48:25,835] {python.py:151} INFO - Done. Returned value was: None
[2021-09-27 17:48:25,893] {taskinstance.py:1219} INFO - Marking task as SUCCESS. dag_id=my_dag, task_id=say_hello, execution_date=20210927T172000, start_date=20210927T174825, end_date=20210927T174825
[2021-09-27 17:48:25,999] {local_task_job.py:151} INFO - Task exited with return code 0
[2021-09-27 17:48:26,094] {local_task_job.py:261} INFO - 0 downstream tasks scheduled from follow-on schedule check
