[2021-09-27 15:32:42,971] {taskinstance.py:903} INFO - Dependencies all met for <TaskInstance: my_dag.say_hello 2021-09-27T15:20:00+00:00 [queued]>
[2021-09-27 15:32:43,020] {taskinstance.py:903} INFO - Dependencies all met for <TaskInstance: my_dag.say_hello 2021-09-27T15:20:00+00:00 [queued]>
[2021-09-27 15:32:43,021] {taskinstance.py:1095} INFO - 
--------------------------------------------------------------------------------
[2021-09-27 15:32:43,022] {taskinstance.py:1096} INFO - Starting attempt 1 of 1
[2021-09-27 15:32:43,024] {taskinstance.py:1097} INFO - 
--------------------------------------------------------------------------------
[2021-09-27 15:32:43,051] {taskinstance.py:1115} INFO - Executing <Task(PythonOperator): say_hello> on 2021-09-27T15:20:00+00:00
[2021-09-27 15:32:43,071] {standard_task_runner.py:52} INFO - Started process 23588 to run task
[2021-09-27 15:32:43,089] {standard_task_runner.py:76} INFO - Running: ['***', 'tasks', 'run', 'my_dag', 'say_hello', '2021-09-27T15:20:00+00:00', '--job-id', '73', '--pool', 'default_pool', '--raw', '--subdir', 'DAGS_FOLDER/my_dag.py', '--cfg-path', '/tmp/tmpyy0bc6zp', '--error-file', '/tmp/tmpz3njoyw7']
[2021-09-27 15:32:43,097] {standard_task_runner.py:77} INFO - Job 73: Subtask say_hello
[2021-09-27 15:32:43,230] {logging_mixin.py:109} INFO - Running <TaskInstance: my_dag.say_hello 2021-09-27T15:20:00+00:00 [running]> on host 7c1d2d2abdb5
[2021-09-27 15:32:43,464] {taskinstance.py:1254} INFO - Exporting the following env vars:
AIRFLOW_CTX_DAG_OWNER=Veerawat
AIRFLOW_CTX_DAG_ID=my_dag
AIRFLOW_CTX_TASK_ID=say_hello
AIRFLOW_CTX_EXECUTION_DATE=2021-09-27T15:20:00+00:00
AIRFLOW_CTX_DAG_RUN_ID=scheduled__2021-09-27T15:20:00+00:00
[2021-09-27 15:32:43,468] {my_dag.py:11} INFO - Hello, SAKSIAM
[2021-09-27 15:32:43,471] {python.py:151} INFO - Done. Returned value was: None
[2021-09-27 15:32:43,512] {taskinstance.py:1219} INFO - Marking task as SUCCESS. dag_id=my_dag, task_id=say_hello, execution_date=20210927T152000, start_date=20210927T153242, end_date=20210927T153243
[2021-09-27 15:32:43,607] {local_task_job.py:151} INFO - Task exited with return code 0
[2021-09-27 15:32:43,690] {local_task_job.py:261} INFO - 0 downstream tasks scheduled from follow-on schedule check
