[2021-09-28 02:20:37,590] {taskinstance.py:903} INFO - Dependencies all met for <TaskInstance: my_dag.echo_hello 2021-09-28T02:10:00+00:00 [queued]>
[2021-09-28 02:20:37,687] {taskinstance.py:903} INFO - Dependencies all met for <TaskInstance: my_dag.echo_hello 2021-09-28T02:10:00+00:00 [queued]>
[2021-09-28 02:20:37,689] {taskinstance.py:1095} INFO - 
--------------------------------------------------------------------------------
[2021-09-28 02:20:37,691] {taskinstance.py:1096} INFO - Starting attempt 1 of 1
[2021-09-28 02:20:37,697] {taskinstance.py:1097} INFO - 
--------------------------------------------------------------------------------
[2021-09-28 02:20:37,742] {taskinstance.py:1115} INFO - Executing <Task(BashOperator): echo_hello> on 2021-09-28T02:10:00+00:00
[2021-09-28 02:20:37,761] {standard_task_runner.py:52} INFO - Started process 25937 to run task
[2021-09-28 02:20:37,790] {standard_task_runner.py:76} INFO - Running: ['***', 'tasks', 'run', 'my_dag', 'echo_hello', '2021-09-28T02:10:00+00:00', '--job-id', '114', '--pool', 'default_pool', '--raw', '--subdir', 'DAGS_FOLDER/my_dag.py', '--cfg-path', '/tmp/tmplvy2rq3b', '--error-file', '/tmp/tmpcrmzsfnf']
[2021-09-28 02:20:37,819] {standard_task_runner.py:77} INFO - Job 114: Subtask echo_hello
[2021-09-28 02:20:38,107] {logging_mixin.py:109} INFO - Running <TaskInstance: my_dag.echo_hello 2021-09-28T02:10:00+00:00 [running]> on host 7c1d2d2abdb5
[2021-09-28 02:20:38,431] {taskinstance.py:1254} INFO - Exporting the following env vars:
AIRFLOW_CTX_DAG_OWNER=Veerawat
AIRFLOW_CTX_DAG_ID=my_dag
AIRFLOW_CTX_TASK_ID=echo_hello
AIRFLOW_CTX_EXECUTION_DATE=2021-09-28T02:10:00+00:00
AIRFLOW_CTX_DAG_RUN_ID=scheduled__2021-09-28T02:10:00+00:00
[2021-09-28 02:20:38,433] {subprocess.py:52} INFO - Tmp dir root location: 
 /tmp
[2021-09-28 02:20:38,446] {subprocess.py:63} INFO - Running command: ['bash', '-c', "echo 'hello'"]
[2021-09-28 02:20:38,486] {subprocess.py:74} INFO - Output:
[2021-09-28 02:20:38,505] {subprocess.py:78} INFO - hello
[2021-09-28 02:20:38,508] {subprocess.py:82} INFO - Command exited with return code 0
[2021-09-28 02:20:38,682] {taskinstance.py:1219} INFO - Marking task as SUCCESS. dag_id=my_dag, task_id=echo_hello, execution_date=20210928T021000, start_date=20210928T022037, end_date=20210928T022038
[2021-09-28 02:20:38,805] {local_task_job.py:151} INFO - Task exited with return code 0
[2021-09-28 02:20:38,884] {local_task_job.py:261} INFO - 0 downstream tasks scheduled from follow-on schedule check
