[2021-09-27 14:07:32,208] {taskinstance.py:903} INFO - Dependencies all met for <TaskInstance: example_complex.lookup_entry_result 2021-09-27T14:06:40.788506+00:00 [queued]>
[2021-09-27 14:07:32,227] {taskinstance.py:903} INFO - Dependencies all met for <TaskInstance: example_complex.lookup_entry_result 2021-09-27T14:06:40.788506+00:00 [queued]>
[2021-09-27 14:07:32,229] {taskinstance.py:1095} INFO - 
--------------------------------------------------------------------------------
[2021-09-27 14:07:32,231] {taskinstance.py:1096} INFO - Starting attempt 1 of 1
[2021-09-27 14:07:32,234] {taskinstance.py:1097} INFO - 
--------------------------------------------------------------------------------
[2021-09-27 14:07:32,251] {taskinstance.py:1115} INFO - Executing <Task(BashOperator): lookup_entry_result> on 2021-09-27T14:06:40.788506+00:00
[2021-09-27 14:07:32,255] {standard_task_runner.py:52} INFO - Started process 2133 to run task
[2021-09-27 14:07:32,259] {standard_task_runner.py:76} INFO - Running: ['***', 'tasks', 'run', 'example_complex', 'lookup_entry_result', '2021-09-27T14:06:40.788506+00:00', '--job-id', '21', '--pool', 'default_pool', '--raw', '--subdir', '/home/***/.local/lib/python3.6/site-packages/***/example_dags/example_complex.py', '--cfg-path', '/tmp/tmp8kv07q35', '--error-file', '/tmp/tmp5331m7ro']
[2021-09-27 14:07:32,263] {standard_task_runner.py:77} INFO - Job 21: Subtask lookup_entry_result
[2021-09-27 14:07:32,317] {logging_mixin.py:109} INFO - Running <TaskInstance: example_complex.lookup_entry_result 2021-09-27T14:06:40.788506+00:00 [running]> on host 77d12c45e78e
[2021-09-27 14:07:32,405] {taskinstance.py:1254} INFO - Exporting the following env vars:
AIRFLOW_CTX_DAG_OWNER=***
AIRFLOW_CTX_DAG_ID=example_complex
AIRFLOW_CTX_TASK_ID=lookup_entry_result
AIRFLOW_CTX_EXECUTION_DATE=2021-09-27T14:06:40.788506+00:00
AIRFLOW_CTX_DAG_RUN_ID=manual__2021-09-27T14:06:40.788506+00:00
[2021-09-27 14:07:32,408] {subprocess.py:52} INFO - Tmp dir root location: 
 /tmp
[2021-09-27 14:07:32,410] {subprocess.py:63} INFO - Running command: ['bash', '-c', 'echo lookup_entry_result']
[2021-09-27 14:07:32,421] {subprocess.py:74} INFO - Output:
[2021-09-27 14:07:32,423] {subprocess.py:78} INFO - lookup_entry_result
[2021-09-27 14:07:32,425] {subprocess.py:82} INFO - Command exited with return code 0
[2021-09-27 14:07:32,487] {taskinstance.py:1219} INFO - Marking task as SUCCESS. dag_id=example_complex, task_id=lookup_entry_result, execution_date=20210927T140640, start_date=20210927T140732, end_date=20210927T140732
[2021-09-27 14:07:32,557] {local_task_job.py:151} INFO - Task exited with return code 0
[2021-09-27 14:07:32,589] {local_task_job.py:261} INFO - 0 downstream tasks scheduled from follow-on schedule check
