[2021-09-27 14:11:03,957] {taskinstance.py:903} INFO - Dependencies all met for <TaskInstance: example_bash_operator.run_after_loop 2021-09-25T00:00:00+00:00 [queued]>
[2021-09-27 14:11:03,969] {taskinstance.py:903} INFO - Dependencies all met for <TaskInstance: example_bash_operator.run_after_loop 2021-09-25T00:00:00+00:00 [queued]>
[2021-09-27 14:11:03,970] {taskinstance.py:1095} INFO - 
--------------------------------------------------------------------------------
[2021-09-27 14:11:03,971] {taskinstance.py:1096} INFO - Starting attempt 1 of 1
[2021-09-27 14:11:03,973] {taskinstance.py:1097} INFO - 
--------------------------------------------------------------------------------
[2021-09-27 14:11:03,990] {taskinstance.py:1115} INFO - Executing <Task(BashOperator): run_after_loop> on 2021-09-25T00:00:00+00:00
[2021-09-27 14:11:03,993] {standard_task_runner.py:52} INFO - Started process 2739 to run task
[2021-09-27 14:11:03,997] {standard_task_runner.py:76} INFO - Running: ['***', 'tasks', 'run', 'example_bash_operator', 'run_after_loop', '2021-09-25T00:00:00+00:00', '--job-id', '53', '--pool', 'default_pool', '--raw', '--subdir', '/home/***/.local/lib/python3.6/site-packages/***/example_dags/example_bash_operator.py', '--cfg-path', '/tmp/tmpy3ppf0f3', '--error-file', '/tmp/tmp9h56j54b']
[2021-09-27 14:11:04,000] {standard_task_runner.py:77} INFO - Job 53: Subtask run_after_loop
[2021-09-27 14:11:04,063] {logging_mixin.py:109} INFO - Running <TaskInstance: example_bash_operator.run_after_loop 2021-09-25T00:00:00+00:00 [running]> on host 77d12c45e78e
[2021-09-27 14:11:04,126] {taskinstance.py:1254} INFO - Exporting the following env vars:
AIRFLOW_CTX_DAG_OWNER=***
AIRFLOW_CTX_DAG_ID=example_bash_operator
AIRFLOW_CTX_TASK_ID=run_after_loop
AIRFLOW_CTX_EXECUTION_DATE=2021-09-25T00:00:00+00:00
AIRFLOW_CTX_DAG_RUN_ID=scheduled__2021-09-25T00:00:00+00:00
[2021-09-27 14:11:04,128] {subprocess.py:52} INFO - Tmp dir root location: 
 /tmp
[2021-09-27 14:11:04,130] {subprocess.py:63} INFO - Running command: ['bash', '-c', 'echo 1']
[2021-09-27 14:11:04,137] {subprocess.py:74} INFO - Output:
[2021-09-27 14:11:04,138] {subprocess.py:78} INFO - 1
[2021-09-27 14:11:04,139] {subprocess.py:82} INFO - Command exited with return code 0
[2021-09-27 14:11:04,177] {taskinstance.py:1219} INFO - Marking task as SUCCESS. dag_id=example_bash_operator, task_id=run_after_loop, execution_date=20210925T000000, start_date=20210927T141103, end_date=20210927T141104
[2021-09-27 14:11:04,213] {local_task_job.py:151} INFO - Task exited with return code 0
[2021-09-27 14:11:04,245] {local_task_job.py:261} INFO - 0 downstream tasks scheduled from follow-on schedule check
