[2021-09-27 14:07:26,063] {taskinstance.py:903} INFO - Dependencies all met for <TaskInstance: example_complex.create_tag_template_result 2021-09-27T14:06:40.788506+00:00 [queued]>
[2021-09-27 14:07:26,094] {taskinstance.py:903} INFO - Dependencies all met for <TaskInstance: example_complex.create_tag_template_result 2021-09-27T14:06:40.788506+00:00 [queued]>
[2021-09-27 14:07:26,095] {taskinstance.py:1095} INFO - 
--------------------------------------------------------------------------------
[2021-09-27 14:07:26,096] {taskinstance.py:1096} INFO - Starting attempt 1 of 1
[2021-09-27 14:07:26,097] {taskinstance.py:1097} INFO - 
--------------------------------------------------------------------------------
[2021-09-27 14:07:26,113] {taskinstance.py:1115} INFO - Executing <Task(BashOperator): create_tag_template_result> on 2021-09-27T14:06:40.788506+00:00
[2021-09-27 14:07:26,119] {standard_task_runner.py:52} INFO - Started process 2117 to run task
[2021-09-27 14:07:26,133] {standard_task_runner.py:76} INFO - Running: ['***', 'tasks', 'run', 'example_complex', 'create_tag_template_result', '2021-09-27T14:06:40.788506+00:00', '--job-id', '19', '--pool', 'default_pool', '--raw', '--subdir', '/home/***/.local/lib/python3.6/site-packages/***/example_dags/example_complex.py', '--cfg-path', '/tmp/tmprdthowni', '--error-file', '/tmp/tmp_mvnalbz']
[2021-09-27 14:07:26,140] {standard_task_runner.py:77} INFO - Job 19: Subtask create_tag_template_result
[2021-09-27 14:07:26,205] {logging_mixin.py:109} INFO - Running <TaskInstance: example_complex.create_tag_template_result 2021-09-27T14:06:40.788506+00:00 [running]> on host 77d12c45e78e
[2021-09-27 14:07:26,281] {taskinstance.py:1254} INFO - Exporting the following env vars:
AIRFLOW_CTX_DAG_OWNER=***
AIRFLOW_CTX_DAG_ID=example_complex
AIRFLOW_CTX_TASK_ID=create_tag_template_result
AIRFLOW_CTX_EXECUTION_DATE=2021-09-27T14:06:40.788506+00:00
AIRFLOW_CTX_DAG_RUN_ID=manual__2021-09-27T14:06:40.788506+00:00
[2021-09-27 14:07:26,284] {subprocess.py:52} INFO - Tmp dir root location: 
 /tmp
[2021-09-27 14:07:26,286] {subprocess.py:63} INFO - Running command: ['bash', '-c', 'echo create_tag_template_result']
[2021-09-27 14:07:26,294] {subprocess.py:74} INFO - Output:
[2021-09-27 14:07:26,295] {subprocess.py:78} INFO - create_tag_template_result
[2021-09-27 14:07:26,296] {subprocess.py:82} INFO - Command exited with return code 0
[2021-09-27 14:07:26,337] {taskinstance.py:1219} INFO - Marking task as SUCCESS. dag_id=example_complex, task_id=create_tag_template_result, execution_date=20210927T140640, start_date=20210927T140726, end_date=20210927T140726
[2021-09-27 14:07:26,382] {local_task_job.py:151} INFO - Task exited with return code 0
[2021-09-27 14:07:26,416] {local_task_job.py:261} INFO - 0 downstream tasks scheduled from follow-on schedule check
