[2021-09-28 00:48:49,077] {taskinstance.py:903} INFO - Dependencies all met for <TaskInstance: example_bash_operator.run_after_loop 2021-09-27T00:00:00+00:00 [queued]>
[2021-09-28 00:48:49,099] {taskinstance.py:903} INFO - Dependencies all met for <TaskInstance: example_bash_operator.run_after_loop 2021-09-27T00:00:00+00:00 [queued]>
[2021-09-28 00:48:49,101] {taskinstance.py:1095} INFO - 
--------------------------------------------------------------------------------
[2021-09-28 00:48:49,102] {taskinstance.py:1096} INFO - Starting attempt 1 of 1
[2021-09-28 00:48:49,103] {taskinstance.py:1097} INFO - 
--------------------------------------------------------------------------------
[2021-09-28 00:48:49,117] {taskinstance.py:1115} INFO - Executing <Task(BashOperator): run_after_loop> on 2021-09-27T00:00:00+00:00
[2021-09-28 00:48:49,122] {standard_task_runner.py:52} INFO - Started process 25554 to run task
[2021-09-28 00:48:49,131] {standard_task_runner.py:76} INFO - Running: ['***', 'tasks', 'run', 'example_bash_operator', 'run_after_loop', '2021-09-27T00:00:00+00:00', '--job-id', '107', '--pool', 'default_pool', '--raw', '--subdir', '/home/***/.local/lib/python3.6/site-packages/***/example_dags/example_bash_operator.py', '--cfg-path', '/tmp/tmp8rs0c4rw', '--error-file', '/tmp/tmpudb1fjb0']
[2021-09-28 00:48:49,136] {standard_task_runner.py:77} INFO - Job 107: Subtask run_after_loop
[2021-09-28 00:48:49,253] {logging_mixin.py:109} INFO - Running <TaskInstance: example_bash_operator.run_after_loop 2021-09-27T00:00:00+00:00 [running]> on host 7c1d2d2abdb5
[2021-09-28 00:48:49,381] {taskinstance.py:1254} INFO - Exporting the following env vars:
AIRFLOW_CTX_DAG_OWNER=***
AIRFLOW_CTX_DAG_ID=example_bash_operator
AIRFLOW_CTX_TASK_ID=run_after_loop
AIRFLOW_CTX_EXECUTION_DATE=2021-09-27T00:00:00+00:00
AIRFLOW_CTX_DAG_RUN_ID=scheduled__2021-09-27T00:00:00+00:00
[2021-09-28 00:48:49,385] {subprocess.py:52} INFO - Tmp dir root location: 
 /tmp
[2021-09-28 00:48:49,387] {subprocess.py:63} INFO - Running command: ['bash', '-c', 'echo 1']
[2021-09-28 00:48:49,426] {subprocess.py:74} INFO - Output:
[2021-09-28 00:48:49,429] {subprocess.py:78} INFO - 1
[2021-09-28 00:48:49,431] {subprocess.py:82} INFO - Command exited with return code 0
[2021-09-28 00:48:49,483] {taskinstance.py:1219} INFO - Marking task as SUCCESS. dag_id=example_bash_operator, task_id=run_after_loop, execution_date=20210927T000000, start_date=20210928T004849, end_date=20210928T004849
[2021-09-28 00:48:49,518] {local_task_job.py:151} INFO - Task exited with return code 0
[2021-09-28 00:48:49,584] {local_task_job.py:261} INFO - 0 downstream tasks scheduled from follow-on schedule check
