[2021-09-27 17:48:29,863] {taskinstance.py:903} INFO - Dependencies all met for <TaskInstance: my_dag.say_hello 2021-09-27T17:30:00+00:00 [queued]>
[2021-09-27 17:48:29,907] {taskinstance.py:903} INFO - Dependencies all met for <TaskInstance: my_dag.say_hello 2021-09-27T17:30:00+00:00 [queued]>
[2021-09-27 17:48:29,910] {taskinstance.py:1095} INFO - 
--------------------------------------------------------------------------------
[2021-09-27 17:48:29,911] {taskinstance.py:1096} INFO - Starting attempt 1 of 1
[2021-09-27 17:48:29,912] {taskinstance.py:1097} INFO - 
--------------------------------------------------------------------------------
[2021-09-27 17:48:29,926] {taskinstance.py:1115} INFO - Executing <Task(PythonOperator): say_hello> on 2021-09-27T17:30:00+00:00
[2021-09-27 17:48:29,930] {standard_task_runner.py:52} INFO - Started process 24806 to run task
[2021-09-27 17:48:29,953] {standard_task_runner.py:76} INFO - Running: ['***', 'tasks', 'run', 'my_dag', 'say_hello', '2021-09-27T17:30:00+00:00', '--job-id', '89', '--pool', 'default_pool', '--raw', '--subdir', 'DAGS_FOLDER/my_dag.py', '--cfg-path', '/tmp/tmpz0yn7icr', '--error-file', '/tmp/tmpt0s7mwtn']
[2021-09-27 17:48:29,964] {standard_task_runner.py:77} INFO - Job 89: Subtask say_hello
[2021-09-27 17:48:30,053] {logging_mixin.py:109} INFO - Running <TaskInstance: my_dag.say_hello 2021-09-27T17:30:00+00:00 [running]> on host 7c1d2d2abdb5
[2021-09-27 17:48:30,170] {taskinstance.py:1254} INFO - Exporting the following env vars:
AIRFLOW_CTX_DAG_OWNER=Veerawat
AIRFLOW_CTX_DAG_ID=my_dag
AIRFLOW_CTX_TASK_ID=say_hello
AIRFLOW_CTX_EXECUTION_DATE=2021-09-27T17:30:00+00:00
AIRFLOW_CTX_DAG_RUN_ID=scheduled__2021-09-27T17:30:00+00:00
[2021-09-27 17:48:30,174] {my_dag.py:11} INFO - Hello, SAKSIAM
[2021-09-27 17:48:30,177] {python.py:151} INFO - Done. Returned value was: None
[2021-09-27 17:48:30,206] {taskinstance.py:1219} INFO - Marking task as SUCCESS. dag_id=my_dag, task_id=say_hello, execution_date=20210927T173000, start_date=20210927T174829, end_date=20210927T174830
[2021-09-27 17:48:30,283] {local_task_job.py:151} INFO - Task exited with return code 0
[2021-09-27 17:48:30,412] {local_task_job.py:261} INFO - 1 downstream tasks scheduled from follow-on schedule check
