[2021-09-27 14:10:36,302] {taskinstance.py:903} INFO - Dependencies all met for <TaskInstance: example_bash_operator.runme_1 2021-09-27T14:10:11.711439+00:00 [queued]>
[2021-09-27 14:10:36,328] {taskinstance.py:903} INFO - Dependencies all met for <TaskInstance: example_bash_operator.runme_1 2021-09-27T14:10:11.711439+00:00 [queued]>
[2021-09-27 14:10:36,330] {taskinstance.py:1095} INFO - 
--------------------------------------------------------------------------------
[2021-09-27 14:10:36,331] {taskinstance.py:1096} INFO - Starting attempt 1 of 1
[2021-09-27 14:10:36,332] {taskinstance.py:1097} INFO - 
--------------------------------------------------------------------------------
[2021-09-27 14:10:36,342] {taskinstance.py:1115} INFO - Executing <Task(BashOperator): runme_1> on 2021-09-27T14:10:11.711439+00:00
[2021-09-27 14:10:36,346] {standard_task_runner.py:52} INFO - Started process 2637 to run task
[2021-09-27 14:10:36,350] {standard_task_runner.py:76} INFO - Running: ['***', 'tasks', 'run', 'example_bash_operator', 'runme_1', '2021-09-27T14:10:11.711439+00:00', '--job-id', '44', '--pool', 'default_pool', '--raw', '--subdir', '/home/***/.local/lib/python3.6/site-packages/***/example_dags/example_bash_operator.py', '--cfg-path', '/tmp/tmpx2b6y_47', '--error-file', '/tmp/tmp7h3g5a20']
[2021-09-27 14:10:36,353] {standard_task_runner.py:77} INFO - Job 44: Subtask runme_1
[2021-09-27 14:10:36,435] {logging_mixin.py:109} INFO - Running <TaskInstance: example_bash_operator.runme_1 2021-09-27T14:10:11.711439+00:00 [running]> on host 77d12c45e78e
[2021-09-27 14:10:36,507] {taskinstance.py:1254} INFO - Exporting the following env vars:
AIRFLOW_CTX_DAG_OWNER=***
AIRFLOW_CTX_DAG_ID=example_bash_operator
AIRFLOW_CTX_TASK_ID=runme_1
AIRFLOW_CTX_EXECUTION_DATE=2021-09-27T14:10:11.711439+00:00
AIRFLOW_CTX_DAG_RUN_ID=manual__2021-09-27T14:10:11.711439+00:00
[2021-09-27 14:10:36,509] {subprocess.py:52} INFO - Tmp dir root location: 
 /tmp
[2021-09-27 14:10:36,511] {subprocess.py:63} INFO - Running command: ['bash', '-c', 'echo "example_bash_operator__runme_1__20210927" && sleep 1']
[2021-09-27 14:10:36,518] {subprocess.py:74} INFO - Output:
[2021-09-27 14:10:36,520] {subprocess.py:78} INFO - example_bash_operator__runme_1__20210927
[2021-09-27 14:10:37,524] {subprocess.py:82} INFO - Command exited with return code 0
[2021-09-27 14:10:37,577] {taskinstance.py:1219} INFO - Marking task as SUCCESS. dag_id=example_bash_operator, task_id=runme_1, execution_date=20210927T141011, start_date=20210927T141036, end_date=20210927T141037
[2021-09-27 14:10:37,621] {local_task_job.py:151} INFO - Task exited with return code 0
[2021-09-27 14:10:37,657] {local_task_job.py:261} INFO - 0 downstream tasks scheduled from follow-on schedule check
