[2021-09-27 14:11:11,526] {taskinstance.py:903} INFO - Dependencies all met for <TaskInstance: example_bash_operator.run_after_loop 2021-09-27T14:10:11.711439+00:00 [queued]>
[2021-09-27 14:11:11,543] {taskinstance.py:903} INFO - Dependencies all met for <TaskInstance: example_bash_operator.run_after_loop 2021-09-27T14:10:11.711439+00:00 [queued]>
[2021-09-27 14:11:11,544] {taskinstance.py:1095} INFO - 
--------------------------------------------------------------------------------
[2021-09-27 14:11:11,546] {taskinstance.py:1096} INFO - Starting attempt 1 of 1
[2021-09-27 14:11:11,547] {taskinstance.py:1097} INFO - 
--------------------------------------------------------------------------------
[2021-09-27 14:11:11,566] {taskinstance.py:1115} INFO - Executing <Task(BashOperator): run_after_loop> on 2021-09-27T14:10:11.711439+00:00
[2021-09-27 14:11:11,573] {standard_task_runner.py:52} INFO - Started process 2781 to run task
[2021-09-27 14:11:11,577] {standard_task_runner.py:76} INFO - Running: ['***', 'tasks', 'run', 'example_bash_operator', 'run_after_loop', '2021-09-27T14:10:11.711439+00:00', '--job-id', '56', '--pool', 'default_pool', '--raw', '--subdir', '/home/***/.local/lib/python3.6/site-packages/***/example_dags/example_bash_operator.py', '--cfg-path', '/tmp/tmpfjehs3cr', '--error-file', '/tmp/tmp8fk9gryk']
[2021-09-27 14:11:11,581] {standard_task_runner.py:77} INFO - Job 56: Subtask run_after_loop
[2021-09-27 14:11:11,643] {logging_mixin.py:109} INFO - Running <TaskInstance: example_bash_operator.run_after_loop 2021-09-27T14:10:11.711439+00:00 [running]> on host 77d12c45e78e
[2021-09-27 14:11:11,719] {taskinstance.py:1254} INFO - Exporting the following env vars:
AIRFLOW_CTX_DAG_OWNER=***
AIRFLOW_CTX_DAG_ID=example_bash_operator
AIRFLOW_CTX_TASK_ID=run_after_loop
AIRFLOW_CTX_EXECUTION_DATE=2021-09-27T14:10:11.711439+00:00
AIRFLOW_CTX_DAG_RUN_ID=manual__2021-09-27T14:10:11.711439+00:00
[2021-09-27 14:11:11,722] {subprocess.py:52} INFO - Tmp dir root location: 
 /tmp
[2021-09-27 14:11:11,725] {subprocess.py:63} INFO - Running command: ['bash', '-c', 'echo 1']
[2021-09-27 14:11:11,735] {subprocess.py:74} INFO - Output:
[2021-09-27 14:11:11,736] {subprocess.py:78} INFO - 1
[2021-09-27 14:11:11,738] {subprocess.py:82} INFO - Command exited with return code 0
[2021-09-27 14:11:11,781] {taskinstance.py:1219} INFO - Marking task as SUCCESS. dag_id=example_bash_operator, task_id=run_after_loop, execution_date=20210927T141011, start_date=20210927T141111, end_date=20210927T141111
[2021-09-27 14:11:11,843] {local_task_job.py:151} INFO - Task exited with return code 0
[2021-09-27 14:11:11,876] {local_task_job.py:261} INFO - 0 downstream tasks scheduled from follow-on schedule check
