[2021-09-27 14:10:50,840] {taskinstance.py:903} INFO - Dependencies all met for <TaskInstance: example_bash_operator.this_will_skip 2021-09-27T14:10:11.711439+00:00 [queued]>
[2021-09-27 14:10:50,876] {taskinstance.py:903} INFO - Dependencies all met for <TaskInstance: example_bash_operator.this_will_skip 2021-09-27T14:10:11.711439+00:00 [queued]>
[2021-09-27 14:10:50,878] {taskinstance.py:1095} INFO - 
--------------------------------------------------------------------------------
[2021-09-27 14:10:50,880] {taskinstance.py:1096} INFO - Starting attempt 1 of 1
[2021-09-27 14:10:50,882] {taskinstance.py:1097} INFO - 
--------------------------------------------------------------------------------
[2021-09-27 14:10:50,896] {taskinstance.py:1115} INFO - Executing <Task(BashOperator): this_will_skip> on 2021-09-27T14:10:11.711439+00:00
[2021-09-27 14:10:50,902] {standard_task_runner.py:52} INFO - Started process 2695 to run task
[2021-09-27 14:10:50,907] {standard_task_runner.py:76} INFO - Running: ['***', 'tasks', 'run', 'example_bash_operator', 'this_will_skip', '2021-09-27T14:10:11.711439+00:00', '--job-id', '49', '--pool', 'default_pool', '--raw', '--subdir', '/home/***/.local/lib/python3.6/site-packages/***/example_dags/example_bash_operator.py', '--cfg-path', '/tmp/tmp_9mmo4wi', '--error-file', '/tmp/tmpm03d3xze']
[2021-09-27 14:10:50,915] {standard_task_runner.py:77} INFO - Job 49: Subtask this_will_skip
[2021-09-27 14:10:50,975] {logging_mixin.py:109} INFO - Running <TaskInstance: example_bash_operator.this_will_skip 2021-09-27T14:10:11.711439+00:00 [running]> on host 77d12c45e78e
[2021-09-27 14:10:51,044] {taskinstance.py:1254} INFO - Exporting the following env vars:
AIRFLOW_CTX_DAG_OWNER=***
AIRFLOW_CTX_DAG_ID=example_bash_operator
AIRFLOW_CTX_TASK_ID=this_will_skip
AIRFLOW_CTX_EXECUTION_DATE=2021-09-27T14:10:11.711439+00:00
AIRFLOW_CTX_DAG_RUN_ID=manual__2021-09-27T14:10:11.711439+00:00
[2021-09-27 14:10:51,046] {subprocess.py:52} INFO - Tmp dir root location: 
 /tmp
[2021-09-27 14:10:51,048] {subprocess.py:63} INFO - Running command: ['bash', '-c', 'echo "hello world"; exit 99;']
[2021-09-27 14:10:51,055] {subprocess.py:74} INFO - Output:
[2021-09-27 14:10:51,057] {subprocess.py:78} INFO - hello world
[2021-09-27 14:10:51,058] {subprocess.py:82} INFO - Command exited with return code 99
[2021-09-27 14:10:51,062] {taskinstance.py:1175} INFO - Bash command returned exit code 99. Skipping.
[2021-09-27 14:10:51,076] {taskinstance.py:1185} INFO - Marking task as SKIPPED. dag_id=example_bash_operator, task_id=this_will_skip, execution_date=20210927T141011, start_date=20210927T141050, end_date=
[2021-09-27 14:10:51,077] {taskinstance.py:1219} INFO - Marking task as SUCCESS. dag_id=example_bash_operator, task_id=this_will_skip, execution_date=20210927T141011, start_date=20210927T141050, end_date=20210927T141051
[2021-09-27 14:10:51,136] {local_task_job.py:151} INFO - Task exited with return code 0
[2021-09-27 14:10:51,186] {local_task_job.py:261} INFO - 0 downstream tasks scheduled from follow-on schedule check
