[2021-09-27 14:08:08,718] {taskinstance.py:903} INFO - Dependencies all met for <TaskInstance: example_complex.search_catalog_result 2021-09-27T14:06:40.788506+00:00 [queued]>
[2021-09-27 14:08:08,739] {taskinstance.py:903} INFO - Dependencies all met for <TaskInstance: example_complex.search_catalog_result 2021-09-27T14:06:40.788506+00:00 [queued]>
[2021-09-27 14:08:08,741] {taskinstance.py:1095} INFO - 
--------------------------------------------------------------------------------
[2021-09-27 14:08:08,743] {taskinstance.py:1096} INFO - Starting attempt 1 of 1
[2021-09-27 14:08:08,745] {taskinstance.py:1097} INFO - 
--------------------------------------------------------------------------------
[2021-09-27 14:08:08,768] {taskinstance.py:1115} INFO - Executing <Task(BashOperator): search_catalog_result> on 2021-09-27T14:06:40.788506+00:00
[2021-09-27 14:08:08,772] {standard_task_runner.py:52} INFO - Started process 2293 to run task
[2021-09-27 14:08:08,776] {standard_task_runner.py:76} INFO - Running: ['***', 'tasks', 'run', 'example_complex', 'search_catalog_result', '2021-09-27T14:06:40.788506+00:00', '--job-id', '35', '--pool', 'default_pool', '--raw', '--subdir', '/home/***/.local/lib/python3.6/site-packages/***/example_dags/example_complex.py', '--cfg-path', '/tmp/tmpkaefqrbi', '--error-file', '/tmp/tmp7u3od1ys']
[2021-09-27 14:08:08,779] {standard_task_runner.py:77} INFO - Job 35: Subtask search_catalog_result
[2021-09-27 14:08:08,850] {logging_mixin.py:109} INFO - Running <TaskInstance: example_complex.search_catalog_result 2021-09-27T14:06:40.788506+00:00 [running]> on host 77d12c45e78e
[2021-09-27 14:08:08,922] {taskinstance.py:1254} INFO - Exporting the following env vars:
AIRFLOW_CTX_DAG_OWNER=***
AIRFLOW_CTX_DAG_ID=example_complex
AIRFLOW_CTX_TASK_ID=search_catalog_result
AIRFLOW_CTX_EXECUTION_DATE=2021-09-27T14:06:40.788506+00:00
AIRFLOW_CTX_DAG_RUN_ID=manual__2021-09-27T14:06:40.788506+00:00
[2021-09-27 14:08:08,925] {subprocess.py:52} INFO - Tmp dir root location: 
 /tmp
[2021-09-27 14:08:08,928] {subprocess.py:63} INFO - Running command: ['bash', '-c', 'echo search_catalog_result']
[2021-09-27 14:08:08,942] {subprocess.py:74} INFO - Output:
[2021-09-27 14:08:08,944] {subprocess.py:78} INFO - search_catalog_result
[2021-09-27 14:08:08,946] {subprocess.py:82} INFO - Command exited with return code 0
[2021-09-27 14:08:08,992] {taskinstance.py:1219} INFO - Marking task as SUCCESS. dag_id=example_complex, task_id=search_catalog_result, execution_date=20210927T140640, start_date=20210927T140808, end_date=20210927T140808
[2021-09-27 14:08:09,033] {local_task_job.py:151} INFO - Task exited with return code 0
[2021-09-27 14:08:09,067] {local_task_job.py:261} INFO - 0 downstream tasks scheduled from follow-on schedule check
