[2021-09-27 14:07:58,552] {taskinstance.py:903} INFO - Dependencies all met for <TaskInstance: example_complex.create_tag_result 2021-09-27T14:06:40.788506+00:00 [queued]>
[2021-09-27 14:07:58,581] {taskinstance.py:903} INFO - Dependencies all met for <TaskInstance: example_complex.create_tag_result 2021-09-27T14:06:40.788506+00:00 [queued]>
[2021-09-27 14:07:58,583] {taskinstance.py:1095} INFO - 
--------------------------------------------------------------------------------
[2021-09-27 14:07:58,584] {taskinstance.py:1096} INFO - Starting attempt 1 of 1
[2021-09-27 14:07:58,585] {taskinstance.py:1097} INFO - 
--------------------------------------------------------------------------------
[2021-09-27 14:07:58,596] {taskinstance.py:1115} INFO - Executing <Task(BashOperator): create_tag_result> on 2021-09-27T14:06:40.788506+00:00
[2021-09-27 14:07:58,600] {standard_task_runner.py:52} INFO - Started process 2254 to run task
[2021-09-27 14:07:58,605] {standard_task_runner.py:76} INFO - Running: ['***', 'tasks', 'run', 'example_complex', 'create_tag_result', '2021-09-27T14:06:40.788506+00:00', '--job-id', '31', '--pool', 'default_pool', '--raw', '--subdir', '/home/***/.local/lib/python3.6/site-packages/***/example_dags/example_complex.py', '--cfg-path', '/tmp/tmpsx_bv8rk', '--error-file', '/tmp/tmpqdy9uw7i']
[2021-09-27 14:07:58,608] {standard_task_runner.py:77} INFO - Job 31: Subtask create_tag_result
[2021-09-27 14:07:58,663] {logging_mixin.py:109} INFO - Running <TaskInstance: example_complex.create_tag_result 2021-09-27T14:06:40.788506+00:00 [running]> on host 77d12c45e78e
[2021-09-27 14:07:58,727] {taskinstance.py:1254} INFO - Exporting the following env vars:
AIRFLOW_CTX_DAG_OWNER=***
AIRFLOW_CTX_DAG_ID=example_complex
AIRFLOW_CTX_TASK_ID=create_tag_result
AIRFLOW_CTX_EXECUTION_DATE=2021-09-27T14:06:40.788506+00:00
AIRFLOW_CTX_DAG_RUN_ID=manual__2021-09-27T14:06:40.788506+00:00
[2021-09-27 14:07:58,729] {subprocess.py:52} INFO - Tmp dir root location: 
 /tmp
[2021-09-27 14:07:58,730] {subprocess.py:63} INFO - Running command: ['bash', '-c', 'echo create_tag_result']
[2021-09-27 14:07:58,740] {subprocess.py:74} INFO - Output:
[2021-09-27 14:07:58,742] {subprocess.py:78} INFO - create_tag_result
[2021-09-27 14:07:58,743] {subprocess.py:82} INFO - Command exited with return code 0
[2021-09-27 14:07:58,782] {taskinstance.py:1219} INFO - Marking task as SUCCESS. dag_id=example_complex, task_id=create_tag_result, execution_date=20210927T140640, start_date=20210927T140758, end_date=20210927T140758
[2021-09-27 14:07:58,822] {local_task_job.py:151} INFO - Task exited with return code 0
[2021-09-27 14:07:58,854] {local_task_job.py:261} INFO - 0 downstream tasks scheduled from follow-on schedule check
