[2021-09-27 14:07:51,015] {taskinstance.py:903} INFO - Dependencies all met for <TaskInstance: example_complex.search_catalog 2021-09-27T14:06:40.788506+00:00 [queued]>
[2021-09-27 14:07:51,029] {taskinstance.py:903} INFO - Dependencies all met for <TaskInstance: example_complex.search_catalog 2021-09-27T14:06:40.788506+00:00 [queued]>
[2021-09-27 14:07:51,031] {taskinstance.py:1095} INFO - 
--------------------------------------------------------------------------------
[2021-09-27 14:07:51,033] {taskinstance.py:1096} INFO - Starting attempt 1 of 1
[2021-09-27 14:07:51,034] {taskinstance.py:1097} INFO - 
--------------------------------------------------------------------------------
[2021-09-27 14:07:51,052] {taskinstance.py:1115} INFO - Executing <Task(PythonOperator): search_catalog> on 2021-09-27T14:06:40.788506+00:00
[2021-09-27 14:07:51,062] {standard_task_runner.py:76} INFO - Running: ['***', 'tasks', 'run', 'example_complex', 'search_catalog', '2021-09-27T14:06:40.788506+00:00', '--job-id', '28', '--pool', 'default_pool', '--raw', '--subdir', '/home/***/.local/lib/python3.6/site-packages/***/example_dags/example_complex.py', '--cfg-path', '/tmp/tmpq15hlaz7', '--error-file', '/tmp/tmpy08jup4k']
[2021-09-27 14:07:51,058] {standard_task_runner.py:52} INFO - Started process 2219 to run task
[2021-09-27 14:07:51,066] {standard_task_runner.py:77} INFO - Job 28: Subtask search_catalog
[2021-09-27 14:07:51,127] {logging_mixin.py:109} INFO - Running <TaskInstance: example_complex.search_catalog 2021-09-27T14:06:40.788506+00:00 [running]> on host 77d12c45e78e
[2021-09-27 14:07:51,196] {taskinstance.py:1254} INFO - Exporting the following env vars:
AIRFLOW_CTX_DAG_OWNER=***
AIRFLOW_CTX_DAG_ID=example_complex
AIRFLOW_CTX_TASK_ID=search_catalog
AIRFLOW_CTX_EXECUTION_DATE=2021-09-27T14:06:40.788506+00:00
AIRFLOW_CTX_DAG_RUN_ID=manual__2021-09-27T14:06:40.788506+00:00
[2021-09-27 14:07:51,198] {logging_mixin.py:109} INFO - search_catalog
[2021-09-27 14:07:51,199] {python.py:151} INFO - Done. Returned value was: None
[2021-09-27 14:07:51,215] {taskinstance.py:1219} INFO - Marking task as SUCCESS. dag_id=example_complex, task_id=search_catalog, execution_date=20210927T140640, start_date=20210927T140751, end_date=20210927T140751
[2021-09-27 14:07:51,287] {local_task_job.py:151} INFO - Task exited with return code 0
[2021-09-27 14:07:51,330] {local_task_job.py:261} INFO - 1 downstream tasks scheduled from follow-on schedule check
