[2021-09-27 14:07:23,303] {taskinstance.py:903} INFO - Dependencies all met for <TaskInstance: example_complex.create_tag_template_result2 2021-09-27T14:06:40.788506+00:00 [queued]>
[2021-09-27 14:07:23,316] {taskinstance.py:903} INFO - Dependencies all met for <TaskInstance: example_complex.create_tag_template_result2 2021-09-27T14:06:40.788506+00:00 [queued]>
[2021-09-27 14:07:23,317] {taskinstance.py:1095} INFO - 
--------------------------------------------------------------------------------
[2021-09-27 14:07:23,318] {taskinstance.py:1096} INFO - Starting attempt 1 of 1
[2021-09-27 14:07:23,319] {taskinstance.py:1097} INFO - 
--------------------------------------------------------------------------------
[2021-09-27 14:07:23,335] {taskinstance.py:1115} INFO - Executing <Task(BashOperator): create_tag_template_result2> on 2021-09-27T14:06:40.788506+00:00
[2021-09-27 14:07:23,339] {standard_task_runner.py:52} INFO - Started process 2107 to run task
[2021-09-27 14:07:23,343] {standard_task_runner.py:76} INFO - Running: ['***', 'tasks', 'run', 'example_complex', 'create_tag_template_result2', '2021-09-27T14:06:40.788506+00:00', '--job-id', '18', '--pool', 'default_pool', '--raw', '--subdir', '/home/***/.local/lib/python3.6/site-packages/***/example_dags/example_complex.py', '--cfg-path', '/tmp/tmpy_8jw1y2', '--error-file', '/tmp/tmprsve3fmw']
[2021-09-27 14:07:23,346] {standard_task_runner.py:77} INFO - Job 18: Subtask create_tag_template_result2
[2021-09-27 14:07:23,406] {logging_mixin.py:109} INFO - Running <TaskInstance: example_complex.create_tag_template_result2 2021-09-27T14:06:40.788506+00:00 [running]> on host 77d12c45e78e
[2021-09-27 14:07:23,476] {taskinstance.py:1254} INFO - Exporting the following env vars:
AIRFLOW_CTX_DAG_OWNER=***
AIRFLOW_CTX_DAG_ID=example_complex
AIRFLOW_CTX_TASK_ID=create_tag_template_result2
AIRFLOW_CTX_EXECUTION_DATE=2021-09-27T14:06:40.788506+00:00
AIRFLOW_CTX_DAG_RUN_ID=manual__2021-09-27T14:06:40.788506+00:00
[2021-09-27 14:07:23,478] {subprocess.py:52} INFO - Tmp dir root location: 
 /tmp
[2021-09-27 14:07:23,480] {subprocess.py:63} INFO - Running command: ['bash', '-c', 'echo create_tag_template_result2']
[2021-09-27 14:07:23,493] {subprocess.py:74} INFO - Output:
[2021-09-27 14:07:23,495] {subprocess.py:78} INFO - create_tag_template_result2
[2021-09-27 14:07:23,497] {subprocess.py:82} INFO - Command exited with return code 0
[2021-09-27 14:07:23,538] {taskinstance.py:1219} INFO - Marking task as SUCCESS. dag_id=example_complex, task_id=create_tag_template_result2, execution_date=20210927T140640, start_date=20210927T140723, end_date=20210927T140723
[2021-09-27 14:07:23,600] {local_task_job.py:151} INFO - Task exited with return code 0
[2021-09-27 14:07:23,658] {local_task_job.py:261} INFO - 0 downstream tasks scheduled from follow-on schedule check
