[2021-09-27 14:10:32,740] {taskinstance.py:903} INFO - Dependencies all met for <TaskInstance: example_bash_operator.runme_0 2021-09-27T14:10:11.711439+00:00 [queued]>
[2021-09-27 14:10:32,751] {taskinstance.py:903} INFO - Dependencies all met for <TaskInstance: example_bash_operator.runme_0 2021-09-27T14:10:11.711439+00:00 [queued]>
[2021-09-27 14:10:32,752] {taskinstance.py:1095} INFO - 
--------------------------------------------------------------------------------
[2021-09-27 14:10:32,753] {taskinstance.py:1096} INFO - Starting attempt 1 of 1
[2021-09-27 14:10:32,754] {taskinstance.py:1097} INFO - 
--------------------------------------------------------------------------------
[2021-09-27 14:10:32,773] {taskinstance.py:1115} INFO - Executing <Task(BashOperator): runme_0> on 2021-09-27T14:10:11.711439+00:00
[2021-09-27 14:10:32,776] {standard_task_runner.py:52} INFO - Started process 2614 to run task
[2021-09-27 14:10:32,781] {standard_task_runner.py:76} INFO - Running: ['***', 'tasks', 'run', 'example_bash_operator', 'runme_0', '2021-09-27T14:10:11.711439+00:00', '--job-id', '43', '--pool', 'default_pool', '--raw', '--subdir', '/home/***/.local/lib/python3.6/site-packages/***/example_dags/example_bash_operator.py', '--cfg-path', '/tmp/tmpj434j3lv', '--error-file', '/tmp/tmpvzx37_1h']
[2021-09-27 14:10:32,784] {standard_task_runner.py:77} INFO - Job 43: Subtask runme_0
[2021-09-27 14:10:32,849] {logging_mixin.py:109} INFO - Running <TaskInstance: example_bash_operator.runme_0 2021-09-27T14:10:11.711439+00:00 [running]> on host 77d12c45e78e
[2021-09-27 14:10:32,913] {taskinstance.py:1254} INFO - Exporting the following env vars:
AIRFLOW_CTX_DAG_OWNER=***
AIRFLOW_CTX_DAG_ID=example_bash_operator
AIRFLOW_CTX_TASK_ID=runme_0
AIRFLOW_CTX_EXECUTION_DATE=2021-09-27T14:10:11.711439+00:00
AIRFLOW_CTX_DAG_RUN_ID=manual__2021-09-27T14:10:11.711439+00:00
[2021-09-27 14:10:32,915] {subprocess.py:52} INFO - Tmp dir root location: 
 /tmp
[2021-09-27 14:10:32,917] {subprocess.py:63} INFO - Running command: ['bash', '-c', 'echo "example_bash_operator__runme_0__20210927" && sleep 1']
[2021-09-27 14:10:32,925] {subprocess.py:74} INFO - Output:
[2021-09-27 14:10:32,927] {subprocess.py:78} INFO - example_bash_operator__runme_0__20210927
[2021-09-27 14:10:33,931] {subprocess.py:82} INFO - Command exited with return code 0
[2021-09-27 14:10:33,989] {taskinstance.py:1219} INFO - Marking task as SUCCESS. dag_id=example_bash_operator, task_id=runme_0, execution_date=20210927T141011, start_date=20210927T141032, end_date=20210927T141033
[2021-09-27 14:10:34,024] {local_task_job.py:151} INFO - Task exited with return code 0
[2021-09-27 14:10:34,066] {local_task_job.py:261} INFO - 0 downstream tasks scheduled from follow-on schedule check
