[2021-09-27 14:06:49,818] {taskinstance.py:903} INFO - Dependencies all met for <TaskInstance: example_complex.get_entry_group 2021-09-27T14:06:40.788506+00:00 [queued]>
[2021-09-27 14:06:49,835] {taskinstance.py:903} INFO - Dependencies all met for <TaskInstance: example_complex.get_entry_group 2021-09-27T14:06:40.788506+00:00 [queued]>
[2021-09-27 14:06:49,836] {taskinstance.py:1095} INFO - 
--------------------------------------------------------------------------------
[2021-09-27 14:06:49,838] {taskinstance.py:1096} INFO - Starting attempt 1 of 1
[2021-09-27 14:06:49,839] {taskinstance.py:1097} INFO - 
--------------------------------------------------------------------------------
[2021-09-27 14:06:49,855] {taskinstance.py:1115} INFO - Executing <Task(BashOperator): get_entry_group> on 2021-09-27T14:06:40.788506+00:00
[2021-09-27 14:06:49,859] {standard_task_runner.py:52} INFO - Started process 1964 to run task
[2021-09-27 14:06:49,863] {standard_task_runner.py:76} INFO - Running: ['***', 'tasks', 'run', 'example_complex', 'get_entry_group', '2021-09-27T14:06:40.788506+00:00', '--job-id', '5', '--pool', 'default_pool', '--raw', '--subdir', '/home/***/.local/lib/python3.6/site-packages/***/example_dags/example_complex.py', '--cfg-path', '/tmp/tmp8z2n9f_o', '--error-file', '/tmp/tmpednbae5s']
[2021-09-27 14:06:49,866] {standard_task_runner.py:77} INFO - Job 5: Subtask get_entry_group
[2021-09-27 14:06:49,919] {logging_mixin.py:109} INFO - Running <TaskInstance: example_complex.get_entry_group 2021-09-27T14:06:40.788506+00:00 [running]> on host 77d12c45e78e
[2021-09-27 14:06:49,983] {taskinstance.py:1254} INFO - Exporting the following env vars:
AIRFLOW_CTX_DAG_OWNER=***
AIRFLOW_CTX_DAG_ID=example_complex
AIRFLOW_CTX_TASK_ID=get_entry_group
AIRFLOW_CTX_EXECUTION_DATE=2021-09-27T14:06:40.788506+00:00
AIRFLOW_CTX_DAG_RUN_ID=manual__2021-09-27T14:06:40.788506+00:00
[2021-09-27 14:06:49,984] {subprocess.py:52} INFO - Tmp dir root location: 
 /tmp
[2021-09-27 14:06:49,987] {subprocess.py:63} INFO - Running command: ['bash', '-c', 'echo get_entry_group']
[2021-09-27 14:06:49,994] {subprocess.py:74} INFO - Output:
[2021-09-27 14:06:49,995] {subprocess.py:78} INFO - get_entry_group
[2021-09-27 14:06:49,996] {subprocess.py:82} INFO - Command exited with return code 0
[2021-09-27 14:06:50,029] {taskinstance.py:1219} INFO - Marking task as SUCCESS. dag_id=example_complex, task_id=get_entry_group, execution_date=20210927T140640, start_date=20210927T140649, end_date=20210927T140650
[2021-09-27 14:06:50,082] {local_task_job.py:151} INFO - Task exited with return code 0
[2021-09-27 14:06:50,117] {local_task_job.py:261} INFO - 1 downstream tasks scheduled from follow-on schedule check
