[2021-09-27 14:10:43,494] {taskinstance.py:903} INFO - Dependencies all met for <TaskInstance: example_bash_operator.this_will_skip 2021-09-25T00:00:00+00:00 [queued]>
[2021-09-27 14:10:43,515] {taskinstance.py:903} INFO - Dependencies all met for <TaskInstance: example_bash_operator.this_will_skip 2021-09-25T00:00:00+00:00 [queued]>
[2021-09-27 14:10:43,516] {taskinstance.py:1095} INFO - 
--------------------------------------------------------------------------------
[2021-09-27 14:10:43,517] {taskinstance.py:1096} INFO - Starting attempt 1 of 1
[2021-09-27 14:10:43,518] {taskinstance.py:1097} INFO - 
--------------------------------------------------------------------------------
[2021-09-27 14:10:43,528] {taskinstance.py:1115} INFO - Executing <Task(BashOperator): this_will_skip> on 2021-09-25T00:00:00+00:00
[2021-09-27 14:10:43,532] {standard_task_runner.py:52} INFO - Started process 2662 to run task
[2021-09-27 14:10:43,537] {standard_task_runner.py:76} INFO - Running: ['***', 'tasks', 'run', 'example_bash_operator', 'this_will_skip', '2021-09-25T00:00:00+00:00', '--job-id', '46', '--pool', 'default_pool', '--raw', '--subdir', '/home/***/.local/lib/python3.6/site-packages/***/example_dags/example_bash_operator.py', '--cfg-path', '/tmp/tmpslz1l7d3', '--error-file', '/tmp/tmpz5c2fh5x']
[2021-09-27 14:10:43,541] {standard_task_runner.py:77} INFO - Job 46: Subtask this_will_skip
[2021-09-27 14:10:43,602] {logging_mixin.py:109} INFO - Running <TaskInstance: example_bash_operator.this_will_skip 2021-09-25T00:00:00+00:00 [running]> on host 77d12c45e78e
[2021-09-27 14:10:43,686] {taskinstance.py:1254} INFO - Exporting the following env vars:
AIRFLOW_CTX_DAG_OWNER=***
AIRFLOW_CTX_DAG_ID=example_bash_operator
AIRFLOW_CTX_TASK_ID=this_will_skip
AIRFLOW_CTX_EXECUTION_DATE=2021-09-25T00:00:00+00:00
AIRFLOW_CTX_DAG_RUN_ID=scheduled__2021-09-25T00:00:00+00:00
[2021-09-27 14:10:43,689] {subprocess.py:52} INFO - Tmp dir root location: 
 /tmp
[2021-09-27 14:10:43,690] {subprocess.py:63} INFO - Running command: ['bash', '-c', 'echo "hello world"; exit 99;']
[2021-09-27 14:10:43,700] {subprocess.py:74} INFO - Output:
[2021-09-27 14:10:43,702] {subprocess.py:78} INFO - hello world
[2021-09-27 14:10:43,703] {subprocess.py:82} INFO - Command exited with return code 99
[2021-09-27 14:10:43,706] {taskinstance.py:1175} INFO - Bash command returned exit code 99. Skipping.
[2021-09-27 14:10:43,722] {taskinstance.py:1185} INFO - Marking task as SKIPPED. dag_id=example_bash_operator, task_id=this_will_skip, execution_date=20210925T000000, start_date=20210927T141043, end_date=
[2021-09-27 14:10:43,723] {taskinstance.py:1219} INFO - Marking task as SUCCESS. dag_id=example_bash_operator, task_id=this_will_skip, execution_date=20210925T000000, start_date=20210927T141043, end_date=20210927T141043
[2021-09-27 14:10:43,759] {local_task_job.py:151} INFO - Task exited with return code 0
[2021-09-27 14:10:43,802] {local_task_job.py:261} INFO - 0 downstream tasks scheduled from follow-on schedule check
