[2021-09-27 14:10:53,427] {taskinstance.py:903} INFO - Dependencies all met for <TaskInstance: example_bash_operator.runme_1 2021-09-26T00:00:00+00:00 [queued]>
[2021-09-27 14:10:53,447] {taskinstance.py:903} INFO - Dependencies all met for <TaskInstance: example_bash_operator.runme_1 2021-09-26T00:00:00+00:00 [queued]>
[2021-09-27 14:10:53,449] {taskinstance.py:1095} INFO - 
--------------------------------------------------------------------------------
[2021-09-27 14:10:53,451] {taskinstance.py:1096} INFO - Starting attempt 1 of 1
[2021-09-27 14:10:53,452] {taskinstance.py:1097} INFO - 
--------------------------------------------------------------------------------
[2021-09-27 14:10:53,463] {taskinstance.py:1115} INFO - Executing <Task(BashOperator): runme_1> on 2021-09-26T00:00:00+00:00
[2021-09-27 14:10:53,468] {standard_task_runner.py:52} INFO - Started process 2701 to run task
[2021-09-27 14:10:53,472] {standard_task_runner.py:76} INFO - Running: ['***', 'tasks', 'run', 'example_bash_operator', 'runme_1', '2021-09-26T00:00:00+00:00', '--job-id', '50', '--pool', 'default_pool', '--raw', '--subdir', '/home/***/.local/lib/python3.6/site-packages/***/example_dags/example_bash_operator.py', '--cfg-path', '/tmp/tmpzfwvh1vf', '--error-file', '/tmp/tmpm61zt_jj']
[2021-09-27 14:10:53,475] {standard_task_runner.py:77} INFO - Job 50: Subtask runme_1
[2021-09-27 14:10:53,533] {logging_mixin.py:109} INFO - Running <TaskInstance: example_bash_operator.runme_1 2021-09-26T00:00:00+00:00 [running]> on host 77d12c45e78e
[2021-09-27 14:10:53,602] {taskinstance.py:1254} INFO - Exporting the following env vars:
AIRFLOW_CTX_DAG_OWNER=***
AIRFLOW_CTX_DAG_ID=example_bash_operator
AIRFLOW_CTX_TASK_ID=runme_1
AIRFLOW_CTX_EXECUTION_DATE=2021-09-26T00:00:00+00:00
AIRFLOW_CTX_DAG_RUN_ID=scheduled__2021-09-26T00:00:00+00:00
[2021-09-27 14:10:53,604] {subprocess.py:52} INFO - Tmp dir root location: 
 /tmp
[2021-09-27 14:10:53,606] {subprocess.py:63} INFO - Running command: ['bash', '-c', 'echo "example_bash_operator__runme_1__20210926" && sleep 1']
[2021-09-27 14:10:53,614] {subprocess.py:74} INFO - Output:
[2021-09-27 14:10:53,615] {subprocess.py:78} INFO - example_bash_operator__runme_1__20210926
[2021-09-27 14:10:54,622] {subprocess.py:82} INFO - Command exited with return code 0
[2021-09-27 14:10:54,673] {taskinstance.py:1219} INFO - Marking task as SUCCESS. dag_id=example_bash_operator, task_id=runme_1, execution_date=20210926T000000, start_date=20210927T141053, end_date=20210927T141054
[2021-09-27 14:10:54,704] {local_task_job.py:151} INFO - Task exited with return code 0
[2021-09-27 14:10:54,745] {local_task_job.py:261} INFO - 0 downstream tasks scheduled from follow-on schedule check
