[2021-09-27 14:50:01,654] {taskinstance.py:903} INFO - Dependencies all met for <TaskInstance: my_dag.echo_hello 2021-09-27T14:40:00+00:00 [queued]>
[2021-09-27 14:50:01,678] {taskinstance.py:903} INFO - Dependencies all met for <TaskInstance: my_dag.echo_hello 2021-09-27T14:40:00+00:00 [queued]>
[2021-09-27 14:50:01,679] {taskinstance.py:1095} INFO - 
--------------------------------------------------------------------------------
[2021-09-27 14:50:01,680] {taskinstance.py:1096} INFO - Starting attempt 1 of 1
[2021-09-27 14:50:01,681] {taskinstance.py:1097} INFO - 
--------------------------------------------------------------------------------
[2021-09-27 14:50:01,695] {taskinstance.py:1115} INFO - Executing <Task(BashOperator): echo_hello> on 2021-09-27T14:40:00+00:00
[2021-09-27 14:50:01,700] {standard_task_runner.py:52} INFO - Started process 13769 to run task
[2021-09-27 14:50:01,704] {standard_task_runner.py:76} INFO - Running: ['***', 'tasks', 'run', 'my_dag', 'echo_hello', '2021-09-27T14:40:00+00:00', '--job-id', '64', '--pool', 'default_pool', '--raw', '--subdir', 'DAGS_FOLDER/my_dag.py', '--cfg-path', '/tmp/tmp024wb4yk', '--error-file', '/tmp/tmp85c4nqnr']
[2021-09-27 14:50:01,709] {standard_task_runner.py:77} INFO - Job 64: Subtask echo_hello
[2021-09-27 14:50:01,772] {logging_mixin.py:109} INFO - Running <TaskInstance: my_dag.echo_hello 2021-09-27T14:40:00+00:00 [running]> on host 7c1d2d2abdb5
[2021-09-27 14:50:01,848] {taskinstance.py:1254} INFO - Exporting the following env vars:
AIRFLOW_CTX_DAG_OWNER=Veerawat
AIRFLOW_CTX_DAG_ID=my_dag
AIRFLOW_CTX_TASK_ID=echo_hello
AIRFLOW_CTX_EXECUTION_DATE=2021-09-27T14:40:00+00:00
AIRFLOW_CTX_DAG_RUN_ID=scheduled__2021-09-27T14:40:00+00:00
[2021-09-27 14:50:01,854] {subprocess.py:52} INFO - Tmp dir root location: 
 /tmp
[2021-09-27 14:50:01,856] {subprocess.py:63} INFO - Running command: ['bash', '-c', "echo 'hello'"]
[2021-09-27 14:50:01,864] {subprocess.py:74} INFO - Output:
[2021-09-27 14:50:01,866] {subprocess.py:78} INFO - hello
[2021-09-27 14:50:01,867] {subprocess.py:82} INFO - Command exited with return code 0
[2021-09-27 14:50:01,905] {taskinstance.py:1219} INFO - Marking task as SUCCESS. dag_id=my_dag, task_id=echo_hello, execution_date=20210927T144000, start_date=20210927T145001, end_date=20210927T145001
[2021-09-27 14:50:01,961] {local_task_job.py:151} INFO - Task exited with return code 0
[2021-09-27 14:50:01,995] {local_task_job.py:261} INFO - 1 downstream tasks scheduled from follow-on schedule check
