[2021-09-27 14:44:03,136] {taskinstance.py:903} INFO - Dependencies all met for <TaskInstance: my_dag.echo_hello 2021-09-27T14:30:00+00:00 [queued]>
[2021-09-27 14:44:03,158] {taskinstance.py:903} INFO - Dependencies all met for <TaskInstance: my_dag.echo_hello 2021-09-27T14:30:00+00:00 [queued]>
[2021-09-27 14:44:03,161] {taskinstance.py:1095} INFO - 
--------------------------------------------------------------------------------
[2021-09-27 14:44:03,162] {taskinstance.py:1096} INFO - Starting attempt 1 of 1
[2021-09-27 14:44:03,163] {taskinstance.py:1097} INFO - 
--------------------------------------------------------------------------------
[2021-09-27 14:44:03,184] {taskinstance.py:1115} INFO - Executing <Task(BashOperator): echo_hello> on 2021-09-27T14:30:00+00:00
[2021-09-27 14:44:03,190] {standard_task_runner.py:52} INFO - Started process 11603 to run task
[2021-09-27 14:44:03,195] {standard_task_runner.py:76} INFO - Running: ['***', 'tasks', 'run', 'my_dag', 'echo_hello', '2021-09-27T14:30:00+00:00', '--job-id', '60', '--pool', 'default_pool', '--raw', '--subdir', 'DAGS_FOLDER/my_dag.py', '--cfg-path', '/tmp/tmpjc9fuxui', '--error-file', '/tmp/tmp06avgb2h']
[2021-09-27 14:44:03,201] {standard_task_runner.py:77} INFO - Job 60: Subtask echo_hello
[2021-09-27 14:44:03,286] {logging_mixin.py:109} INFO - Running <TaskInstance: my_dag.echo_hello 2021-09-27T14:30:00+00:00 [running]> on host 7c1d2d2abdb5
[2021-09-27 14:44:03,374] {taskinstance.py:1254} INFO - Exporting the following env vars:
AIRFLOW_CTX_DAG_OWNER=Veerawat
AIRFLOW_CTX_DAG_ID=my_dag
AIRFLOW_CTX_TASK_ID=echo_hello
AIRFLOW_CTX_EXECUTION_DATE=2021-09-27T14:30:00+00:00
AIRFLOW_CTX_DAG_RUN_ID=scheduled__2021-09-27T14:30:00+00:00
[2021-09-27 14:44:03,376] {subprocess.py:52} INFO - Tmp dir root location: 
 /tmp
[2021-09-27 14:44:03,378] {subprocess.py:63} INFO - Running command: ['bash', '-c', "echo 'hello'"]
[2021-09-27 14:44:03,387] {subprocess.py:74} INFO - Output:
[2021-09-27 14:44:03,388] {subprocess.py:78} INFO - hello
[2021-09-27 14:44:03,389] {subprocess.py:82} INFO - Command exited with return code 0
[2021-09-27 14:44:03,430] {taskinstance.py:1219} INFO - Marking task as SUCCESS. dag_id=my_dag, task_id=echo_hello, execution_date=20210927T143000, start_date=20210927T144403, end_date=20210927T144403
[2021-09-27 14:44:03,491] {local_task_job.py:151} INFO - Task exited with return code 0
[2021-09-27 14:44:03,529] {local_task_job.py:261} INFO - 1 downstream tasks scheduled from follow-on schedule check
