[2021-09-27 14:44:51,941] {taskinstance.py:903} INFO - Dependencies all met for <TaskInstance: my_dag.echo_hello 2021-09-27T14:30:00+00:00 [queued]>
[2021-09-27 14:44:51,966] {taskinstance.py:903} INFO - Dependencies all met for <TaskInstance: my_dag.echo_hello 2021-09-27T14:30:00+00:00 [queued]>
[2021-09-27 14:44:51,967] {taskinstance.py:1095} INFO - 
--------------------------------------------------------------------------------
[2021-09-27 14:44:51,968] {taskinstance.py:1096} INFO - Starting attempt 2 of 2
[2021-09-27 14:44:51,970] {taskinstance.py:1097} INFO - 
--------------------------------------------------------------------------------
[2021-09-27 14:44:51,984] {taskinstance.py:1115} INFO - Executing <Task(BashOperator): echo_hello> on 2021-09-27T14:30:00+00:00
[2021-09-27 14:44:51,989] {standard_task_runner.py:52} INFO - Started process 11877 to run task
[2021-09-27 14:44:51,995] {standard_task_runner.py:76} INFO - Running: ['***', 'tasks', 'run', 'my_dag', 'echo_hello', '2021-09-27T14:30:00+00:00', '--job-id', '62', '--pool', 'default_pool', '--raw', '--subdir', 'DAGS_FOLDER/my_dag.py', '--cfg-path', '/tmp/tmptcyt45v9', '--error-file', '/tmp/tmpnjikkr7b']
[2021-09-27 14:44:52,009] {standard_task_runner.py:77} INFO - Job 62: Subtask echo_hello
[2021-09-27 14:44:52,090] {logging_mixin.py:109} INFO - Running <TaskInstance: my_dag.echo_hello 2021-09-27T14:30:00+00:00 [running]> on host 7c1d2d2abdb5
[2021-09-27 14:44:52,163] {taskinstance.py:1254} INFO - Exporting the following env vars:
AIRFLOW_CTX_DAG_OWNER=Veerawat
AIRFLOW_CTX_DAG_ID=my_dag
AIRFLOW_CTX_TASK_ID=echo_hello
AIRFLOW_CTX_EXECUTION_DATE=2021-09-27T14:30:00+00:00
AIRFLOW_CTX_DAG_RUN_ID=scheduled__2021-09-27T14:30:00+00:00
[2021-09-27 14:44:52,167] {subprocess.py:52} INFO - Tmp dir root location: 
 /tmp
[2021-09-27 14:44:52,170] {subprocess.py:63} INFO - Running command: ['bash', '-c', "echo 'hello'"]
[2021-09-27 14:44:52,181] {subprocess.py:74} INFO - Output:
[2021-09-27 14:44:52,183] {subprocess.py:78} INFO - hello
[2021-09-27 14:44:52,184] {subprocess.py:82} INFO - Command exited with return code 0
[2021-09-27 14:44:52,222] {taskinstance.py:1219} INFO - Marking task as SUCCESS. dag_id=my_dag, task_id=echo_hello, execution_date=20210927T143000, start_date=20210927T144451, end_date=20210927T144452
[2021-09-27 14:44:52,261] {local_task_job.py:151} INFO - Task exited with return code 0
[2021-09-27 14:44:52,297] {local_task_job.py:261} INFO - 0 downstream tasks scheduled from follow-on schedule check
