[2021-09-28 01:00:11,445] {taskinstance.py:903} INFO - Dependencies all met for <TaskInstance: my_dag.echo_hello 2021-09-28T00:40:00+00:00 [queued]>
[2021-09-28 01:00:11,560] {taskinstance.py:903} INFO - Dependencies all met for <TaskInstance: my_dag.echo_hello 2021-09-28T00:40:00+00:00 [queued]>
[2021-09-28 01:00:11,562] {taskinstance.py:1095} INFO - 
--------------------------------------------------------------------------------
[2021-09-28 01:00:11,563] {taskinstance.py:1096} INFO - Starting attempt 1 of 1
[2021-09-28 01:00:11,570] {taskinstance.py:1097} INFO - 
--------------------------------------------------------------------------------
[2021-09-28 01:00:11,660] {taskinstance.py:1115} INFO - Executing <Task(BashOperator): echo_hello> on 2021-09-28T00:40:00+00:00
[2021-09-28 01:00:11,691] {standard_task_runner.py:52} INFO - Started process 25768 to run task
[2021-09-28 01:00:11,725] {standard_task_runner.py:76} INFO - Running: ['***', 'tasks', 'run', 'my_dag', 'echo_hello', '2021-09-28T00:40:00+00:00', '--job-id', '108', '--pool', 'default_pool', '--raw', '--subdir', 'DAGS_FOLDER/my_dag.py', '--cfg-path', '/tmp/tmp6s2f0jtf', '--error-file', '/tmp/tmpn7t_f9e2']
[2021-09-28 01:00:11,744] {standard_task_runner.py:77} INFO - Job 108: Subtask echo_hello
[2021-09-28 01:00:13,240] {logging_mixin.py:109} INFO - Running <TaskInstance: my_dag.echo_hello 2021-09-28T00:40:00+00:00 [running]> on host 7c1d2d2abdb5
[2021-09-28 01:00:15,044] {taskinstance.py:1254} INFO - Exporting the following env vars:
AIRFLOW_CTX_DAG_OWNER=Veerawat
AIRFLOW_CTX_DAG_ID=my_dag
AIRFLOW_CTX_TASK_ID=echo_hello
AIRFLOW_CTX_EXECUTION_DATE=2021-09-28T00:40:00+00:00
AIRFLOW_CTX_DAG_RUN_ID=scheduled__2021-09-28T00:40:00+00:00
[2021-09-28 01:00:15,054] {subprocess.py:52} INFO - Tmp dir root location: 
 /tmp
[2021-09-28 01:00:15,064] {subprocess.py:63} INFO - Running command: ['bash', '-c', "echo 'hello'"]
[2021-09-28 01:00:15,140] {subprocess.py:74} INFO - Output:
[2021-09-28 01:00:15,166] {subprocess.py:78} INFO - hello
[2021-09-28 01:00:15,178] {subprocess.py:82} INFO - Command exited with return code 0
[2021-09-28 01:00:15,338] {taskinstance.py:1219} INFO - Marking task as SUCCESS. dag_id=my_dag, task_id=echo_hello, execution_date=20210928T004000, start_date=20210928T010011, end_date=20210928T010015
[2021-09-28 01:00:15,479] {local_task_job.py:151} INFO - Task exited with return code 0
[2021-09-28 01:00:15,598] {local_task_job.py:261} INFO - 1 downstream tasks scheduled from follow-on schedule check
