[2021-09-27 20:48:35,251] {taskinstance.py:903} INFO - Dependencies all met for <TaskInstance: my_dag.say_hello 2021-09-27T17:40:00+00:00 [queued]>
[2021-09-27 20:48:35,303] {taskinstance.py:903} INFO - Dependencies all met for <TaskInstance: my_dag.say_hello 2021-09-27T17:40:00+00:00 [queued]>
[2021-09-27 20:48:35,305] {taskinstance.py:1095} INFO - 
--------------------------------------------------------------------------------
[2021-09-27 20:48:35,307] {taskinstance.py:1096} INFO - Starting attempt 1 of 1
[2021-09-27 20:48:35,308] {taskinstance.py:1097} INFO - 
--------------------------------------------------------------------------------
[2021-09-27 20:48:35,334] {taskinstance.py:1115} INFO - Executing <Task(PythonOperator): say_hello> on 2021-09-27T17:40:00+00:00
[2021-09-27 20:48:35,345] {standard_task_runner.py:52} INFO - Started process 24922 to run task
[2021-09-27 20:48:35,364] {standard_task_runner.py:76} INFO - Running: ['***', 'tasks', 'run', 'my_dag', 'say_hello', '2021-09-27T17:40:00+00:00', '--job-id', '91', '--pool', 'default_pool', '--raw', '--subdir', 'DAGS_FOLDER/my_dag.py', '--cfg-path', '/tmp/tmpmt9pl07d', '--error-file', '/tmp/tmp59pbvgxi']
[2021-09-27 20:48:35,371] {standard_task_runner.py:77} INFO - Job 91: Subtask say_hello
[2021-09-27 20:48:35,603] {logging_mixin.py:109} INFO - Running <TaskInstance: my_dag.say_hello 2021-09-27T17:40:00+00:00 [running]> on host 7c1d2d2abdb5
[2021-09-27 20:48:35,840] {taskinstance.py:1254} INFO - Exporting the following env vars:
AIRFLOW_CTX_DAG_OWNER=Veerawat
AIRFLOW_CTX_DAG_ID=my_dag
AIRFLOW_CTX_TASK_ID=say_hello
AIRFLOW_CTX_EXECUTION_DATE=2021-09-27T17:40:00+00:00
AIRFLOW_CTX_DAG_RUN_ID=scheduled__2021-09-27T17:40:00+00:00
[2021-09-27 20:48:35,843] {my_dag.py:11} INFO - Hello, SAKSIAM
[2021-09-27 20:48:35,847] {python.py:151} INFO - Done. Returned value was: None
[2021-09-27 20:48:35,879] {taskinstance.py:1219} INFO - Marking task as SUCCESS. dag_id=my_dag, task_id=say_hello, execution_date=20210927T174000, start_date=20210927T204835, end_date=20210927T204835
[2021-09-27 20:48:36,020] {local_task_job.py:151} INFO - Task exited with return code 0
[2021-09-27 20:48:36,281] {local_task_job.py:261} INFO - 0 downstream tasks scheduled from follow-on schedule check
