[2021-09-27 14:11:08,922] {taskinstance.py:903} INFO - Dependencies all met for <TaskInstance: example_bash_operator.also_run_this 2021-09-26T00:00:00+00:00 [queued]>
[2021-09-27 14:11:08,934] {taskinstance.py:903} INFO - Dependencies all met for <TaskInstance: example_bash_operator.also_run_this 2021-09-26T00:00:00+00:00 [queued]>
[2021-09-27 14:11:08,935] {taskinstance.py:1095} INFO - 
--------------------------------------------------------------------------------
[2021-09-27 14:11:08,938] {taskinstance.py:1096} INFO - Starting attempt 1 of 1
[2021-09-27 14:11:08,940] {taskinstance.py:1097} INFO - 
--------------------------------------------------------------------------------
[2021-09-27 14:11:08,961] {taskinstance.py:1115} INFO - Executing <Task(BashOperator): also_run_this> on 2021-09-26T00:00:00+00:00
[2021-09-27 14:11:08,964] {standard_task_runner.py:52} INFO - Started process 2758 to run task
[2021-09-27 14:11:08,969] {standard_task_runner.py:76} INFO - Running: ['***', 'tasks', 'run', 'example_bash_operator', 'also_run_this', '2021-09-26T00:00:00+00:00', '--job-id', '55', '--pool', 'default_pool', '--raw', '--subdir', '/home/***/.local/lib/python3.6/site-packages/***/example_dags/example_bash_operator.py', '--cfg-path', '/tmp/tmptojf7tip', '--error-file', '/tmp/tmp_trxybug']
[2021-09-27 14:11:08,973] {standard_task_runner.py:77} INFO - Job 55: Subtask also_run_this
[2021-09-27 14:11:09,044] {logging_mixin.py:109} INFO - Running <TaskInstance: example_bash_operator.also_run_this 2021-09-26T00:00:00+00:00 [running]> on host 77d12c45e78e
[2021-09-27 14:11:09,117] {taskinstance.py:1254} INFO - Exporting the following env vars:
AIRFLOW_CTX_DAG_OWNER=***
AIRFLOW_CTX_DAG_ID=example_bash_operator
AIRFLOW_CTX_TASK_ID=also_run_this
AIRFLOW_CTX_EXECUTION_DATE=2021-09-26T00:00:00+00:00
AIRFLOW_CTX_DAG_RUN_ID=scheduled__2021-09-26T00:00:00+00:00
[2021-09-27 14:11:09,119] {subprocess.py:52} INFO - Tmp dir root location: 
 /tmp
[2021-09-27 14:11:09,121] {subprocess.py:63} INFO - Running command: ['bash', '-c', 'echo "run_id=scheduled__2021-09-26T00:00:00+00:00 | dag_run=<DagRun example_bash_operator @ 2021-09-26 00:00:00+00:00: scheduled__2021-09-26T00:00:00+00:00, externally triggered: False>"']
[2021-09-27 14:11:09,131] {subprocess.py:74} INFO - Output:
[2021-09-27 14:11:09,133] {subprocess.py:78} INFO - run_id=scheduled__2021-09-26T00:00:00+00:00 | dag_run=<DagRun example_bash_operator @ 2021-09-26 00:00:00+00:00: scheduled__2021-09-26T00:00:00+00:00, externally triggered: False>
[2021-09-27 14:11:09,135] {subprocess.py:82} INFO - Command exited with return code 0
[2021-09-27 14:11:09,172] {taskinstance.py:1219} INFO - Marking task as SUCCESS. dag_id=example_bash_operator, task_id=also_run_this, execution_date=20210926T000000, start_date=20210927T141108, end_date=20210927T141109
[2021-09-27 14:11:09,226] {local_task_job.py:151} INFO - Task exited with return code 0
[2021-09-27 14:11:09,267] {local_task_job.py:261} INFO - 0 downstream tasks scheduled from follow-on schedule check
