[2021-09-27 14:07:38,192] {taskinstance.py:903} INFO - Dependencies all met for <TaskInstance: example_complex.update_tag_template_field 2021-09-27T14:06:40.788506+00:00 [queued]>
[2021-09-27 14:07:38,205] {taskinstance.py:903} INFO - Dependencies all met for <TaskInstance: example_complex.update_tag_template_field 2021-09-27T14:06:40.788506+00:00 [queued]>
[2021-09-27 14:07:38,206] {taskinstance.py:1095} INFO - 
--------------------------------------------------------------------------------
[2021-09-27 14:07:38,207] {taskinstance.py:1096} INFO - Starting attempt 1 of 1
[2021-09-27 14:07:38,208] {taskinstance.py:1097} INFO - 
--------------------------------------------------------------------------------
[2021-09-27 14:07:38,235] {taskinstance.py:1115} INFO - Executing <Task(BashOperator): update_tag_template_field> on 2021-09-27T14:06:40.788506+00:00
[2021-09-27 14:07:38,240] {standard_task_runner.py:52} INFO - Started process 2167 to run task
[2021-09-27 14:07:38,244] {standard_task_runner.py:76} INFO - Running: ['***', 'tasks', 'run', 'example_complex', 'update_tag_template_field', '2021-09-27T14:06:40.788506+00:00', '--job-id', '23', '--pool', 'default_pool', '--raw', '--subdir', '/home/***/.local/lib/python3.6/site-packages/***/example_dags/example_complex.py', '--cfg-path', '/tmp/tmp3j8ey7mb', '--error-file', '/tmp/tmpry6h6fik']
[2021-09-27 14:07:38,247] {standard_task_runner.py:77} INFO - Job 23: Subtask update_tag_template_field
[2021-09-27 14:07:38,320] {logging_mixin.py:109} INFO - Running <TaskInstance: example_complex.update_tag_template_field 2021-09-27T14:06:40.788506+00:00 [running]> on host 77d12c45e78e
[2021-09-27 14:07:38,401] {taskinstance.py:1254} INFO - Exporting the following env vars:
AIRFLOW_CTX_DAG_OWNER=***
AIRFLOW_CTX_DAG_ID=example_complex
AIRFLOW_CTX_TASK_ID=update_tag_template_field
AIRFLOW_CTX_EXECUTION_DATE=2021-09-27T14:06:40.788506+00:00
AIRFLOW_CTX_DAG_RUN_ID=manual__2021-09-27T14:06:40.788506+00:00
[2021-09-27 14:07:38,404] {subprocess.py:52} INFO - Tmp dir root location: 
 /tmp
[2021-09-27 14:07:38,406] {subprocess.py:63} INFO - Running command: ['bash', '-c', 'echo update_tag_template_field']
[2021-09-27 14:07:38,415] {subprocess.py:74} INFO - Output:
[2021-09-27 14:07:38,417] {subprocess.py:78} INFO - update_tag_template_field
[2021-09-27 14:07:38,419] {subprocess.py:82} INFO - Command exited with return code 0
[2021-09-27 14:07:38,462] {taskinstance.py:1219} INFO - Marking task as SUCCESS. dag_id=example_complex, task_id=update_tag_template_field, execution_date=20210927T140640, start_date=20210927T140738, end_date=20210927T140738
[2021-09-27 14:07:38,502] {local_task_job.py:151} INFO - Task exited with return code 0
[2021-09-27 14:07:38,538] {local_task_job.py:261} INFO - 1 downstream tasks scheduled from follow-on schedule check
