[2021-09-27 14:10:29,088] {taskinstance.py:903} INFO - Dependencies all met for <TaskInstance: example_bash_operator.runme_2 2021-09-25T00:00:00+00:00 [queued]>
[2021-09-27 14:10:29,109] {taskinstance.py:903} INFO - Dependencies all met for <TaskInstance: example_bash_operator.runme_2 2021-09-25T00:00:00+00:00 [queued]>
[2021-09-27 14:10:29,110] {taskinstance.py:1095} INFO - 
--------------------------------------------------------------------------------
[2021-09-27 14:10:29,111] {taskinstance.py:1096} INFO - Starting attempt 1 of 1
[2021-09-27 14:10:29,112] {taskinstance.py:1097} INFO - 
--------------------------------------------------------------------------------
[2021-09-27 14:10:29,121] {taskinstance.py:1115} INFO - Executing <Task(BashOperator): runme_2> on 2021-09-25T00:00:00+00:00
[2021-09-27 14:10:29,125] {standard_task_runner.py:52} INFO - Started process 2607 to run task
[2021-09-27 14:10:29,129] {standard_task_runner.py:76} INFO - Running: ['***', 'tasks', 'run', 'example_bash_operator', 'runme_2', '2021-09-25T00:00:00+00:00', '--job-id', '42', '--pool', 'default_pool', '--raw', '--subdir', '/home/***/.local/lib/python3.6/site-packages/***/example_dags/example_bash_operator.py', '--cfg-path', '/tmp/tmpw7pr7g5k', '--error-file', '/tmp/tmpzy3pdtbw']
[2021-09-27 14:10:29,131] {standard_task_runner.py:77} INFO - Job 42: Subtask runme_2
[2021-09-27 14:10:29,192] {logging_mixin.py:109} INFO - Running <TaskInstance: example_bash_operator.runme_2 2021-09-25T00:00:00+00:00 [running]> on host 77d12c45e78e
[2021-09-27 14:10:29,260] {taskinstance.py:1254} INFO - Exporting the following env vars:
AIRFLOW_CTX_DAG_OWNER=***
AIRFLOW_CTX_DAG_ID=example_bash_operator
AIRFLOW_CTX_TASK_ID=runme_2
AIRFLOW_CTX_EXECUTION_DATE=2021-09-25T00:00:00+00:00
AIRFLOW_CTX_DAG_RUN_ID=scheduled__2021-09-25T00:00:00+00:00
[2021-09-27 14:10:29,263] {subprocess.py:52} INFO - Tmp dir root location: 
 /tmp
[2021-09-27 14:10:29,265] {subprocess.py:63} INFO - Running command: ['bash', '-c', 'echo "example_bash_operator__runme_2__20210925" && sleep 1']
[2021-09-27 14:10:29,278] {subprocess.py:74} INFO - Output:
[2021-09-27 14:10:29,280] {subprocess.py:78} INFO - example_bash_operator__runme_2__20210925
[2021-09-27 14:10:30,282] {subprocess.py:82} INFO - Command exited with return code 0
[2021-09-27 14:10:30,323] {taskinstance.py:1219} INFO - Marking task as SUCCESS. dag_id=example_bash_operator, task_id=runme_2, execution_date=20210925T000000, start_date=20210927T141029, end_date=20210927T141030
[2021-09-27 14:10:30,371] {local_task_job.py:151} INFO - Task exited with return code 0
[2021-09-27 14:10:30,407] {local_task_job.py:261} INFO - 1 downstream tasks scheduled from follow-on schedule check
