[2021-09-27 14:10:56,901] {taskinstance.py:903} INFO - Dependencies all met for <TaskInstance: example_bash_operator.runme_0 2021-09-26T00:00:00+00:00 [queued]>
[2021-09-27 14:10:56,919] {taskinstance.py:903} INFO - Dependencies all met for <TaskInstance: example_bash_operator.runme_0 2021-09-26T00:00:00+00:00 [queued]>
[2021-09-27 14:10:56,920] {taskinstance.py:1095} INFO - 
--------------------------------------------------------------------------------
[2021-09-27 14:10:56,922] {taskinstance.py:1096} INFO - Starting attempt 1 of 1
[2021-09-27 14:10:56,923] {taskinstance.py:1097} INFO - 
--------------------------------------------------------------------------------
[2021-09-27 14:10:56,940] {taskinstance.py:1115} INFO - Executing <Task(BashOperator): runme_0> on 2021-09-26T00:00:00+00:00
[2021-09-27 14:10:56,944] {standard_task_runner.py:52} INFO - Started process 2711 to run task
[2021-09-27 14:10:56,948] {standard_task_runner.py:76} INFO - Running: ['***', 'tasks', 'run', 'example_bash_operator', 'runme_0', '2021-09-26T00:00:00+00:00', '--job-id', '51', '--pool', 'default_pool', '--raw', '--subdir', '/home/***/.local/lib/python3.6/site-packages/***/example_dags/example_bash_operator.py', '--cfg-path', '/tmp/tmpj2mvptzs', '--error-file', '/tmp/tmp_hw4q9be']
[2021-09-27 14:10:56,951] {standard_task_runner.py:77} INFO - Job 51: Subtask runme_0
[2021-09-27 14:10:57,018] {logging_mixin.py:109} INFO - Running <TaskInstance: example_bash_operator.runme_0 2021-09-26T00:00:00+00:00 [running]> on host 77d12c45e78e
[2021-09-27 14:10:57,086] {taskinstance.py:1254} INFO - Exporting the following env vars:
AIRFLOW_CTX_DAG_OWNER=***
AIRFLOW_CTX_DAG_ID=example_bash_operator
AIRFLOW_CTX_TASK_ID=runme_0
AIRFLOW_CTX_EXECUTION_DATE=2021-09-26T00:00:00+00:00
AIRFLOW_CTX_DAG_RUN_ID=scheduled__2021-09-26T00:00:00+00:00
[2021-09-27 14:10:57,088] {subprocess.py:52} INFO - Tmp dir root location: 
 /tmp
[2021-09-27 14:10:57,090] {subprocess.py:63} INFO - Running command: ['bash', '-c', 'echo "example_bash_operator__runme_0__20210926" && sleep 1']
[2021-09-27 14:10:57,098] {subprocess.py:74} INFO - Output:
[2021-09-27 14:10:57,101] {subprocess.py:78} INFO - example_bash_operator__runme_0__20210926
[2021-09-27 14:10:58,103] {subprocess.py:82} INFO - Command exited with return code 0
[2021-09-27 14:10:58,147] {taskinstance.py:1219} INFO - Marking task as SUCCESS. dag_id=example_bash_operator, task_id=runme_0, execution_date=20210926T000000, start_date=20210927T141056, end_date=20210927T141058
[2021-09-27 14:10:58,207] {local_task_job.py:151} INFO - Task exited with return code 0
[2021-09-27 14:10:58,259] {local_task_job.py:261} INFO - 0 downstream tasks scheduled from follow-on schedule check
