[2021-09-27 14:08:01,149] {taskinstance.py:903} INFO - Dependencies all met for <TaskInstance: example_complex.create_tag_result2 2021-09-27T14:06:40.788506+00:00 [queued]>
[2021-09-27 14:08:01,163] {taskinstance.py:903} INFO - Dependencies all met for <TaskInstance: example_complex.create_tag_result2 2021-09-27T14:06:40.788506+00:00 [queued]>
[2021-09-27 14:08:01,165] {taskinstance.py:1095} INFO - 
--------------------------------------------------------------------------------
[2021-09-27 14:08:01,166] {taskinstance.py:1096} INFO - Starting attempt 1 of 1
[2021-09-27 14:08:01,168] {taskinstance.py:1097} INFO - 
--------------------------------------------------------------------------------
[2021-09-27 14:08:01,188] {taskinstance.py:1115} INFO - Executing <Task(BashOperator): create_tag_result2> on 2021-09-27T14:06:40.788506+00:00
[2021-09-27 14:08:01,193] {standard_task_runner.py:52} INFO - Started process 2264 to run task
[2021-09-27 14:08:01,197] {standard_task_runner.py:76} INFO - Running: ['***', 'tasks', 'run', 'example_complex', 'create_tag_result2', '2021-09-27T14:06:40.788506+00:00', '--job-id', '32', '--pool', 'default_pool', '--raw', '--subdir', '/home/***/.local/lib/python3.6/site-packages/***/example_dags/example_complex.py', '--cfg-path', '/tmp/tmprwd3oyrf', '--error-file', '/tmp/tmp8ybxeblj']
[2021-09-27 14:08:01,200] {standard_task_runner.py:77} INFO - Job 32: Subtask create_tag_result2
[2021-09-27 14:08:01,259] {logging_mixin.py:109} INFO - Running <TaskInstance: example_complex.create_tag_result2 2021-09-27T14:06:40.788506+00:00 [running]> on host 77d12c45e78e
[2021-09-27 14:08:01,332] {taskinstance.py:1254} INFO - Exporting the following env vars:
AIRFLOW_CTX_DAG_OWNER=***
AIRFLOW_CTX_DAG_ID=example_complex
AIRFLOW_CTX_TASK_ID=create_tag_result2
AIRFLOW_CTX_EXECUTION_DATE=2021-09-27T14:06:40.788506+00:00
AIRFLOW_CTX_DAG_RUN_ID=manual__2021-09-27T14:06:40.788506+00:00
[2021-09-27 14:08:01,334] {subprocess.py:52} INFO - Tmp dir root location: 
 /tmp
[2021-09-27 14:08:01,336] {subprocess.py:63} INFO - Running command: ['bash', '-c', 'echo create_tag_result2']
[2021-09-27 14:08:01,344] {subprocess.py:74} INFO - Output:
[2021-09-27 14:08:01,345] {subprocess.py:78} INFO - create_tag_result2
[2021-09-27 14:08:01,347] {subprocess.py:82} INFO - Command exited with return code 0
[2021-09-27 14:08:01,391] {taskinstance.py:1219} INFO - Marking task as SUCCESS. dag_id=example_complex, task_id=create_tag_result2, execution_date=20210927T140640, start_date=20210927T140801, end_date=20210927T140801
[2021-09-27 14:08:01,458] {local_task_job.py:151} INFO - Task exited with return code 0
[2021-09-27 14:08:01,498] {local_task_job.py:261} INFO - 0 downstream tasks scheduled from follow-on schedule check
