[2021-09-28 00:48:44,191] {taskinstance.py:903} INFO - Dependencies all met for <TaskInstance: example_bash_operator.also_run_this 2021-09-27T00:00:00+00:00 [queued]>
[2021-09-28 00:48:44,362] {taskinstance.py:903} INFO - Dependencies all met for <TaskInstance: example_bash_operator.also_run_this 2021-09-27T00:00:00+00:00 [queued]>
[2021-09-28 00:48:44,366] {taskinstance.py:1095} INFO - 
--------------------------------------------------------------------------------
[2021-09-28 00:48:44,367] {taskinstance.py:1096} INFO - Starting attempt 1 of 1
[2021-09-28 00:48:44,375] {taskinstance.py:1097} INFO - 
--------------------------------------------------------------------------------
[2021-09-28 00:48:44,453] {taskinstance.py:1115} INFO - Executing <Task(BashOperator): also_run_this> on 2021-09-27T00:00:00+00:00
[2021-09-28 00:48:44,509] {standard_task_runner.py:52} INFO - Started process 25486 to run task
[2021-09-28 00:48:44,573] {standard_task_runner.py:76} INFO - Running: ['***', 'tasks', 'run', 'example_bash_operator', 'also_run_this', '2021-09-27T00:00:00+00:00', '--job-id', '101', '--pool', 'default_pool', '--raw', '--subdir', '/home/***/.local/lib/python3.6/site-packages/***/example_dags/example_bash_operator.py', '--cfg-path', '/tmp/tmpsqs5qg45', '--error-file', '/tmp/tmprgcxup1v']
[2021-09-28 00:48:44,622] {standard_task_runner.py:77} INFO - Job 101: Subtask also_run_this
[2021-09-28 00:48:45,033] {logging_mixin.py:109} INFO - Running <TaskInstance: example_bash_operator.also_run_this 2021-09-27T00:00:00+00:00 [running]> on host 7c1d2d2abdb5
[2021-09-28 00:48:45,525] {taskinstance.py:1254} INFO - Exporting the following env vars:
AIRFLOW_CTX_DAG_OWNER=***
AIRFLOW_CTX_DAG_ID=example_bash_operator
AIRFLOW_CTX_TASK_ID=also_run_this
AIRFLOW_CTX_EXECUTION_DATE=2021-09-27T00:00:00+00:00
AIRFLOW_CTX_DAG_RUN_ID=scheduled__2021-09-27T00:00:00+00:00
[2021-09-28 00:48:45,540] {subprocess.py:52} INFO - Tmp dir root location: 
 /tmp
[2021-09-28 00:48:45,565] {subprocess.py:63} INFO - Running command: ['bash', '-c', 'echo "run_id=scheduled__2021-09-27T00:00:00+00:00 | dag_run=<DagRun example_bash_operator @ 2021-09-27 00:00:00+00:00: scheduled__2021-09-27T00:00:00+00:00, externally triggered: False>"']
[2021-09-28 00:48:45,644] {subprocess.py:74} INFO - Output:
[2021-09-28 00:48:45,674] {subprocess.py:78} INFO - run_id=scheduled__2021-09-27T00:00:00+00:00 | dag_run=<DagRun example_bash_operator @ 2021-09-27 00:00:00+00:00: scheduled__2021-09-27T00:00:00+00:00, externally triggered: False>
[2021-09-28 00:48:45,677] {subprocess.py:82} INFO - Command exited with return code 0
[2021-09-28 00:48:45,766] {taskinstance.py:1219} INFO - Marking task as SUCCESS. dag_id=example_bash_operator, task_id=also_run_this, execution_date=20210927T000000, start_date=20210928T004844, end_date=20210928T004845
[2021-09-28 00:48:45,824] {local_task_job.py:151} INFO - Task exited with return code 0
[2021-09-28 00:48:45,987] {local_task_job.py:261} INFO - 0 downstream tasks scheduled from follow-on schedule check
