[2021-09-28 00:48:39,765] {processor.py:162} INFO - Started process (PID=25442) to work on /opt/airflow/dags/my_dag.py
[2021-09-28 00:48:39,769] {processor.py:613} INFO - Processing file /opt/airflow/dags/my_dag.py for tasks to queue
[2021-09-28 00:48:39,772] {logging_mixin.py:109} INFO - [2021-09-28 00:48:39,771] {dagbag.py:496} INFO - Filling up the DagBag from /opt/airflow/dags/my_dag.py
[2021-09-28 00:48:39,834] {processor.py:623} INFO - DAG(s) dict_keys(['my_dag']) retrieved from /opt/airflow/dags/my_dag.py
[2021-09-28 00:48:39,930] {logging_mixin.py:109} INFO - [2021-09-28 00:48:39,929] {dag.py:1834} INFO - Sync 1 DAGs
[2021-09-28 00:48:39,998] {logging_mixin.py:109} INFO - [2021-09-28 00:48:39,998] {dag.py:2287} INFO - Setting next_dagrun for my_dag to 2021-09-28T00:30:00+00:00
[2021-09-28 00:48:40,113] {processor.py:170} INFO - Processing /opt/airflow/dags/my_dag.py took 0.357 seconds
[2021-09-28 01:00:07,499] {processor.py:162} INFO - Started process (PID=25651) to work on /opt/airflow/dags/my_dag.py
[2021-09-28 01:00:07,507] {processor.py:613} INFO - Processing file /opt/airflow/dags/my_dag.py for tasks to queue
[2021-09-28 01:00:07,510] {logging_mixin.py:109} INFO - [2021-09-28 01:00:07,510] {dagbag.py:496} INFO - Filling up the DagBag from /opt/airflow/dags/my_dag.py
[2021-09-28 01:00:07,595] {processor.py:623} INFO - DAG(s) dict_keys(['my_dag']) retrieved from /opt/airflow/dags/my_dag.py
[2021-09-28 01:00:07,726] {logging_mixin.py:109} INFO - [2021-09-28 01:00:07,726] {dag.py:1834} INFO - Sync 1 DAGs
[2021-09-28 01:00:07,761] {logging_mixin.py:109} INFO - [2021-09-28 01:00:07,761] {dag.py:2287} INFO - Setting next_dagrun for my_dag to 2021-09-28T00:50:00+00:00
[2021-09-28 01:00:07,809] {processor.py:170} INFO - Processing /opt/airflow/dags/my_dag.py took 0.325 seconds
[2021-09-28 02:20:34,738] {processor.py:162} INFO - Started process (PID=25845) to work on /opt/airflow/dags/my_dag.py
[2021-09-28 02:20:34,742] {processor.py:613} INFO - Processing file /opt/airflow/dags/my_dag.py for tasks to queue
[2021-09-28 02:20:34,746] {logging_mixin.py:109} INFO - [2021-09-28 02:20:34,746] {dagbag.py:496} INFO - Filling up the DagBag from /opt/airflow/dags/my_dag.py
[2021-09-28 02:20:34,798] {processor.py:623} INFO - DAG(s) dict_keys(['my_dag']) retrieved from /opt/airflow/dags/my_dag.py
[2021-09-28 02:20:34,844] {logging_mixin.py:109} INFO - [2021-09-28 02:20:34,844] {dag.py:1834} INFO - Sync 1 DAGs
[2021-09-28 02:20:34,869] {logging_mixin.py:109} INFO - [2021-09-28 02:20:34,869] {dag.py:2287} INFO - Setting next_dagrun for my_dag to 2021-09-28T02:10:00+00:00
[2021-09-28 02:20:34,886] {processor.py:170} INFO - Processing /opt/airflow/dags/my_dag.py took 0.152 seconds
[2021-09-28 02:21:05,286] {processor.py:162} INFO - Started process (PID=26048) to work on /opt/airflow/dags/my_dag.py
[2021-09-28 02:21:05,292] {processor.py:613} INFO - Processing file /opt/airflow/dags/my_dag.py for tasks to queue
[2021-09-28 02:21:05,295] {logging_mixin.py:109} INFO - [2021-09-28 02:21:05,294] {dagbag.py:496} INFO - Filling up the DagBag from /opt/airflow/dags/my_dag.py
[2021-09-28 02:21:05,332] {processor.py:623} INFO - DAG(s) dict_keys(['my_dag']) retrieved from /opt/airflow/dags/my_dag.py
[2021-09-28 02:21:05,387] {logging_mixin.py:109} INFO - [2021-09-28 02:21:05,387] {dag.py:1834} INFO - Sync 1 DAGs
[2021-09-28 02:21:05,423] {logging_mixin.py:109} INFO - [2021-09-28 02:21:05,423] {dag.py:2287} INFO - Setting next_dagrun for my_dag to 2021-09-28T02:20:00+00:00
[2021-09-28 02:21:05,440] {processor.py:170} INFO - Processing /opt/airflow/dags/my_dag.py took 0.166 seconds
[2021-09-28 02:21:36,107] {processor.py:162} INFO - Started process (PID=26230) to work on /opt/airflow/dags/my_dag.py
[2021-09-28 02:21:36,110] {processor.py:613} INFO - Processing file /opt/airflow/dags/my_dag.py for tasks to queue
[2021-09-28 02:21:36,113] {logging_mixin.py:109} INFO - [2021-09-28 02:21:36,112] {dagbag.py:496} INFO - Filling up the DagBag from /opt/airflow/dags/my_dag.py
[2021-09-28 02:21:36,140] {processor.py:623} INFO - DAG(s) dict_keys(['my_dag']) retrieved from /opt/airflow/dags/my_dag.py
[2021-09-28 02:21:36,186] {logging_mixin.py:109} INFO - [2021-09-28 02:21:36,186] {dag.py:1834} INFO - Sync 1 DAGs
[2021-09-28 02:21:36,222] {logging_mixin.py:109} INFO - [2021-09-28 02:21:36,222] {dag.py:2287} INFO - Setting next_dagrun for my_dag to 2021-09-28T02:20:00+00:00
[2021-09-28 02:21:36,248] {processor.py:170} INFO - Processing /opt/airflow/dags/my_dag.py took 0.146 seconds
[2021-09-28 02:22:07,078] {processor.py:162} INFO - Started process (PID=26424) to work on /opt/airflow/dags/my_dag.py
[2021-09-28 02:22:07,081] {processor.py:613} INFO - Processing file /opt/airflow/dags/my_dag.py for tasks to queue
[2021-09-28 02:22:07,084] {logging_mixin.py:109} INFO - [2021-09-28 02:22:07,084] {dagbag.py:496} INFO - Filling up the DagBag from /opt/airflow/dags/my_dag.py
[2021-09-28 02:22:07,105] {processor.py:623} INFO - DAG(s) dict_keys(['my_dag']) retrieved from /opt/airflow/dags/my_dag.py
[2021-09-28 02:22:07,135] {logging_mixin.py:109} INFO - [2021-09-28 02:22:07,135] {dag.py:1834} INFO - Sync 1 DAGs
[2021-09-28 02:22:07,154] {logging_mixin.py:109} INFO - [2021-09-28 02:22:07,154] {dag.py:2287} INFO - Setting next_dagrun for my_dag to 2021-09-28T02:20:00+00:00
[2021-09-28 02:22:07,178] {processor.py:170} INFO - Processing /opt/airflow/dags/my_dag.py took 0.103 seconds
