[2021-09-27 14:07:35,509] {taskinstance.py:903} INFO - Dependencies all met for <TaskInstance: example_complex.create_tag 2021-09-27T14:06:40.788506+00:00 [queued]>
[2021-09-27 14:07:35,546] {taskinstance.py:903} INFO - Dependencies all met for <TaskInstance: example_complex.create_tag 2021-09-27T14:06:40.788506+00:00 [queued]>
[2021-09-27 14:07:35,547] {taskinstance.py:1095} INFO - 
--------------------------------------------------------------------------------
[2021-09-27 14:07:35,548] {taskinstance.py:1096} INFO - Starting attempt 1 of 1
[2021-09-27 14:07:35,549] {taskinstance.py:1097} INFO - 
--------------------------------------------------------------------------------
[2021-09-27 14:07:35,567] {taskinstance.py:1115} INFO - Executing <Task(BashOperator): create_tag> on 2021-09-27T14:06:40.788506+00:00
[2021-09-27 14:07:35,578] {standard_task_runner.py:52} INFO - Started process 2154 to run task
[2021-09-27 14:07:35,588] {standard_task_runner.py:76} INFO - Running: ['***', 'tasks', 'run', 'example_complex', 'create_tag', '2021-09-27T14:06:40.788506+00:00', '--job-id', '22', '--pool', 'default_pool', '--raw', '--subdir', '/home/***/.local/lib/python3.6/site-packages/***/example_dags/example_complex.py', '--cfg-path', '/tmp/tmp60ayppg5', '--error-file', '/tmp/tmpvytlhz3u']
[2021-09-27 14:07:35,592] {standard_task_runner.py:77} INFO - Job 22: Subtask create_tag
[2021-09-27 14:07:35,663] {logging_mixin.py:109} INFO - Running <TaskInstance: example_complex.create_tag 2021-09-27T14:06:40.788506+00:00 [running]> on host 77d12c45e78e
[2021-09-27 14:07:35,723] {taskinstance.py:1254} INFO - Exporting the following env vars:
AIRFLOW_CTX_DAG_OWNER=***
AIRFLOW_CTX_DAG_ID=example_complex
AIRFLOW_CTX_TASK_ID=create_tag
AIRFLOW_CTX_EXECUTION_DATE=2021-09-27T14:06:40.788506+00:00
AIRFLOW_CTX_DAG_RUN_ID=manual__2021-09-27T14:06:40.788506+00:00
[2021-09-27 14:07:35,726] {subprocess.py:52} INFO - Tmp dir root location: 
 /tmp
[2021-09-27 14:07:35,728] {subprocess.py:63} INFO - Running command: ['bash', '-c', 'echo create_tag']
[2021-09-27 14:07:35,742] {subprocess.py:74} INFO - Output:
[2021-09-27 14:07:35,744] {subprocess.py:78} INFO - create_tag
[2021-09-27 14:07:35,746] {subprocess.py:82} INFO - Command exited with return code 0
[2021-09-27 14:07:35,793] {taskinstance.py:1219} INFO - Marking task as SUCCESS. dag_id=example_complex, task_id=create_tag, execution_date=20210927T140640, start_date=20210927T140735, end_date=20210927T140735
[2021-09-27 14:07:35,845] {local_task_job.py:151} INFO - Task exited with return code 0
[2021-09-27 14:07:35,895] {local_task_job.py:261} INFO - 5 downstream tasks scheduled from follow-on schedule check
