[2021-09-27 14:07:29,160] {taskinstance.py:903} INFO - Dependencies all met for <TaskInstance: example_complex.get_entry_result 2021-09-27T14:06:40.788506+00:00 [queued]>
[2021-09-27 14:07:29,205] {taskinstance.py:903} INFO - Dependencies all met for <TaskInstance: example_complex.get_entry_result 2021-09-27T14:06:40.788506+00:00 [queued]>
[2021-09-27 14:07:29,207] {taskinstance.py:1095} INFO - 
--------------------------------------------------------------------------------
[2021-09-27 14:07:29,208] {taskinstance.py:1096} INFO - Starting attempt 1 of 1
[2021-09-27 14:07:29,210] {taskinstance.py:1097} INFO - 
--------------------------------------------------------------------------------
[2021-09-27 14:07:29,228] {taskinstance.py:1115} INFO - Executing <Task(BashOperator): get_entry_result> on 2021-09-27T14:06:40.788506+00:00
[2021-09-27 14:07:29,234] {standard_task_runner.py:52} INFO - Started process 2123 to run task
[2021-09-27 14:07:29,244] {standard_task_runner.py:76} INFO - Running: ['***', 'tasks', 'run', 'example_complex', 'get_entry_result', '2021-09-27T14:06:40.788506+00:00', '--job-id', '20', '--pool', 'default_pool', '--raw', '--subdir', '/home/***/.local/lib/python3.6/site-packages/***/example_dags/example_complex.py', '--cfg-path', '/tmp/tmp91rzpr58', '--error-file', '/tmp/tmpm3f8hkqf']
[2021-09-27 14:07:29,251] {standard_task_runner.py:77} INFO - Job 20: Subtask get_entry_result
[2021-09-27 14:07:29,430] {logging_mixin.py:109} INFO - Running <TaskInstance: example_complex.get_entry_result 2021-09-27T14:06:40.788506+00:00 [running]> on host 77d12c45e78e
[2021-09-27 14:07:29,527] {taskinstance.py:1254} INFO - Exporting the following env vars:
AIRFLOW_CTX_DAG_OWNER=***
AIRFLOW_CTX_DAG_ID=example_complex
AIRFLOW_CTX_TASK_ID=get_entry_result
AIRFLOW_CTX_EXECUTION_DATE=2021-09-27T14:06:40.788506+00:00
AIRFLOW_CTX_DAG_RUN_ID=manual__2021-09-27T14:06:40.788506+00:00
[2021-09-27 14:07:29,530] {subprocess.py:52} INFO - Tmp dir root location: 
 /tmp
[2021-09-27 14:07:29,532] {subprocess.py:63} INFO - Running command: ['bash', '-c', 'echo get_entry_result']
[2021-09-27 14:07:29,543] {subprocess.py:74} INFO - Output:
[2021-09-27 14:07:29,545] {subprocess.py:78} INFO - get_entry_result
[2021-09-27 14:07:29,548] {subprocess.py:82} INFO - Command exited with return code 0
[2021-09-27 14:07:29,604] {taskinstance.py:1219} INFO - Marking task as SUCCESS. dag_id=example_complex, task_id=get_entry_result, execution_date=20210927T140640, start_date=20210927T140729, end_date=20210927T140729
[2021-09-27 14:07:29,673] {local_task_job.py:151} INFO - Task exited with return code 0
[2021-09-27 14:07:29,710] {local_task_job.py:261} INFO - 0 downstream tasks scheduled from follow-on schedule check
