[2021-09-27 14:08:11,519] {taskinstance.py:903} INFO - Dependencies all met for <TaskInstance: example_complex.delete_tag_template_field 2021-09-27T14:06:40.788506+00:00 [queued]>
[2021-09-27 14:08:11,542] {taskinstance.py:903} INFO - Dependencies all met for <TaskInstance: example_complex.delete_tag_template_field 2021-09-27T14:06:40.788506+00:00 [queued]>
[2021-09-27 14:08:11,545] {taskinstance.py:1095} INFO - 
--------------------------------------------------------------------------------
[2021-09-27 14:08:11,547] {taskinstance.py:1096} INFO - Starting attempt 1 of 1
[2021-09-27 14:08:11,549] {taskinstance.py:1097} INFO - 
--------------------------------------------------------------------------------
[2021-09-27 14:08:11,573] {taskinstance.py:1115} INFO - Executing <Task(BashOperator): delete_tag_template_field> on 2021-09-27T14:06:40.788506+00:00
[2021-09-27 14:08:11,583] {standard_task_runner.py:76} INFO - Running: ['***', 'tasks', 'run', 'example_complex', 'delete_tag_template_field', '2021-09-27T14:06:40.788506+00:00', '--job-id', '36', '--pool', 'default_pool', '--raw', '--subdir', '/home/***/.local/lib/python3.6/site-packages/***/example_dags/example_complex.py', '--cfg-path', '/tmp/tmp0zebdkty', '--error-file', '/tmp/tmp8z9e9tzf']
[2021-09-27 14:08:11,579] {standard_task_runner.py:52} INFO - Started process 2317 to run task
[2021-09-27 14:08:11,587] {standard_task_runner.py:77} INFO - Job 36: Subtask delete_tag_template_field
[2021-09-27 14:08:11,649] {logging_mixin.py:109} INFO - Running <TaskInstance: example_complex.delete_tag_template_field 2021-09-27T14:06:40.788506+00:00 [running]> on host 77d12c45e78e
[2021-09-27 14:08:11,721] {taskinstance.py:1254} INFO - Exporting the following env vars:
AIRFLOW_CTX_DAG_OWNER=***
AIRFLOW_CTX_DAG_ID=example_complex
AIRFLOW_CTX_TASK_ID=delete_tag_template_field
AIRFLOW_CTX_EXECUTION_DATE=2021-09-27T14:06:40.788506+00:00
AIRFLOW_CTX_DAG_RUN_ID=manual__2021-09-27T14:06:40.788506+00:00
[2021-09-27 14:08:11,724] {subprocess.py:52} INFO - Tmp dir root location: 
 /tmp
[2021-09-27 14:08:11,725] {subprocess.py:63} INFO - Running command: ['bash', '-c', 'echo delete_tag_template_field']
[2021-09-27 14:08:11,736] {subprocess.py:74} INFO - Output:
[2021-09-27 14:08:11,738] {subprocess.py:78} INFO - delete_tag_template_field
[2021-09-27 14:08:11,740] {subprocess.py:82} INFO - Command exited with return code 0
[2021-09-27 14:08:11,784] {taskinstance.py:1219} INFO - Marking task as SUCCESS. dag_id=example_complex, task_id=delete_tag_template_field, execution_date=20210927T140640, start_date=20210927T140811, end_date=20210927T140811
[2021-09-27 14:08:11,852] {local_task_job.py:151} INFO - Task exited with return code 0
[2021-09-27 14:08:11,904] {local_task_job.py:261} INFO - 1 downstream tasks scheduled from follow-on schedule check
