[2021-09-27 14:07:02,810] {taskinstance.py:903} INFO - Dependencies all met for <TaskInstance: example_complex.lookup_entry 2021-09-27T14:06:40.788506+00:00 [queued]>
[2021-09-27 14:07:02,825] {taskinstance.py:903} INFO - Dependencies all met for <TaskInstance: example_complex.lookup_entry 2021-09-27T14:06:40.788506+00:00 [queued]>
[2021-09-27 14:07:02,827] {taskinstance.py:1095} INFO - 
--------------------------------------------------------------------------------
[2021-09-27 14:07:02,831] {taskinstance.py:1096} INFO - Starting attempt 1 of 1
[2021-09-27 14:07:02,834] {taskinstance.py:1097} INFO - 
--------------------------------------------------------------------------------
[2021-09-27 14:07:02,853] {taskinstance.py:1115} INFO - Executing <Task(BashOperator): lookup_entry> on 2021-09-27T14:06:40.788506+00:00
[2021-09-27 14:07:02,858] {standard_task_runner.py:52} INFO - Started process 2016 to run task
[2021-09-27 14:07:02,865] {standard_task_runner.py:76} INFO - Running: ['***', 'tasks', 'run', 'example_complex', 'lookup_entry', '2021-09-27T14:06:40.788506+00:00', '--job-id', '10', '--pool', 'default_pool', '--raw', '--subdir', '/home/***/.local/lib/python3.6/site-packages/***/example_dags/example_complex.py', '--cfg-path', '/tmp/tmp5540c4by', '--error-file', '/tmp/tmp7rqzo9k1']
[2021-09-27 14:07:02,869] {standard_task_runner.py:77} INFO - Job 10: Subtask lookup_entry
[2021-09-27 14:07:02,931] {logging_mixin.py:109} INFO - Running <TaskInstance: example_complex.lookup_entry 2021-09-27T14:06:40.788506+00:00 [running]> on host 77d12c45e78e
[2021-09-27 14:07:03,003] {taskinstance.py:1254} INFO - Exporting the following env vars:
AIRFLOW_CTX_DAG_OWNER=***
AIRFLOW_CTX_DAG_ID=example_complex
AIRFLOW_CTX_TASK_ID=lookup_entry
AIRFLOW_CTX_EXECUTION_DATE=2021-09-27T14:06:40.788506+00:00
AIRFLOW_CTX_DAG_RUN_ID=manual__2021-09-27T14:06:40.788506+00:00
[2021-09-27 14:07:03,006] {subprocess.py:52} INFO - Tmp dir root location: 
 /tmp
[2021-09-27 14:07:03,008] {subprocess.py:63} INFO - Running command: ['bash', '-c', 'echo lookup_entry']
[2021-09-27 14:07:03,018] {subprocess.py:74} INFO - Output:
[2021-09-27 14:07:03,019] {subprocess.py:78} INFO - lookup_entry
[2021-09-27 14:07:03,020] {subprocess.py:82} INFO - Command exited with return code 0
[2021-09-27 14:07:03,071] {taskinstance.py:1219} INFO - Marking task as SUCCESS. dag_id=example_complex, task_id=lookup_entry, execution_date=20210927T140640, start_date=20210927T140702, end_date=20210927T140703
[2021-09-27 14:07:03,121] {local_task_job.py:151} INFO - Task exited with return code 0
[2021-09-27 14:07:03,165] {local_task_job.py:261} INFO - 1 downstream tasks scheduled from follow-on schedule check
