[2021-09-28 00:48:43,888] {taskinstance.py:903} INFO - Dependencies all met for <TaskInstance: example_bash_operator.runme_2 2021-09-27T00:00:00+00:00 [queued]>
[2021-09-28 00:48:44,051] {taskinstance.py:903} INFO - Dependencies all met for <TaskInstance: example_bash_operator.runme_2 2021-09-27T00:00:00+00:00 [queued]>
[2021-09-28 00:48:44,063] {taskinstance.py:1095} INFO - 
--------------------------------------------------------------------------------
[2021-09-28 00:48:44,064] {taskinstance.py:1096} INFO - Starting attempt 1 of 1
[2021-09-28 00:48:44,066] {taskinstance.py:1097} INFO - 
--------------------------------------------------------------------------------
[2021-09-28 00:48:44,187] {taskinstance.py:1115} INFO - Executing <Task(BashOperator): runme_2> on 2021-09-27T00:00:00+00:00
[2021-09-28 00:48:44,229] {standard_task_runner.py:52} INFO - Started process 25483 to run task
[2021-09-28 00:48:44,283] {standard_task_runner.py:76} INFO - Running: ['***', 'tasks', 'run', 'example_bash_operator', 'runme_2', '2021-09-27T00:00:00+00:00', '--job-id', '99', '--pool', 'default_pool', '--raw', '--subdir', '/home/***/.local/lib/python3.6/site-packages/***/example_dags/example_bash_operator.py', '--cfg-path', '/tmp/tmp9etac5xh', '--error-file', '/tmp/tmpt90g_opu']
[2021-09-28 00:48:44,382] {standard_task_runner.py:77} INFO - Job 99: Subtask runme_2
[2021-09-28 00:48:44,799] {logging_mixin.py:109} INFO - Running <TaskInstance: example_bash_operator.runme_2 2021-09-27T00:00:00+00:00 [running]> on host 7c1d2d2abdb5
[2021-09-28 00:48:45,136] {taskinstance.py:1254} INFO - Exporting the following env vars:
AIRFLOW_CTX_DAG_OWNER=***
AIRFLOW_CTX_DAG_ID=example_bash_operator
AIRFLOW_CTX_TASK_ID=runme_2
AIRFLOW_CTX_EXECUTION_DATE=2021-09-27T00:00:00+00:00
AIRFLOW_CTX_DAG_RUN_ID=scheduled__2021-09-27T00:00:00+00:00
[2021-09-28 00:48:45,143] {subprocess.py:52} INFO - Tmp dir root location: 
 /tmp
[2021-09-28 00:48:45,159] {subprocess.py:63} INFO - Running command: ['bash', '-c', 'echo "example_bash_operator__runme_2__20210927" && sleep 1']
[2021-09-28 00:48:45,346] {subprocess.py:74} INFO - Output:
[2021-09-28 00:48:45,367] {subprocess.py:78} INFO - example_bash_operator__runme_2__20210927
[2021-09-28 00:48:46,401] {subprocess.py:82} INFO - Command exited with return code 0
[2021-09-28 00:48:46,449] {taskinstance.py:1219} INFO - Marking task as SUCCESS. dag_id=example_bash_operator, task_id=runme_2, execution_date=20210927T000000, start_date=20210928T004843, end_date=20210928T004846
[2021-09-28 00:48:46,482] {local_task_job.py:151} INFO - Task exited with return code 0
[2021-09-28 00:48:46,579] {local_task_job.py:261} INFO - 0 downstream tasks scheduled from follow-on schedule check
