[2021-09-27 14:10:48,375] {taskinstance.py:903} INFO - Dependencies all met for <TaskInstance: example_bash_operator.also_run_this 2021-09-27T14:10:11.711439+00:00 [queued]>
[2021-09-27 14:10:48,394] {taskinstance.py:903} INFO - Dependencies all met for <TaskInstance: example_bash_operator.also_run_this 2021-09-27T14:10:11.711439+00:00 [queued]>
[2021-09-27 14:10:48,396] {taskinstance.py:1095} INFO - 
--------------------------------------------------------------------------------
[2021-09-27 14:10:48,397] {taskinstance.py:1096} INFO - Starting attempt 1 of 1
[2021-09-27 14:10:48,397] {taskinstance.py:1097} INFO - 
--------------------------------------------------------------------------------
[2021-09-27 14:10:48,406] {taskinstance.py:1115} INFO - Executing <Task(BashOperator): also_run_this> on 2021-09-27T14:10:11.711439+00:00
[2021-09-27 14:10:48,409] {standard_task_runner.py:52} INFO - Started process 2687 to run task
[2021-09-27 14:10:48,414] {standard_task_runner.py:76} INFO - Running: ['***', 'tasks', 'run', 'example_bash_operator', 'also_run_this', '2021-09-27T14:10:11.711439+00:00', '--job-id', '48', '--pool', 'default_pool', '--raw', '--subdir', '/home/***/.local/lib/python3.6/site-packages/***/example_dags/example_bash_operator.py', '--cfg-path', '/tmp/tmpozz30o6u', '--error-file', '/tmp/tmpdc8hn4d7']
[2021-09-27 14:10:48,416] {standard_task_runner.py:77} INFO - Job 48: Subtask also_run_this
[2021-09-27 14:10:48,470] {logging_mixin.py:109} INFO - Running <TaskInstance: example_bash_operator.also_run_this 2021-09-27T14:10:11.711439+00:00 [running]> on host 77d12c45e78e
[2021-09-27 14:10:48,543] {taskinstance.py:1254} INFO - Exporting the following env vars:
AIRFLOW_CTX_DAG_OWNER=***
AIRFLOW_CTX_DAG_ID=example_bash_operator
AIRFLOW_CTX_TASK_ID=also_run_this
AIRFLOW_CTX_EXECUTION_DATE=2021-09-27T14:10:11.711439+00:00
AIRFLOW_CTX_DAG_RUN_ID=manual__2021-09-27T14:10:11.711439+00:00
[2021-09-27 14:10:48,545] {subprocess.py:52} INFO - Tmp dir root location: 
 /tmp
[2021-09-27 14:10:48,548] {subprocess.py:63} INFO - Running command: ['bash', '-c', 'echo "run_id=manual__2021-09-27T14:10:11.711439+00:00 | dag_run=<DagRun example_bash_operator @ 2021-09-27 14:10:11.711439+00:00: manual__2021-09-27T14:10:11.711439+00:00, externally triggered: True>"']
[2021-09-27 14:10:48,556] {subprocess.py:74} INFO - Output:
[2021-09-27 14:10:48,557] {subprocess.py:78} INFO - run_id=manual__2021-09-27T14:10:11.711439+00:00 | dag_run=<DagRun example_bash_operator @ 2021-09-27 14:10:11.711439+00:00: manual__2021-09-27T14:10:11.711439+00:00, externally triggered: True>
[2021-09-27 14:10:48,558] {subprocess.py:82} INFO - Command exited with return code 0
[2021-09-27 14:10:48,595] {taskinstance.py:1219} INFO - Marking task as SUCCESS. dag_id=example_bash_operator, task_id=also_run_this, execution_date=20210927T141011, start_date=20210927T141048, end_date=20210927T141048
[2021-09-27 14:10:48,630] {local_task_job.py:151} INFO - Task exited with return code 0
[2021-09-27 14:10:48,665] {local_task_job.py:261} INFO - 0 downstream tasks scheduled from follow-on schedule check
