[2021-09-27 14:07:00,308] {taskinstance.py:903} INFO - Dependencies all met for <TaskInstance: example_complex.get_entry 2021-09-27T14:06:40.788506+00:00 [queued]>
[2021-09-27 14:07:00,331] {taskinstance.py:903} INFO - Dependencies all met for <TaskInstance: example_complex.get_entry 2021-09-27T14:06:40.788506+00:00 [queued]>
[2021-09-27 14:07:00,333] {taskinstance.py:1095} INFO - 
--------------------------------------------------------------------------------
[2021-09-27 14:07:00,334] {taskinstance.py:1096} INFO - Starting attempt 1 of 1
[2021-09-27 14:07:00,335] {taskinstance.py:1097} INFO - 
--------------------------------------------------------------------------------
[2021-09-27 14:07:00,354] {taskinstance.py:1115} INFO - Executing <Task(BashOperator): get_entry> on 2021-09-27T14:06:40.788506+00:00
[2021-09-27 14:07:00,359] {standard_task_runner.py:52} INFO - Started process 2008 to run task
[2021-09-27 14:07:00,364] {standard_task_runner.py:76} INFO - Running: ['***', 'tasks', 'run', 'example_complex', 'get_entry', '2021-09-27T14:06:40.788506+00:00', '--job-id', '9', '--pool', 'default_pool', '--raw', '--subdir', '/home/***/.local/lib/python3.6/site-packages/***/example_dags/example_complex.py', '--cfg-path', '/tmp/tmppjqad1lv', '--error-file', '/tmp/tmp1viwji9i']
[2021-09-27 14:07:00,368] {standard_task_runner.py:77} INFO - Job 9: Subtask get_entry
[2021-09-27 14:07:00,438] {logging_mixin.py:109} INFO - Running <TaskInstance: example_complex.get_entry 2021-09-27T14:06:40.788506+00:00 [running]> on host 77d12c45e78e
[2021-09-27 14:07:00,512] {taskinstance.py:1254} INFO - Exporting the following env vars:
AIRFLOW_CTX_DAG_OWNER=***
AIRFLOW_CTX_DAG_ID=example_complex
AIRFLOW_CTX_TASK_ID=get_entry
AIRFLOW_CTX_EXECUTION_DATE=2021-09-27T14:06:40.788506+00:00
AIRFLOW_CTX_DAG_RUN_ID=manual__2021-09-27T14:06:40.788506+00:00
[2021-09-27 14:07:00,514] {subprocess.py:52} INFO - Tmp dir root location: 
 /tmp
[2021-09-27 14:07:00,516] {subprocess.py:63} INFO - Running command: ['bash', '-c', 'echo get_entry']
[2021-09-27 14:07:00,526] {subprocess.py:74} INFO - Output:
[2021-09-27 14:07:00,528] {subprocess.py:78} INFO - get_entry
[2021-09-27 14:07:00,529] {subprocess.py:82} INFO - Command exited with return code 0
[2021-09-27 14:07:00,569] {taskinstance.py:1219} INFO - Marking task as SUCCESS. dag_id=example_complex, task_id=get_entry, execution_date=20210927T140640, start_date=20210927T140700, end_date=20210927T140700
[2021-09-27 14:07:00,624] {local_task_job.py:151} INFO - Task exited with return code 0
[2021-09-27 14:07:00,662] {local_task_job.py:261} INFO - 1 downstream tasks scheduled from follow-on schedule check
