[2021-09-27 17:48:24,335] {taskinstance.py:903} INFO - Dependencies all met for <TaskInstance: my_dag.echo_hello 2021-09-27T17:00:00+00:00 [queued]>
[2021-09-27 17:48:24,473] {taskinstance.py:903} INFO - Dependencies all met for <TaskInstance: my_dag.echo_hello 2021-09-27T17:00:00+00:00 [queued]>
[2021-09-27 17:48:24,475] {taskinstance.py:1095} INFO - 
--------------------------------------------------------------------------------
[2021-09-27 17:48:24,476] {taskinstance.py:1096} INFO - Starting attempt 1 of 1
[2021-09-27 17:48:24,478] {taskinstance.py:1097} INFO - 
--------------------------------------------------------------------------------
[2021-09-27 17:48:24,564] {taskinstance.py:1115} INFO - Executing <Task(BashOperator): echo_hello> on 2021-09-27T17:00:00+00:00
[2021-09-27 17:48:24,589] {standard_task_runner.py:52} INFO - Started process 24677 to run task
[2021-09-27 17:48:24,657] {standard_task_runner.py:76} INFO - Running: ['***', 'tasks', 'run', 'my_dag', 'echo_hello', '2021-09-27T17:00:00+00:00', '--job-id', '85', '--pool', 'default_pool', '--raw', '--subdir', 'DAGS_FOLDER/my_dag.py', '--cfg-path', '/tmp/tmpqmpjf8fb', '--error-file', '/tmp/tmprf0r32hf']
[2021-09-27 17:48:24,733] {standard_task_runner.py:77} INFO - Job 85: Subtask echo_hello
[2021-09-27 17:48:25,014] {logging_mixin.py:109} INFO - Running <TaskInstance: my_dag.echo_hello 2021-09-27T17:00:00+00:00 [running]> on host 7c1d2d2abdb5
[2021-09-27 17:48:25,294] {taskinstance.py:1254} INFO - Exporting the following env vars:
AIRFLOW_CTX_DAG_OWNER=Veerawat
AIRFLOW_CTX_DAG_ID=my_dag
AIRFLOW_CTX_TASK_ID=echo_hello
AIRFLOW_CTX_EXECUTION_DATE=2021-09-27T17:00:00+00:00
AIRFLOW_CTX_DAG_RUN_ID=scheduled__2021-09-27T17:00:00+00:00
[2021-09-27 17:48:25,300] {subprocess.py:52} INFO - Tmp dir root location: 
 /tmp
[2021-09-27 17:48:25,307] {subprocess.py:63} INFO - Running command: ['bash', '-c', "echo 'hello'"]
[2021-09-27 17:48:25,355] {subprocess.py:74} INFO - Output:
[2021-09-27 17:48:25,363] {subprocess.py:78} INFO - hello
[2021-09-27 17:48:25,369] {subprocess.py:82} INFO - Command exited with return code 0
[2021-09-27 17:48:25,504] {taskinstance.py:1219} INFO - Marking task as SUCCESS. dag_id=my_dag, task_id=echo_hello, execution_date=20210927T170000, start_date=20210927T174824, end_date=20210927T174825
[2021-09-27 17:48:25,680] {local_task_job.py:151} INFO - Task exited with return code 0
[2021-09-27 17:48:25,816] {local_task_job.py:261} INFO - 1 downstream tasks scheduled from follow-on schedule check
