[2021-09-27 14:08:06,257] {taskinstance.py:903} INFO - Dependencies all met for <TaskInstance: example_complex.list_tags_result 2021-09-27T14:06:40.788506+00:00 [queued]>
[2021-09-27 14:08:06,282] {taskinstance.py:903} INFO - Dependencies all met for <TaskInstance: example_complex.list_tags_result 2021-09-27T14:06:40.788506+00:00 [queued]>
[2021-09-27 14:08:06,283] {taskinstance.py:1095} INFO - 
--------------------------------------------------------------------------------
[2021-09-27 14:08:06,284] {taskinstance.py:1096} INFO - Starting attempt 1 of 1
[2021-09-27 14:08:06,285] {taskinstance.py:1097} INFO - 
--------------------------------------------------------------------------------
[2021-09-27 14:08:06,297] {taskinstance.py:1115} INFO - Executing <Task(BashOperator): list_tags_result> on 2021-09-27T14:06:40.788506+00:00
[2021-09-27 14:08:06,301] {standard_task_runner.py:52} INFO - Started process 2280 to run task
[2021-09-27 14:08:06,305] {standard_task_runner.py:76} INFO - Running: ['***', 'tasks', 'run', 'example_complex', 'list_tags_result', '2021-09-27T14:06:40.788506+00:00', '--job-id', '34', '--pool', 'default_pool', '--raw', '--subdir', '/home/***/.local/lib/python3.6/site-packages/***/example_dags/example_complex.py', '--cfg-path', '/tmp/tmpxb8z5s0j', '--error-file', '/tmp/tmpslht03_r']
[2021-09-27 14:08:06,308] {standard_task_runner.py:77} INFO - Job 34: Subtask list_tags_result
[2021-09-27 14:08:06,362] {logging_mixin.py:109} INFO - Running <TaskInstance: example_complex.list_tags_result 2021-09-27T14:06:40.788506+00:00 [running]> on host 77d12c45e78e
[2021-09-27 14:08:06,435] {taskinstance.py:1254} INFO - Exporting the following env vars:
AIRFLOW_CTX_DAG_OWNER=***
AIRFLOW_CTX_DAG_ID=example_complex
AIRFLOW_CTX_TASK_ID=list_tags_result
AIRFLOW_CTX_EXECUTION_DATE=2021-09-27T14:06:40.788506+00:00
AIRFLOW_CTX_DAG_RUN_ID=manual__2021-09-27T14:06:40.788506+00:00
[2021-09-27 14:08:06,437] {subprocess.py:52} INFO - Tmp dir root location: 
 /tmp
[2021-09-27 14:08:06,439] {subprocess.py:63} INFO - Running command: ['bash', '-c', 'echo list_tags_result']
[2021-09-27 14:08:06,447] {subprocess.py:74} INFO - Output:
[2021-09-27 14:08:06,448] {subprocess.py:78} INFO - list_tags_result
[2021-09-27 14:08:06,449] {subprocess.py:82} INFO - Command exited with return code 0
[2021-09-27 14:08:06,488] {taskinstance.py:1219} INFO - Marking task as SUCCESS. dag_id=example_complex, task_id=list_tags_result, execution_date=20210927T140640, start_date=20210927T140806, end_date=20210927T140806
[2021-09-27 14:08:06,521] {local_task_job.py:151} INFO - Task exited with return code 0
[2021-09-27 14:08:06,553] {local_task_job.py:261} INFO - 0 downstream tasks scheduled from follow-on schedule check
