[2021-09-27 14:07:20,646] {taskinstance.py:903} INFO - Dependencies all met for <TaskInstance: example_complex.update_tag_template 2021-09-27T14:06:40.788506+00:00 [queued]>
[2021-09-27 14:07:20,662] {taskinstance.py:903} INFO - Dependencies all met for <TaskInstance: example_complex.update_tag_template 2021-09-27T14:06:40.788506+00:00 [queued]>
[2021-09-27 14:07:20,663] {taskinstance.py:1095} INFO - 
--------------------------------------------------------------------------------
[2021-09-27 14:07:20,664] {taskinstance.py:1096} INFO - Starting attempt 1 of 1
[2021-09-27 14:07:20,665] {taskinstance.py:1097} INFO - 
--------------------------------------------------------------------------------
[2021-09-27 14:07:20,684] {taskinstance.py:1115} INFO - Executing <Task(BashOperator): update_tag_template> on 2021-09-27T14:06:40.788506+00:00
[2021-09-27 14:07:20,688] {standard_task_runner.py:52} INFO - Started process 2087 to run task
[2021-09-27 14:07:20,694] {standard_task_runner.py:76} INFO - Running: ['***', 'tasks', 'run', 'example_complex', 'update_tag_template', '2021-09-27T14:06:40.788506+00:00', '--job-id', '17', '--pool', 'default_pool', '--raw', '--subdir', '/home/***/.local/lib/python3.6/site-packages/***/example_dags/example_complex.py', '--cfg-path', '/tmp/tmpajf1i7zr', '--error-file', '/tmp/tmpsheuaxub']
[2021-09-27 14:07:20,698] {standard_task_runner.py:77} INFO - Job 17: Subtask update_tag_template
[2021-09-27 14:07:20,758] {logging_mixin.py:109} INFO - Running <TaskInstance: example_complex.update_tag_template 2021-09-27T14:06:40.788506+00:00 [running]> on host 77d12c45e78e
[2021-09-27 14:07:20,822] {taskinstance.py:1254} INFO - Exporting the following env vars:
AIRFLOW_CTX_DAG_OWNER=***
AIRFLOW_CTX_DAG_ID=example_complex
AIRFLOW_CTX_TASK_ID=update_tag_template
AIRFLOW_CTX_EXECUTION_DATE=2021-09-27T14:06:40.788506+00:00
AIRFLOW_CTX_DAG_RUN_ID=manual__2021-09-27T14:06:40.788506+00:00
[2021-09-27 14:07:20,824] {subprocess.py:52} INFO - Tmp dir root location: 
 /tmp
[2021-09-27 14:07:20,826] {subprocess.py:63} INFO - Running command: ['bash', '-c', 'echo update_tag_template']
[2021-09-27 14:07:20,836] {subprocess.py:74} INFO - Output:
[2021-09-27 14:07:20,838] {subprocess.py:78} INFO - update_tag_template
[2021-09-27 14:07:20,839] {subprocess.py:82} INFO - Command exited with return code 0
[2021-09-27 14:07:20,877] {taskinstance.py:1219} INFO - Marking task as SUCCESS. dag_id=example_complex, task_id=update_tag_template, execution_date=20210927T140640, start_date=20210927T140720, end_date=20210927T140720
[2021-09-27 14:07:20,911] {local_task_job.py:151} INFO - Task exited with return code 0
[2021-09-27 14:07:20,952] {local_task_job.py:261} INFO - 0 downstream tasks scheduled from follow-on schedule check
