[2021-09-27 14:11:14,307] {taskinstance.py:903} INFO - Dependencies all met for <TaskInstance: example_bash_operator.run_after_loop 2021-09-26T00:00:00+00:00 [queued]>
[2021-09-27 14:11:14,324] {taskinstance.py:903} INFO - Dependencies all met for <TaskInstance: example_bash_operator.run_after_loop 2021-09-26T00:00:00+00:00 [queued]>
[2021-09-27 14:11:14,325] {taskinstance.py:1095} INFO - 
--------------------------------------------------------------------------------
[2021-09-27 14:11:14,327] {taskinstance.py:1096} INFO - Starting attempt 1 of 1
[2021-09-27 14:11:14,328] {taskinstance.py:1097} INFO - 
--------------------------------------------------------------------------------
[2021-09-27 14:11:14,350] {taskinstance.py:1115} INFO - Executing <Task(BashOperator): run_after_loop> on 2021-09-26T00:00:00+00:00
[2021-09-27 14:11:14,353] {standard_task_runner.py:52} INFO - Started process 2789 to run task
[2021-09-27 14:11:14,357] {standard_task_runner.py:76} INFO - Running: ['***', 'tasks', 'run', 'example_bash_operator', 'run_after_loop', '2021-09-26T00:00:00+00:00', '--job-id', '57', '--pool', 'default_pool', '--raw', '--subdir', '/home/***/.local/lib/python3.6/site-packages/***/example_dags/example_bash_operator.py', '--cfg-path', '/tmp/tmpak7mm5t9', '--error-file', '/tmp/tmp7_4gq39n']
[2021-09-27 14:11:14,360] {standard_task_runner.py:77} INFO - Job 57: Subtask run_after_loop
[2021-09-27 14:11:14,433] {logging_mixin.py:109} INFO - Running <TaskInstance: example_bash_operator.run_after_loop 2021-09-26T00:00:00+00:00 [running]> on host 77d12c45e78e
[2021-09-27 14:11:14,547] {taskinstance.py:1254} INFO - Exporting the following env vars:
AIRFLOW_CTX_DAG_OWNER=***
AIRFLOW_CTX_DAG_ID=example_bash_operator
AIRFLOW_CTX_TASK_ID=run_after_loop
AIRFLOW_CTX_EXECUTION_DATE=2021-09-26T00:00:00+00:00
AIRFLOW_CTX_DAG_RUN_ID=scheduled__2021-09-26T00:00:00+00:00
[2021-09-27 14:11:14,550] {subprocess.py:52} INFO - Tmp dir root location: 
 /tmp
[2021-09-27 14:11:14,554] {subprocess.py:63} INFO - Running command: ['bash', '-c', 'echo 1']
[2021-09-27 14:11:14,567] {subprocess.py:74} INFO - Output:
[2021-09-27 14:11:14,570] {subprocess.py:78} INFO - 1
[2021-09-27 14:11:14,573] {subprocess.py:82} INFO - Command exited with return code 0
[2021-09-27 14:11:14,641] {taskinstance.py:1219} INFO - Marking task as SUCCESS. dag_id=example_bash_operator, task_id=run_after_loop, execution_date=20210926T000000, start_date=20210927T141114, end_date=20210927T141114
[2021-09-27 14:11:14,697] {local_task_job.py:151} INFO - Task exited with return code 0
[2021-09-27 14:11:14,739] {local_task_job.py:261} INFO - 0 downstream tasks scheduled from follow-on schedule check
