[2021-09-27 14:53:19,885] {taskinstance.py:903} INFO - Dependencies all met for <TaskInstance: my_dag.echo_hello 2021-09-27T14:53:18.031545+00:00 [queued]>
[2021-09-27 14:53:19,907] {taskinstance.py:903} INFO - Dependencies all met for <TaskInstance: my_dag.echo_hello 2021-09-27T14:53:18.031545+00:00 [queued]>
[2021-09-27 14:53:19,909] {taskinstance.py:1095} INFO - 
--------------------------------------------------------------------------------
[2021-09-27 14:53:19,910] {taskinstance.py:1096} INFO - Starting attempt 1 of 1
[2021-09-27 14:53:19,912] {taskinstance.py:1097} INFO - 
--------------------------------------------------------------------------------
[2021-09-27 14:53:19,926] {taskinstance.py:1115} INFO - Executing <Task(BashOperator): echo_hello> on 2021-09-27T14:53:18.031545+00:00
[2021-09-27 14:53:19,930] {standard_task_runner.py:52} INFO - Started process 15061 to run task
[2021-09-27 14:53:19,936] {standard_task_runner.py:76} INFO - Running: ['***', 'tasks', 'run', 'my_dag', 'echo_hello', '2021-09-27T14:53:18.031545+00:00', '--job-id', '66', '--pool', 'default_pool', '--raw', '--subdir', 'DAGS_FOLDER/my_dag.py', '--cfg-path', '/tmp/tmptihxqhma', '--error-file', '/tmp/tmpny7iz5l6']
[2021-09-27 14:53:19,941] {standard_task_runner.py:77} INFO - Job 66: Subtask echo_hello
[2021-09-27 14:53:20,022] {logging_mixin.py:109} INFO - Running <TaskInstance: my_dag.echo_hello 2021-09-27T14:53:18.031545+00:00 [running]> on host 7c1d2d2abdb5
[2021-09-27 14:53:20,112] {taskinstance.py:1254} INFO - Exporting the following env vars:
AIRFLOW_CTX_DAG_OWNER=Veerawat
AIRFLOW_CTX_DAG_ID=my_dag
AIRFLOW_CTX_TASK_ID=echo_hello
AIRFLOW_CTX_EXECUTION_DATE=2021-09-27T14:53:18.031545+00:00
AIRFLOW_CTX_DAG_RUN_ID=manual__2021-09-27T14:53:18.031545+00:00
[2021-09-27 14:53:20,115] {subprocess.py:52} INFO - Tmp dir root location: 
 /tmp
[2021-09-27 14:53:20,117] {subprocess.py:63} INFO - Running command: ['bash', '-c', "echo 'hello'"]
[2021-09-27 14:53:20,127] {subprocess.py:74} INFO - Output:
[2021-09-27 14:53:20,128] {subprocess.py:78} INFO - hello
[2021-09-27 14:53:20,130] {subprocess.py:82} INFO - Command exited with return code 0
[2021-09-27 14:53:20,199] {taskinstance.py:1219} INFO - Marking task as SUCCESS. dag_id=my_dag, task_id=echo_hello, execution_date=20210927T145318, start_date=20210927T145319, end_date=20210927T145320
[2021-09-27 14:53:20,269] {local_task_job.py:151} INFO - Task exited with return code 0
[2021-09-27 14:53:20,326] {local_task_job.py:261} INFO - 0 downstream tasks scheduled from follow-on schedule check
